-------------------------START-------------------------22-03-2017 10:32:48
Page :index.aspx
----------------------------------------------------
Stack Trace :   at Campco.Common.index.Page_Load(Object sender, EventArgs e) in D:\TFS_Projects\Campco\Campco\Common\index.aspx.cs:line 74
----------------------------------------------------
System.NullReferenceException: Object reference not set to an instance of an object.
   at Campco.Common.index.Page_Load(Object sender, EventArgs e) in D:\TFS_Projects\Campco\Campco\Common\index.aspx.cs:line 74
-------------------------END-------------------------22-03-2017 10:32:48
----------------------------------------------------
-------------------------START-------------------------22-03-2017 10:35:24
Page :index.aspx
----------------------------------------------------
Event :
----------------------------------------------------
Stack Trace :   at System.Threading.Thread.AbortInternal()
   at System.Threading.Thread.Abort(Object stateInfo)
   at System.Web.HttpResponse.AbortCurrentThread()
   at System.Web.HttpResponse.End()
   at System.Web.HttpResponse.Redirect(String url, Boolean endResponse, Boolean permanent)
   at System.Web.HttpResponse.Redirect(String url)
   at Campco.Common.CampcoCommon.lnkSinIn_Click(Object sender, EventArgs e) in D:\TFS_Projects\Campco\Campco\Common\CampcoCommon.Master.cs:line 249
----------------------------------------------------
System.Threading.ThreadAbortException: Thread was being aborted.
   at System.Threading.Thread.AbortInternal()
   at System.Threading.Thread.Abort(Object stateInfo)
   at System.Web.HttpResponse.AbortCurrentThread()
   at System.Web.HttpResponse.End()
   at System.Web.HttpResponse.Redirect(String url, Boolean endResponse, Boolean permanent)
   at System.Web.HttpResponse.Redirect(String url)
   at Campco.Common.CampcoCommon.lnkSinIn_Click(Object sender, EventArgs e) in D:\TFS_Projects\Campco\Campco\Common\CampcoCommon.Master.cs:line 249
-------------------------END-------------------------22-03-2017 10:35:24
----------------------------------------------------
-------------------------START-------------------------22-03-2017 10:40:19
Page :index.aspx
----------------------------------------------------
Event :
----------------------------------------------------
Stack Trace :   at System.Threading.Thread.AbortInternal()
   at System.Threading.Thread.Abort(Object stateInfo)
   at System.Web.HttpResponse.AbortCurrentThread()
   at System.Web.HttpResponse.End()
   at System.Web.HttpResponse.Redirect(String url, Boolean endResponse, Boolean permanent)
   at System.Web.HttpResponse.Redirect(String url)
   at Campco.Common.CampcoCommon.lnkSignout_Click(Object sender, EventArgs e) in D:\TFS_Projects\Campco\Campco\Common\CampcoCommon.Master.cs:line 270
----------------------------------------------------
System.Threading.ThreadAbortException: Thread was being aborted.
   at System.Threading.Thread.AbortInternal()
   at System.Threading.Thread.Abort(Object stateInfo)
   at System.Web.HttpResponse.AbortCurrentThread()
   at System.Web.HttpResponse.End()
   at System.Web.HttpResponse.Redirect(String url, Boolean endResponse, Boolean permanent)
   at System.Web.HttpResponse.Redirect(String url)
   at Campco.Common.CampcoCommon.lnkSignout_Click(Object sender, EventArgs e) in D:\TFS_Projects\Campco\Campco\Common\CampcoCommon.Master.cs:line 270
-------------------------END-------------------------22-03-2017 10:40:19
----------------------------------------------------
-------------------------START-------------------------22-03-2017 10:40:40
Page :index.aspx
----------------------------------------------------
Event :
----------------------------------------------------
Stack Trace :   at System.Threading.Thread.AbortInternal()
   at System.Threading.Thread.Abort(Object stateInfo)
   at System.Web.HttpResponse.AbortCurrentThread()
   at System.Web.HttpResponse.End()
   at System.Web.HttpResponse.Redirect(String url, Boolean endResponse, Boolean permanent)
   at System.Web.HttpResponse.Redirect(String url)
   at Campco.Common.CampcoCommon.lnkSinIn_Click(Object sender, EventArgs e) in D:\TFS_Projects\Campco\Campco\Common\CampcoCommon.Master.cs:line 249
----------------------------------------------------
System.Threading.ThreadAbortException: Thread was being aborted.
   at System.Threading.Thread.AbortInternal()
   at System.Threading.Thread.Abort(Object stateInfo)
   at System.Web.HttpResponse.AbortCurrentThread()
   at System.Web.HttpResponse.End()
   at System.Web.HttpResponse.Redirect(String url, Boolean endResponse, Boolean permanent)
   at System.Web.HttpResponse.Redirect(String url)
   at Campco.Common.CampcoCommon.lnkSinIn_Click(Object sender, EventArgs e) in D:\TFS_Projects\Campco\Campco\Common\CampcoCommon.Master.cs:line 249
-------------------------END-------------------------22-03-2017 10:40:40
----------------------------------------------------
-------------------------START-------------------------22-03-2017 10:41:44
Page :index.aspx
----------------------------------------------------
Event :
----------------------------------------------------
Stack Trace :   at System.Threading.Thread.AbortInternal()
   at System.Threading.Thread.Abort(Object stateInfo)
   at System.Web.HttpResponse.AbortCurrentThread()
   at System.Web.HttpResponse.End()
   at System.Web.HttpResponse.Redirect(String url, Boolean endResponse, Boolean permanent)
   at System.Web.HttpResponse.Redirect(String url)
   at Campco.Common.CampcoCommon.lnkSignout_Click(Object sender, EventArgs e) in D:\TFS_Projects\Campco\Campco\Common\CampcoCommon.Master.cs:line 270
----------------------------------------------------
System.Threading.ThreadAbortException: Thread was being aborted.
   at System.Threading.Thread.AbortInternal()
   at System.Threading.Thread.Abort(Object stateInfo)
   at System.Web.HttpResponse.AbortCurrentThread()
   at System.Web.HttpResponse.End()
   at System.Web.HttpResponse.Redirect(String url, Boolean endResponse, Boolean permanent)
   at System.Web.HttpResponse.Redirect(String url)
   at Campco.Common.CampcoCommon.lnkSignout_Click(Object sender, EventArgs e) in D:\TFS_Projects\Campco\Campco\Common\CampcoCommon.Master.cs:line 270
-------------------------END-------------------------22-03-2017 10:41:44
----------------------------------------------------
-------------------------START-------------------------22-03-2017 10:42:58
Page :index.aspx
----------------------------------------------------
Event :
----------------------------------------------------
Stack Trace :   at System.Threading.Thread.AbortInternal()
   at System.Threading.Thread.Abort(Object stateInfo)
   at System.Web.HttpResponse.AbortCurrentThread()
   at System.Web.HttpResponse.End()
   at System.Web.HttpResponse.Redirect(String url, Boolean endResponse, Boolean permanent)
   at System.Web.HttpResponse.Redirect(String url)
   at Campco.Common.CampcoCommon.lnkSinIn_Click(Object sender, EventArgs e) in D:\TFS_Projects\Campco\Campco\Common\CampcoCommon.Master.cs:line 249
----------------------------------------------------
System.Threading.ThreadAbortException: Thread was being aborted.
   at System.Threading.Thread.AbortInternal()
   at System.Threading.Thread.Abort(Object stateInfo)
   at System.Web.HttpResponse.AbortCurrentThread()
   at System.Web.HttpResponse.End()
   at System.Web.HttpResponse.Redirect(String url, Boolean endResponse, Boolean permanent)
   at System.Web.HttpResponse.Redirect(String url)
   at Campco.Common.CampcoCommon.lnkSinIn_Click(Object sender, EventArgs e) in D:\TFS_Projects\Campco\Campco\Common\CampcoCommon.Master.cs:line 249
-------------------------END-------------------------22-03-2017 10:42:58
----------------------------------------------------
-------------------------START-------------------------22-03-2017 10:43:47
Page :index.aspx
----------------------------------------------------
Event :
----------------------------------------------------
Stack Trace :   at System.Threading.Thread.AbortInternal()
   at System.Threading.Thread.Abort(Object stateInfo)
   at System.Web.HttpResponse.AbortCurrentThread()
   at System.Web.HttpResponse.End()
   at System.Web.HttpResponse.Redirect(String url, Boolean endResponse, Boolean permanent)
   at System.Web.HttpResponse.Redirect(String url)
   at Campco.Common.CampcoCommon.lnkSignout_Click(Object sender, EventArgs e) in D:\TFS_Projects\Campco\Campco\Common\CampcoCommon.Master.cs:line 270
----------------------------------------------------
System.Threading.ThreadAbortException: Thread was being aborted.
   at System.Threading.Thread.AbortInternal()
   at System.Threading.Thread.Abort(Object stateInfo)
   at System.Web.HttpResponse.AbortCurrentThread()
   at System.Web.HttpResponse.End()
   at System.Web.HttpResponse.Redirect(String url, Boolean endResponse, Boolean permanent)
   at System.Web.HttpResponse.Redirect(String url)
   at Campco.Common.CampcoCommon.lnkSignout_Click(Object sender, EventArgs e) in D:\TFS_Projects\Campco\Campco\Common\CampcoCommon.Master.cs:line 270
-------------------------END-------------------------22-03-2017 10:43:47
----------------------------------------------------
-------------------------START-------------------------22-03-2017 10:43:56
Page :index.aspx
----------------------------------------------------
Event :
----------------------------------------------------
Stack Trace :   at System.Threading.Thread.AbortInternal()
   at System.Threading.Thread.Abort(Object stateInfo)
   at System.Web.HttpResponse.AbortCurrentThread()
   at System.Web.HttpResponse.End()
   at System.Web.HttpResponse.Redirect(String url, Boolean endResponse, Boolean permanent)
   at System.Web.HttpResponse.Redirect(String url)
   at Campco.Common.CampcoCommon.lnkSinIn_Click(Object sender, EventArgs e) in D:\TFS_Projects\Campco\Campco\Common\CampcoCommon.Master.cs:line 249
----------------------------------------------------
System.Threading.ThreadAbortException: Thread was being aborted.
   at System.Threading.Thread.AbortInternal()
   at System.Threading.Thread.Abort(Object stateInfo)
   at System.Web.HttpResponse.AbortCurrentThread()
   at System.Web.HttpResponse.End()
   at System.Web.HttpResponse.Redirect(String url, Boolean endResponse, Boolean permanent)
   at System.Web.HttpResponse.Redirect(String url)
   at Campco.Common.CampcoCommon.lnkSinIn_Click(Object sender, EventArgs e) in D:\TFS_Projects\Campco\Campco\Common\CampcoCommon.Master.cs:line 249
-------------------------END-------------------------22-03-2017 10:43:56
----------------------------------------------------
-------------------------START-------------------------22-03-2017 10:45:48
Page :index.aspx
----------------------------------------------------
Event :
----------------------------------------------------
Stack Trace :   at System.Threading.Thread.AbortInternal()
   at System.Threading.Thread.Abort(Object stateInfo)
   at System.Web.HttpResponse.AbortCurrentThread()
   at System.Web.HttpResponse.End()
   at System.Web.HttpResponse.Redirect(String url, Boolean endResponse, Boolean permanent)
   at System.Web.HttpResponse.Redirect(String url)
   at Campco.Common.CampcoCommon.lnkSignout_Click(Object sender, EventArgs e) in D:\TFS_Projects\Campco\Campco\Common\CampcoCommon.Master.cs:line 270
----------------------------------------------------
System.Threading.ThreadAbortException: Thread was being aborted.
   at System.Threading.Thread.AbortInternal()
   at System.Threading.Thread.Abort(Object stateInfo)
   at System.Web.HttpResponse.AbortCurrentThread()
   at System.Web.HttpResponse.End()
   at System.Web.HttpResponse.Redirect(String url, Boolean endResponse, Boolean permanent)
   at System.Web.HttpResponse.Redirect(String url)
   at Campco.Common.CampcoCommon.lnkSignout_Click(Object sender, EventArgs e) in D:\TFS_Projects\Campco\Campco\Common\CampcoCommon.Master.cs:line 270
-------------------------END-------------------------22-03-2017 10:45:48
----------------------------------------------------
-------------------------START-------------------------22-03-2017 10:47:44
Page :index.aspx
----------------------------------------------------
Event :
----------------------------------------------------
Stack Trace :   at System.Threading.Thread.AbortInternal()
   at System.Threading.Thread.Abort(Object stateInfo)
   at System.Web.HttpResponse.AbortCurrentThread()
   at System.Web.HttpResponse.End()
   at System.Web.HttpResponse.Redirect(String url, Boolean endResponse, Boolean permanent)
   at System.Web.HttpResponse.Redirect(String url)
   at Campco.Common.CampcoCommon.lnkSinIn_Click(Object sender, EventArgs e) in D:\TFS_Projects\Campco\Campco\Common\CampcoCommon.Master.cs:line 249
----------------------------------------------------
System.Threading.ThreadAbortException: Thread was being aborted.
   at System.Threading.Thread.AbortInternal()
   at System.Threading.Thread.Abort(Object stateInfo)
   at System.Web.HttpResponse.AbortCurrentThread()
   at System.Web.HttpResponse.End()
   at System.Web.HttpResponse.Redirect(String url, Boolean endResponse, Boolean permanent)
   at System.Web.HttpResponse.Redirect(String url)
   at Campco.Common.CampcoCommon.lnkSinIn_Click(Object sender, EventArgs e) in D:\TFS_Projects\Campco\Campco\Common\CampcoCommon.Master.cs:line 249
-------------------------END-------------------------22-03-2017 10:47:44
----------------------------------------------------
-------------------------START-------------------------22-03-2017 10:48:34
Page :index.aspx
----------------------------------------------------
Event :
----------------------------------------------------
Stack Trace :   at System.Threading.Thread.AbortInternal()
   at System.Threading.Thread.Abort(Object stateInfo)
   at System.Web.HttpResponse.AbortCurrentThread()
   at System.Web.HttpResponse.End()
   at System.Web.HttpResponse.Redirect(String url, Boolean endResponse, Boolean permanent)
   at System.Web.HttpResponse.Redirect(String url)
   at Campco.Common.CampcoCommon.lnkSinIn_Click(Object sender, EventArgs e) in D:\TFS_Projects\Campco\Campco\Common\CampcoCommon.Master.cs:line 249
----------------------------------------------------
System.Threading.ThreadAbortException: Thread was being aborted.
   at System.Threading.Thread.AbortInternal()
   at System.Threading.Thread.Abort(Object stateInfo)
   at System.Web.HttpResponse.AbortCurrentThread()
   at System.Web.HttpResponse.End()
   at System.Web.HttpResponse.Redirect(String url, Boolean endResponse, Boolean permanent)
   at System.Web.HttpResponse.Redirect(String url)
   at Campco.Common.CampcoCommon.lnkSinIn_Click(Object sender, EventArgs e) in D:\TFS_Projects\Campco\Campco\Common\CampcoCommon.Master.cs:line 249
-------------------------END-------------------------22-03-2017 10:48:34
----------------------------------------------------
-------------------------START-------------------------22-03-2017 10:57:05
Page :Login.aspx
----------------------------------------------------
Event :
----------------------------------------------------
Stack Trace :   at Campco.dbUtility.UpdateTempData(String cus_id) in D:\TFS_Projects\Campco\Campco\AppCode\dbUtility.cs:line 2357
   at Campco.Common.Login.VerifyUserLogin() in D:\TFS_Projects\Campco\Campco\Common\Login.aspx.cs:line 128
----------------------------------------------------
System.NullReferenceException: Object reference not set to an instance of an object.
   at Campco.dbUtility.UpdateTempData(String cus_id) in D:\TFS_Projects\Campco\Campco\AppCode\dbUtility.cs:line 2357
   at Campco.Common.Login.VerifyUserLogin() in D:\TFS_Projects\Campco\Campco\Common\Login.aspx.cs:line 128
-------------------------END-------------------------22-03-2017 10:57:05
----------------------------------------------------
-------------------------START-------------------------22-03-2017 10:59:01
Page :index.aspx
----------------------------------------------------
Event :
----------------------------------------------------
Stack Trace :   at System.Threading.Thread.AbortInternal()
   at System.Threading.Thread.Abort(Object stateInfo)
   at System.Web.HttpResponse.AbortCurrentThread()
   at System.Web.HttpResponse.End()
   at System.Web.HttpResponse.Redirect(String url, Boolean endResponse, Boolean permanent)
   at System.Web.HttpResponse.Redirect(String url)
   at Campco.Common.CampcoCommon.lnkSignout_Click(Object sender, EventArgs e) in D:\TFS_Projects\Campco\Campco\Common\CampcoCommon.Master.cs:line 270
----------------------------------------------------
System.Threading.ThreadAbortException: Thread was being aborted.
   at System.Threading.Thread.AbortInternal()
   at System.Threading.Thread.Abort(Object stateInfo)
   at System.Web.HttpResponse.AbortCurrentThread()
   at System.Web.HttpResponse.End()
   at System.Web.HttpResponse.Redirect(String url, Boolean endResponse, Boolean permanent)
   at System.Web.HttpResponse.Redirect(String url)
   at Campco.Common.CampcoCommon.lnkSignout_Click(Object sender, EventArgs e) in D:\TFS_Projects\Campco\Campco\Common\CampcoCommon.Master.cs:line 270
-------------------------END-------------------------22-03-2017 10:59:01
----------------------------------------------------
-------------------------START-------------------------22-03-2017 10:59:22
Page :index.aspx
----------------------------------------------------
Event :
----------------------------------------------------
Stack Trace :   at System.Threading.Thread.AbortInternal()
   at System.Threading.Thread.Abort(Object stateInfo)
   at System.Web.HttpResponse.AbortCurrentThread()
   at System.Web.HttpResponse.End()
   at System.Web.HttpResponse.Redirect(String url, Boolean endResponse, Boolean permanent)
   at System.Web.HttpResponse.Redirect(String url)
   at Campco.Common.CampcoCommon.lnkSinIn_Click(Object sender, EventArgs e) in D:\TFS_Projects\Campco\Campco\Common\CampcoCommon.Master.cs:line 249
----------------------------------------------------
System.Threading.ThreadAbortException: Thread was being aborted.
   at System.Threading.Thread.AbortInternal()
   at System.Threading.Thread.Abort(Object stateInfo)
   at System.Web.HttpResponse.AbortCurrentThread()
   at System.Web.HttpResponse.End()
   at System.Web.HttpResponse.Redirect(String url, Boolean endResponse, Boolean permanent)
   at System.Web.HttpResponse.Redirect(String url)
   at Campco.Common.CampcoCommon.lnkSinIn_Click(Object sender, EventArgs e) in D:\TFS_Projects\Campco\Campco\Common\CampcoCommon.Master.cs:line 249
-------------------------END-------------------------22-03-2017 10:59:22
----------------------------------------------------
-------------------------START-------------------------22-03-2017 11:02:07
Page :index.aspx
----------------------------------------------------
Event :
----------------------------------------------------
Stack Trace :   at System.Threading.Thread.AbortInternal()
   at System.Threading.Thread.Abort(Object stateInfo)
   at System.Web.HttpResponse.AbortCurrentThread()
   at System.Web.HttpResponse.End()
   at System.Web.HttpResponse.Redirect(String url, Boolean endResponse, Boolean permanent)
   at System.Web.HttpResponse.Redirect(String url)
   at Campco.Common.CampcoCommon.lnkSinIn_Click(Object sender, EventArgs e) in D:\TFS_Projects\Campco\Campco\Common\CampcoCommon.Master.cs:line 249
----------------------------------------------------
System.Threading.ThreadAbortException: Thread was being aborted.
   at System.Threading.Thread.AbortInternal()
   at System.Threading.Thread.Abort(Object stateInfo)
   at System.Web.HttpResponse.AbortCurrentThread()
   at System.Web.HttpResponse.End()
   at System.Web.HttpResponse.Redirect(String url, Boolean endResponse, Boolean permanent)
   at System.Web.HttpResponse.Redirect(String url)
   at Campco.Common.CampcoCommon.lnkSinIn_Click(Object sender, EventArgs e) in D:\TFS_Projects\Campco\Campco\Common\CampcoCommon.Master.cs:line 249
-------------------------END-------------------------22-03-2017 11:02:07
----------------------------------------------------
-------------------------START-------------------------22-03-2017 11:03:59
Page :index.aspx
----------------------------------------------------
Event :
----------------------------------------------------
Stack Trace :   at System.Threading.Thread.AbortInternal()
   at System.Threading.Thread.Abort(Object stateInfo)
   at System.Web.HttpResponse.AbortCurrentThread()
   at System.Web.HttpResponse.End()
   at System.Web.HttpResponse.Redirect(String url, Boolean endResponse, Boolean permanent)
   at System.Web.HttpResponse.Redirect(String url)
   at Campco.Common.CampcoCommon.lnkSignout_Click(Object sender, EventArgs e) in D:\TFS_Projects\Campco\Campco\Common\CampcoCommon.Master.cs:line 270
----------------------------------------------------
System.Threading.ThreadAbortException: Thread was being aborted.
   at System.Threading.Thread.AbortInternal()
   at System.Threading.Thread.Abort(Object stateInfo)
   at System.Web.HttpResponse.AbortCurrentThread()
   at System.Web.HttpResponse.End()
   at System.Web.HttpResponse.Redirect(String url, Boolean endResponse, Boolean permanent)
   at System.Web.HttpResponse.Redirect(String url)
   at Campco.Common.CampcoCommon.lnkSignout_Click(Object sender, EventArgs e) in D:\TFS_Projects\Campco\Campco\Common\CampcoCommon.Master.cs:line 270
-------------------------END-------------------------22-03-2017 11:03:59
----------------------------------------------------
-------------------------START-------------------------22-03-2017 11:08:56
Page :index.aspx
----------------------------------------------------
Event :
----------------------------------------------------
Stack Trace :   at System.Threading.Thread.AbortInternal()
   at System.Threading.Thread.Abort(Object stateInfo)
   at System.Web.HttpResponse.AbortCurrentThread()
   at System.Web.HttpResponse.End()
   at System.Web.HttpResponse.Redirect(String url, Boolean endResponse, Boolean permanent)
   at System.Web.HttpResponse.Redirect(String url)
   at Campco.Common.CampcoCommon.lnkSinIn_Click(Object sender, EventArgs e) in D:\TFS_Projects\Campco\Campco\Common\CampcoCommon.Master.cs:line 249
----------------------------------------------------
System.Threading.ThreadAbortException: Thread was being aborted.
   at System.Threading.Thread.AbortInternal()
   at System.Threading.Thread.Abort(Object stateInfo)
   at System.Web.HttpResponse.AbortCurrentThread()
   at System.Web.HttpResponse.End()
   at System.Web.HttpResponse.Redirect(String url, Boolean endResponse, Boolean permanent)
   at System.Web.HttpResponse.Redirect(String url)
   at Campco.Common.CampcoCommon.lnkSinIn_Click(Object sender, EventArgs e) in D:\TFS_Projects\Campco\Campco\Common\CampcoCommon.Master.cs:line 249
-------------------------END-------------------------22-03-2017 11:08:56
----------------------------------------------------
-------------------------START-------------------------22-03-2017 11:16:09
Page :index.aspx
----------------------------------------------------
Event :
----------------------------------------------------
Stack Trace :   at System.Threading.Thread.AbortInternal()
   at System.Threading.Thread.Abort(Object stateInfo)
   at System.Web.HttpResponse.AbortCurrentThread()
   at System.Web.HttpResponse.End()
   at System.Web.HttpResponse.Redirect(String url, Boolean endResponse, Boolean permanent)
   at System.Web.HttpResponse.Redirect(String url)
   at Campco.Common.CampcoCommon.lnkSignout_Click(Object sender, EventArgs e) in D:\TFS_Projects\Campco\Campco\Common\CampcoCommon.Master.cs:line 270
----------------------------------------------------
System.Threading.ThreadAbortException: Thread was being aborted.
   at System.Threading.Thread.AbortInternal()
   at System.Threading.Thread.Abort(Object stateInfo)
   at System.Web.HttpResponse.AbortCurrentThread()
   at System.Web.HttpResponse.End()
   at System.Web.HttpResponse.Redirect(String url, Boolean endResponse, Boolean permanent)
   at System.Web.HttpResponse.Redirect(String url)
   at Campco.Common.CampcoCommon.lnkSignout_Click(Object sender, EventArgs e) in D:\TFS_Projects\Campco\Campco\Common\CampcoCommon.Master.cs:line 270
-------------------------END-------------------------22-03-2017 11:16:09
----------------------------------------------------
-------------------------START-------------------------22-03-2017 11:16:38
Page :index.aspx
----------------------------------------------------
Event :
----------------------------------------------------
Stack Trace :   at System.Threading.Thread.AbortInternal()
   at System.Threading.Thread.Abort(Object stateInfo)
   at System.Web.HttpResponse.AbortCurrentThread()
   at System.Web.HttpResponse.End()
   at System.Web.HttpResponse.Redirect(String url, Boolean endResponse, Boolean permanent)
   at System.Web.HttpResponse.Redirect(String url)
   at Campco.Common.CampcoCommon.lnkSinIn_Click(Object sender, EventArgs e) in D:\TFS_Projects\Campco\Campco\Common\CampcoCommon.Master.cs:line 249
----------------------------------------------------
System.Threading.ThreadAbortException: Thread was being aborted.
   at System.Threading.Thread.AbortInternal()
   at System.Threading.Thread.Abort(Object stateInfo)
   at System.Web.HttpResponse.AbortCurrentThread()
   at System.Web.HttpResponse.End()
   at System.Web.HttpResponse.Redirect(String url, Boolean endResponse, Boolean permanent)
   at System.Web.HttpResponse.Redirect(String url)
   at Campco.Common.CampcoCommon.lnkSinIn_Click(Object sender, EventArgs e) in D:\TFS_Projects\Campco\Campco\Common\CampcoCommon.Master.cs:line 249
-------------------------END-------------------------22-03-2017 11:16:38
----------------------------------------------------
-------------------------START-------------------------22-03-2017 11:34:03
Page :index.aspx
----------------------------------------------------
Event :
----------------------------------------------------
Stack Trace :   at System.Threading.Thread.AbortInternal()
   at System.Threading.Thread.Abort(Object stateInfo)
   at System.Web.HttpResponse.AbortCurrentThread()
   at System.Web.HttpResponse.End()
   at System.Web.HttpResponse.Redirect(String url, Boolean endResponse, Boolean permanent)
   at System.Web.HttpResponse.Redirect(String url)
   at Campco.Common.CampcoCommon.lnkSinIn_Click(Object sender, EventArgs e) in D:\TFS_Projects\Campco\Campco\Common\CampcoCommon.Master.cs:line 243
----------------------------------------------------
System.Threading.ThreadAbortException: Thread was being aborted.
   at System.Threading.Thread.AbortInternal()
   at System.Threading.Thread.Abort(Object stateInfo)
   at System.Web.HttpResponse.AbortCurrentThread()
   at System.Web.HttpResponse.End()
   at System.Web.HttpResponse.Redirect(String url, Boolean endResponse, Boolean permanent)
   at System.Web.HttpResponse.Redirect(String url)
   at Campco.Common.CampcoCommon.lnkSinIn_Click(Object sender, EventArgs e) in D:\TFS_Projects\Campco\Campco\Common\CampcoCommon.Master.cs:line 243
-------------------------END-------------------------22-03-2017 11:34:03
----------------------------------------------------
-------------------------START-------------------------22-03-2017 11:43:03
Page :index.aspx
----------------------------------------------------
Event :
----------------------------------------------------
Stack Trace :   at System.Threading.Thread.AbortInternal()
   at System.Threading.Thread.Abort(Object stateInfo)
   at System.Web.HttpResponse.AbortCurrentThread()
   at System.Web.HttpResponse.End()
   at System.Web.HttpResponse.Redirect(String url, Boolean endResponse, Boolean permanent)
   at System.Web.HttpResponse.Redirect(String url)
   at Campco.Common.CampcoCommon.lnkSinIn_Click(Object sender, EventArgs e) in D:\TFS_Projects\Campco\Campco\Common\CampcoCommon.Master.cs:line 243
----------------------------------------------------
System.Threading.ThreadAbortException: Thread was being aborted.
   at System.Threading.Thread.AbortInternal()
   at System.Threading.Thread.Abort(Object stateInfo)
   at System.Web.HttpResponse.AbortCurrentThread()
   at System.Web.HttpResponse.End()
   at System.Web.HttpResponse.Redirect(String url, Boolean endResponse, Boolean permanent)
   at System.Web.HttpResponse.Redirect(String url)
   at Campco.Common.CampcoCommon.lnkSinIn_Click(Object sender, EventArgs e) in D:\TFS_Projects\Campco\Campco\Common\CampcoCommon.Master.cs:line 243
-------------------------END-------------------------22-03-2017 11:43:03
----------------------------------------------------
-------------------------START-------------------------22-03-2017 11:48:45
Page :cart.aspx
----------------------------------------------------
Event :
----------------------------------------------------
Stack Trace :   at System.Threading.Thread.AbortInternal()
   at System.Threading.Thread.Abort(Object stateInfo)
   at System.Web.HttpResponse.AbortCurrentThread()
   at System.Web.HttpResponse.End()
   at System.Web.HttpResponse.Redirect(String url, Boolean endResponse, Boolean permanent)
   at System.Web.HttpResponse.Redirect(String url)
   at Campco.Common.CampcoCommon.txtSearch_TextChanged(Object sender, EventArgs e) in D:\TFS_Projects\Campco\Campco\Common\CampcoCommon.Master.cs:line 290
----------------------------------------------------
System.Threading.ThreadAbortException: Thread was being aborted.
   at System.Threading.Thread.AbortInternal()
   at System.Threading.Thread.Abort(Object stateInfo)
   at System.Web.HttpResponse.AbortCurrentThread()
   at System.Web.HttpResponse.End()
   at System.Web.HttpResponse.Redirect(String url, Boolean endResponse, Boolean permanent)
   at System.Web.HttpResponse.Redirect(String url)
   at Campco.Common.CampcoCommon.txtSearch_TextChanged(Object sender, EventArgs e) in D:\TFS_Projects\Campco\Campco\Common\CampcoCommon.Master.cs:line 290
-------------------------END-------------------------22-03-2017 11:48:45
----------------------------------------------------
-------------------------START-------------------------22-03-2017 11:50:10
Page :ProductList.aspx
----------------------------------------------------
Event :
----------------------------------------------------
Stack Trace :   at System.Threading.Thread.AbortInternal()
   at System.Threading.Thread.Abort(Object stateInfo)
   at System.Web.HttpResponse.AbortCurrentThread()
   at System.Web.HttpResponse.End()
   at System.Web.HttpResponse.Redirect(String url, Boolean endResponse, Boolean permanent)
   at System.Web.HttpResponse.Redirect(String url)
   at Campco.Common.CampcoCommon.lnkSignout_Click(Object sender, EventArgs e) in D:\TFS_Projects\Campco\Campco\Common\CampcoCommon.Master.cs:line 270
----------------------------------------------------
System.Threading.ThreadAbortException: Thread was being aborted.
   at System.Threading.Thread.AbortInternal()
   at System.Threading.Thread.Abort(Object stateInfo)
   at System.Web.HttpResponse.AbortCurrentThread()
   at System.Web.HttpResponse.End()
   at System.Web.HttpResponse.Redirect(String url, Boolean endResponse, Boolean permanent)
   at System.Web.HttpResponse.Redirect(String url)
   at Campco.Common.CampcoCommon.lnkSignout_Click(Object sender, EventArgs e) in D:\TFS_Projects\Campco\Campco\Common\CampcoCommon.Master.cs:line 270
-------------------------END-------------------------22-03-2017 11:50:10
----------------------------------------------------
-------------------------START-------------------------22-03-2017 11:50:54
Page :index.aspx
----------------------------------------------------
Event :
----------------------------------------------------
Stack Trace :   at System.Threading.Thread.AbortInternal()
   at System.Threading.Thread.Abort(Object stateInfo)
   at System.Web.HttpResponse.AbortCurrentThread()
   at System.Web.HttpResponse.End()
   at System.Web.HttpResponse.Redirect(String url, Boolean endResponse, Boolean permanent)
   at System.Web.HttpResponse.Redirect(String url)
   at Campco.Common.CampcoCommon.lnkSinIn_Click(Object sender, EventArgs e) in D:\TFS_Projects\Campco\Campco\Common\CampcoCommon.Master.cs:line 249
----------------------------------------------------
System.Threading.ThreadAbortException: Thread was being aborted.
   at System.Threading.Thread.AbortInternal()
   at System.Threading.Thread.Abort(Object stateInfo)
   at System.Web.HttpResponse.AbortCurrentThread()
   at System.Web.HttpResponse.End()
   at System.Web.HttpResponse.Redirect(String url, Boolean endResponse, Boolean permanent)
   at System.Web.HttpResponse.Redirect(String url)
   at Campco.Common.CampcoCommon.lnkSinIn_Click(Object sender, EventArgs e) in D:\TFS_Projects\Campco\Campco\Common\CampcoCommon.Master.cs:line 249
-------------------------END-------------------------22-03-2017 11:50:54
----------------------------------------------------
-------------------------START-------------------------22-03-2017 11:54:59
Page :index.aspx
----------------------------------------------------
Event :
----------------------------------------------------
Stack Trace :   at System.Threading.Thread.AbortInternal()
   at System.Threading.Thread.Abort(Object stateInfo)
   at System.Web.HttpResponse.AbortCurrentThread()
   at System.Web.HttpResponse.End()
   at System.Web.HttpResponse.Redirect(String url, Boolean endResponse, Boolean permanent)
   at System.Web.HttpResponse.Redirect(String url)
   at Campco.Common.CampcoCommon.lnkSignout_Click(Object sender, EventArgs e) in D:\TFS_Projects\Campco\Campco\Common\CampcoCommon.Master.cs:line 270
----------------------------------------------------
System.Threading.ThreadAbortException: Thread was being aborted.
   at System.Threading.Thread.AbortInternal()
   at System.Threading.Thread.Abort(Object stateInfo)
   at System.Web.HttpResponse.AbortCurrentThread()
   at System.Web.HttpResponse.End()
   at System.Web.HttpResponse.Redirect(String url, Boolean endResponse, Boolean permanent)
   at System.Web.HttpResponse.Redirect(String url)
   at Campco.Common.CampcoCommon.lnkSignout_Click(Object sender, EventArgs e) in D:\TFS_Projects\Campco\Campco\Common\CampcoCommon.Master.cs:line 270
-------------------------END-------------------------22-03-2017 11:54:59
----------------------------------------------------
-------------------------START-------------------------22-03-2017 12:09:10
Page :thankyou.aspx
----------------------------------------------------
Event :
----------------------------------------------------
Stack Trace :   at Campco.SessionVariable.get_ShipAddress() in D:\TFS_Projects\Campco\Campco\AppCode\SessionVariable.cs:line 481
   at Campco.Common.Thankyou.Page_Load(Object sender, EventArgs e) in D:\TFS_Projects\Campco\Campco\Common\Thankyou.aspx.cs:line 44
----------------------------------------------------
System.InvalidCastException: Unable to cast object of type 'System.Int32' to type 'AuthorizeNet.Api.Contracts.V1.customerAddressType'.
   at Campco.SessionVariable.get_ShipAddress() in D:\TFS_Projects\Campco\Campco\AppCode\SessionVariable.cs:line 481
   at Campco.Common.Thankyou.Page_Load(Object sender, EventArgs e) in D:\TFS_Projects\Campco\Campco\Common\Thankyou.aspx.cs:line 44
-------------------------END-------------------------22-03-2017 12:09:10
----------------------------------------------------
-------------------------START-------------------------22-03-2017 12:09:46
Page :thankyou.aspx
----------------------------------------------------
Event :
----------------------------------------------------
Stack Trace :   at Campco.SessionVariable.get_ShipAddress() in D:\TFS_Projects\Campco\Campco\AppCode\SessionVariable.cs:line 481
   at Campco.Common.Thankyou.Page_Load(Object sender, EventArgs e) in D:\TFS_Projects\Campco\Campco\Common\Thankyou.aspx.cs:line 44
----------------------------------------------------
System.InvalidCastException: Unable to cast object of type 'System.Int32' to type 'AuthorizeNet.Api.Contracts.V1.customerAddressType'.
   at Campco.SessionVariable.get_ShipAddress() in D:\TFS_Projects\Campco\Campco\AppCode\SessionVariable.cs:line 481
   at Campco.Common.Thankyou.Page_Load(Object sender, EventArgs e) in D:\TFS_Projects\Campco\Campco\Common\Thankyou.aspx.cs:line 44
-------------------------END-------------------------22-03-2017 12:09:46
----------------------------------------------------
-------------------------START-------------------------22-03-2017 12:10:47
Page :thankyou.aspx
----------------------------------------------------
Event :
----------------------------------------------------
Stack Trace :   at Campco.SessionVariable.get_ShipAddress() in D:\TFS_Projects\Campco\Campco\AppCode\SessionVariable.cs:line 481
   at Campco.Common.Thankyou.Page_Load(Object sender, EventArgs e) in D:\TFS_Projects\Campco\Campco\Common\Thankyou.aspx.cs:line 44
----------------------------------------------------
System.InvalidCastException: Unable to cast object of type 'System.Int32' to type 'AuthorizeNet.Api.Contracts.V1.customerAddressType'.
   at Campco.SessionVariable.get_ShipAddress() in D:\TFS_Projects\Campco\Campco\AppCode\SessionVariable.cs:line 481
   at Campco.Common.Thankyou.Page_Load(Object sender, EventArgs e) in D:\TFS_Projects\Campco\Campco\Common\Thankyou.aspx.cs:line 44
-------------------------END-------------------------22-03-2017 12:10:47
----------------------------------------------------
