-------------------------START-------------------------16-03-2017 11:28:35
Page :index.aspx
----------------------------------------------------
Stack Trace :   at Campco.Common.index.Page_Load(Object sender, EventArgs e) in D:\TFS_Projects\Campco\Campco\Common\index.aspx.cs:line 73
----------------------------------------------------
System.NullReferenceException: Object reference not set to an instance of an object.
   at Campco.Common.index.Page_Load(Object sender, EventArgs e) in D:\TFS_Projects\Campco\Campco\Common\index.aspx.cs:line 73
-------------------------END-------------------------16-03-2017 11:28:35
----------------------------------------------------
-------------------------START-------------------------16-03-2017 11:29:26
Page :index.aspx
----------------------------------------------------
Event :
----------------------------------------------------
Stack Trace :   at Campco.Common.index.Page_Load(Object sender, EventArgs e) in D:\TFS_Projects\Campco\Campco\Common\index.aspx.cs:line 73
----------------------------------------------------
System.NullReferenceException: Object reference not set to an instance of an object.
   at Campco.Common.index.Page_Load(Object sender, EventArgs e) in D:\TFS_Projects\Campco\Campco\Common\index.aspx.cs:line 73
-------------------------END-------------------------16-03-2017 11:29:26
----------------------------------------------------
-------------------------START-------------------------16-03-2017 11:54:21
Page :productList.aspx
----------------------------------------------------
Event :
----------------------------------------------------
Stack Trace :   at Campco.Common.ProductList.Page_Load(Object sender, EventArgs e) in D:\TFS_Projects\Campco\Campco\Common\ProductList.aspx.cs:line 97
----------------------------------------------------
System.NullReferenceException: Object reference not set to an instance of an object.
   at Campco.Common.ProductList.Page_Load(Object sender, EventArgs e) in D:\TFS_Projects\Campco\Campco\Common\ProductList.aspx.cs:line 97
-------------------------END-------------------------16-03-2017 11:54:21
----------------------------------------------------
-------------------------START-------------------------16-03-2017 13:29:15
Page :ProductList.aspx
----------------------------------------------------
Event :
----------------------------------------------------
Stack Trace :   at Campco.Common.ProductList.Page_Load(Object sender, EventArgs e) in D:\TFS_Projects\Campco\Campco\Common\ProductList.aspx.cs:line 94
----------------------------------------------------
System.NullReferenceException: Object reference not set to an instance of an object.
   at Campco.Common.ProductList.Page_Load(Object sender, EventArgs e) in D:\TFS_Projects\Campco\Campco\Common\ProductList.aspx.cs:line 94
-------------------------END-------------------------16-03-2017 13:29:15
----------------------------------------------------
-------------------------START-------------------------16-03-2017 13:30:23
Page :ProductList.aspx
----------------------------------------------------
Event :
----------------------------------------------------
Stack Trace :   at Campco.Common.ProductList.Page_Load(Object sender, EventArgs e) in D:\TFS_Projects\Campco\Campco\Common\ProductList.aspx.cs:line 94
----------------------------------------------------
System.NullReferenceException: Object reference not set to an instance of an object.
   at Campco.Common.ProductList.Page_Load(Object sender, EventArgs e) in D:\TFS_Projects\Campco\Campco\Common\ProductList.aspx.cs:line 94
-------------------------END-------------------------16-03-2017 13:30:23
----------------------------------------------------
-------------------------START-------------------------16-03-2017 13:30:46
Page :ProductList.aspx
----------------------------------------------------
Event :
----------------------------------------------------
Stack Trace :   at Campco.Common.ProductList.Page_Load(Object sender, EventArgs e) in D:\TFS_Projects\Campco\Campco\Common\ProductList.aspx.cs:line 94
----------------------------------------------------
System.NullReferenceException: Object reference not set to an instance of an object.
   at Campco.Common.ProductList.Page_Load(Object sender, EventArgs e) in D:\TFS_Projects\Campco\Campco\Common\ProductList.aspx.cs:line 94
-------------------------END-------------------------16-03-2017 13:30:46
----------------------------------------------------
-------------------------START-------------------------16-03-2017 13:31:59
Page :ProductList.aspx
----------------------------------------------------
Event :
----------------------------------------------------
Stack Trace :   at Campco.Common.ProductList.Page_Load(Object sender, EventArgs e) in D:\TFS_Projects\Campco\Campco\Common\ProductList.aspx.cs:line 115
----------------------------------------------------
System.NullReferenceException: Object reference not set to an instance of an object.
   at Campco.Common.ProductList.Page_Load(Object sender, EventArgs e) in D:\TFS_Projects\Campco\Campco\Common\ProductList.aspx.cs:line 115
-------------------------END-------------------------16-03-2017 13:31:59
----------------------------------------------------
-------------------------START-------------------------16-03-2017 13:32:03
Page :ProductList.aspx
----------------------------------------------------
Event :
----------------------------------------------------
Stack Trace :   at Campco.Common.ProductList.ddlSearchcriteria_SelectedIndexChanged(Object sender, EventArgs e) in D:\TFS_Projects\Campco\Campco\Common\ProductList.aspx.cs:line 187
----------------------------------------------------
System.NullReferenceException: Object reference not set to an instance of an object.
   at Campco.Common.ProductList.ddlSearchcriteria_SelectedIndexChanged(Object sender, EventArgs e) in D:\TFS_Projects\Campco\Campco\Common\ProductList.aspx.cs:line 187
-------------------------END-------------------------16-03-2017 13:32:03
----------------------------------------------------
-------------------------START-------------------------16-03-2017 13:32:27
Page :ProductList.aspx
----------------------------------------------------
Event :
----------------------------------------------------
Stack Trace :   at Campco.Common.ProductList.Page_Load(Object sender, EventArgs e) in D:\TFS_Projects\Campco\Campco\Common\ProductList.aspx.cs:line 115
----------------------------------------------------
System.NullReferenceException: Object reference not set to an instance of an object.
   at Campco.Common.ProductList.Page_Load(Object sender, EventArgs e) in D:\TFS_Projects\Campco\Campco\Common\ProductList.aspx.cs:line 115
-------------------------END-------------------------16-03-2017 13:32:27
----------------------------------------------------
-------------------------START-------------------------16-03-2017 13:33:10
Page :ProductList.aspx
----------------------------------------------------
Event :
----------------------------------------------------
Stack Trace :   at Campco.Common.ProductList.Page_Load(Object sender, EventArgs e) in D:\TFS_Projects\Campco\Campco\Common\ProductList.aspx.cs:line 115
----------------------------------------------------
System.NullReferenceException: Object reference not set to an instance of an object.
   at Campco.Common.ProductList.Page_Load(Object sender, EventArgs e) in D:\TFS_Projects\Campco\Campco\Common\ProductList.aspx.cs:line 115
-------------------------END-------------------------16-03-2017 13:33:10
----------------------------------------------------
-------------------------START-------------------------16-03-2017 13:33:30
Page :ProductList.aspx
----------------------------------------------------
Event :
----------------------------------------------------
Stack Trace :   at Campco.Common.ProductList.Page_Load(Object sender, EventArgs e) in D:\TFS_Projects\Campco\Campco\Common\ProductList.aspx.cs:line 115
----------------------------------------------------
System.NullReferenceException: Object reference not set to an instance of an object.
   at Campco.Common.ProductList.Page_Load(Object sender, EventArgs e) in D:\TFS_Projects\Campco\Campco\Common\ProductList.aspx.cs:line 115
-------------------------END-------------------------16-03-2017 13:33:30
----------------------------------------------------
-------------------------START-------------------------16-03-2017 13:34:47
Page :ProductList.aspx
----------------------------------------------------
Event :
----------------------------------------------------
Stack Trace :   at Campco.Common.ProductList.Page_Load(Object sender, EventArgs e) in D:\TFS_Projects\Campco\Campco\Common\ProductList.aspx.cs:line 115
----------------------------------------------------
System.NullReferenceException: Object reference not set to an instance of an object.
   at Campco.Common.ProductList.Page_Load(Object sender, EventArgs e) in D:\TFS_Projects\Campco\Campco\Common\ProductList.aspx.cs:line 115
-------------------------END-------------------------16-03-2017 13:34:47
----------------------------------------------------
