-------------------------START-------------------------09-03-2017 13:05:23
Page :Thankyou.aspx
----------------------------------------------------
Stack Trace :   at Campco.SessionVariable.get_ShipAddress() in D:\TFS_Projects\Campco\Campco\AppCode\SessionVariable.cs:line 481
   at Campco.Common.Thankyou.Page_Load(Object sender, EventArgs e) in D:\TFS_Projects\Campco\Campco\Common\Thankyou.aspx.cs:line 43
----------------------------------------------------
System.InvalidCastException: Unable to cast object of type 'System.Int32' to type 'AuthorizeNet.Api.Contracts.V1.customerAddressType'.
   at Campco.SessionVariable.get_ShipAddress() in D:\TFS_Projects\Campco\Campco\AppCode\SessionVariable.cs:line 481
   at Campco.Common.Thankyou.Page_Load(Object sender, EventArgs e) in D:\TFS_Projects\Campco\Campco\Common\Thankyou.aspx.cs:line 43
-------------------------END-------------------------09-03-2017 13:05:23
----------------------------------------------------
-------------------------START-------------------------09-03-2017 14:30:26
Page :CheckOut.aspx
----------------------------------------------------
Stack Trace :   at Campco.clsPayment.CreateCustomerProfile(String ApiLoginID, String ApiTransactionKey, Payment payment, Int32 reg) in D:\TFS_Projects\Campco\Campco\AppCode\clsPayment.cs:line 219
   at Campco.Common.CheckOut.btnProcessOrder_Click(Object sender, EventArgs e) in D:\TFS_Projects\Campco\Campco\Common\CheckOut.aspx.cs:line 417
----------------------------------------------------
System.NullReferenceException: Object reference not set to an instance of an object.
   at Campco.clsPayment.CreateCustomerProfile(String ApiLoginID, String ApiTransactionKey, Payment payment, Int32 reg) in D:\TFS_Projects\Campco\Campco\AppCode\clsPayment.cs:line 219
   at Campco.Common.CheckOut.btnProcessOrder_Click(Object sender, EventArgs e) in D:\TFS_Projects\Campco\Campco\Common\CheckOut.aspx.cs:line 417
-------------------------END-------------------------09-03-2017 14:30:26
----------------------------------------------------
-------------------------START-------------------------09-03-2017 14:33:33
Page :index.aspx
----------------------------------------------------
Stack Trace :   at System.Threading.Thread.AbortInternal()
   at System.Threading.Thread.Abort(Object stateInfo)
   at System.Web.HttpResponse.AbortCurrentThread()
   at System.Web.HttpResponse.Redirect(String url, Boolean endResponse, Boolean permanent)
   at Campco.Common.CampcoCommon.lnkSignout_Click(Object sender, EventArgs e) in D:\TFS_Projects\Campco\Campco\Common\CampcoCommon.Master.cs:line 231
----------------------------------------------------
System.Threading.ThreadAbortException: Thread was being aborted.
   at System.Threading.Thread.AbortInternal()
   at System.Threading.Thread.Abort(Object stateInfo)
   at System.Web.HttpResponse.AbortCurrentThread()
   at System.Web.HttpResponse.Redirect(String url, Boolean endResponse, Boolean permanent)
   at Campco.Common.CampcoCommon.lnkSignout_Click(Object sender, EventArgs e) in D:\TFS_Projects\Campco\Campco\Common\CampcoCommon.Master.cs:line 231
-------------------------END-------------------------09-03-2017 14:33:33
----------------------------------------------------
-------------------------START-------------------------09-03-2017 14:46:58
Page :CheckOut.aspx
----------------------------------------------------
Stack Trace :   at Campco.clsPayment.CreateCustomerProfile(String ApiLoginID, String ApiTransactionKey, Payment payment, Int32 reg) in D:\TFS_Projects\Campco\Campco\AppCode\clsPayment.cs:line 219
   at Campco.Common.CheckOut.btnProcessOrder_Click(Object sender, EventArgs e) in D:\TFS_Projects\Campco\Campco\Common\CheckOut.aspx.cs:line 417
----------------------------------------------------
System.NullReferenceException: Object reference not set to an instance of an object.
   at Campco.clsPayment.CreateCustomerProfile(String ApiLoginID, String ApiTransactionKey, Payment payment, Int32 reg) in D:\TFS_Projects\Campco\Campco\AppCode\clsPayment.cs:line 219
   at Campco.Common.CheckOut.btnProcessOrder_Click(Object sender, EventArgs e) in D:\TFS_Projects\Campco\Campco\Common\CheckOut.aspx.cs:line 417
-------------------------END-------------------------09-03-2017 14:46:58
----------------------------------------------------
-------------------------START-------------------------09-03-2017 14:49:26
Page :CheckOut.aspx
----------------------------------------------------
Stack Trace :   at Campco.clsPayment.CreateCustomerProfile(String ApiLoginID, String ApiTransactionKey, Payment payment, Int32 reg) in D:\TFS_Projects\Campco\Campco\AppCode\clsPayment.cs:line 219
   at Campco.Common.CheckOut.btnProcessOrder_Click(Object sender, EventArgs e) in D:\TFS_Projects\Campco\Campco\Common\CheckOut.aspx.cs:line 417
----------------------------------------------------
System.NullReferenceException: Object reference not set to an instance of an object.
   at Campco.clsPayment.CreateCustomerProfile(String ApiLoginID, String ApiTransactionKey, Payment payment, Int32 reg) in D:\TFS_Projects\Campco\Campco\AppCode\clsPayment.cs:line 219
   at Campco.Common.CheckOut.btnProcessOrder_Click(Object sender, EventArgs e) in D:\TFS_Projects\Campco\Campco\Common\CheckOut.aspx.cs:line 417
-------------------------END-------------------------09-03-2017 14:49:26
----------------------------------------------------
-------------------------START-------------------------09-03-2017 16:50:45
Page :index.aspx
----------------------------------------------------
Stack Trace :   at System.Threading.Thread.AbortInternal()
   at System.Threading.Thread.Abort(Object stateInfo)
   at System.Web.HttpResponse.AbortCurrentThread()
   at System.Web.HttpResponse.Redirect(String url, Boolean endResponse, Boolean permanent)
   at Campco.Common.CampcoCommon.lnkSinIn_Click(Object sender, EventArgs e) in D:\TFS_Projects\Campco\Campco\Common\CampcoCommon.Master.cs:line 220
----------------------------------------------------
System.Threading.ThreadAbortException: Thread was being aborted.
   at System.Threading.Thread.AbortInternal()
   at System.Threading.Thread.Abort(Object stateInfo)
   at System.Web.HttpResponse.AbortCurrentThread()
   at System.Web.HttpResponse.Redirect(String url, Boolean endResponse, Boolean permanent)
   at Campco.Common.CampcoCommon.lnkSinIn_Click(Object sender, EventArgs e) in D:\TFS_Projects\Campco\Campco\Common\CampcoCommon.Master.cs:line 220
-------------------------END-------------------------09-03-2017 16:50:45
----------------------------------------------------
-------------------------START-------------------------09-03-2017 16:58:20
Page :index.aspx
----------------------------------------------------
Stack Trace :   at System.Threading.Thread.AbortInternal()
   at System.Threading.Thread.Abort(Object stateInfo)
   at System.Web.HttpResponse.AbortCurrentThread()
   at System.Web.HttpResponse.Redirect(String url, Boolean endResponse, Boolean permanent)
   at Campco.Common.CampcoCommon.lnkSinIn_Click(Object sender, EventArgs e) in D:\TFS_Projects\Campco\Campco\Common\CampcoCommon.Master.cs:line 220
----------------------------------------------------
System.Threading.ThreadAbortException: Thread was being aborted.
   at System.Threading.Thread.AbortInternal()
   at System.Threading.Thread.Abort(Object stateInfo)
   at System.Web.HttpResponse.AbortCurrentThread()
   at System.Web.HttpResponse.Redirect(String url, Boolean endResponse, Boolean permanent)
   at Campco.Common.CampcoCommon.lnkSinIn_Click(Object sender, EventArgs e) in D:\TFS_Projects\Campco\Campco\Common\CampcoCommon.Master.cs:line 220
-------------------------END-------------------------09-03-2017 16:58:20
----------------------------------------------------
-------------------------START-------------------------09-03-2017 17:07:13
Page :index.aspx
----------------------------------------------------
Stack Trace :   at System.Threading.Thread.AbortInternal()
   at System.Threading.Thread.Abort(Object stateInfo)
   at System.Web.HttpResponse.AbortCurrentThread()
   at System.Web.HttpResponse.Redirect(String url, Boolean endResponse, Boolean permanent)
   at Campco.Common.CampcoCommon.lnkSinIn_Click(Object sender, EventArgs e) in D:\TFS_Projects\Campco\Campco\Common\CampcoCommon.Master.cs:line 220
----------------------------------------------------
System.Threading.ThreadAbortException: Thread was being aborted.
   at System.Threading.Thread.AbortInternal()
   at System.Threading.Thread.Abort(Object stateInfo)
   at System.Web.HttpResponse.AbortCurrentThread()
   at System.Web.HttpResponse.Redirect(String url, Boolean endResponse, Boolean permanent)
   at Campco.Common.CampcoCommon.lnkSinIn_Click(Object sender, EventArgs e) in D:\TFS_Projects\Campco\Campco\Common\CampcoCommon.Master.cs:line 220
-------------------------END-------------------------09-03-2017 17:07:13
----------------------------------------------------
-------------------------START-------------------------09-03-2017 17:13:02
Page :index.aspx
----------------------------------------------------
Stack Trace :   at Campco.Common.index.Page_Load(Object sender, EventArgs e) in D:\TFS_Projects\Campco\Campco\Common\index.aspx.cs:line 73
----------------------------------------------------
System.NullReferenceException: Object reference not set to an instance of an object.
   at Campco.Common.index.Page_Load(Object sender, EventArgs e) in D:\TFS_Projects\Campco\Campco\Common\index.aspx.cs:line 73
-------------------------END-------------------------09-03-2017 17:13:02
----------------------------------------------------
-------------------------START-------------------------09-03-2017 17:14:05
Page :index.aspx
----------------------------------------------------
Stack Trace :   at Campco.Common.index.Page_Load(Object sender, EventArgs e) in D:\TFS_Projects\Campco\Campco\Common\index.aspx.cs:line 73
----------------------------------------------------
System.NullReferenceException: Object reference not set to an instance of an object.
   at Campco.Common.index.Page_Load(Object sender, EventArgs e) in D:\TFS_Projects\Campco\Campco\Common\index.aspx.cs:line 73
-------------------------END-------------------------09-03-2017 17:14:05
----------------------------------------------------
-------------------------START-------------------------09-03-2017 17:14:20
Page :index.aspx
----------------------------------------------------
Stack Trace :   at System.Threading.Thread.AbortInternal()
   at System.Threading.Thread.Abort(Object stateInfo)
   at System.Web.HttpResponse.AbortCurrentThread()
   at System.Web.HttpResponse.Redirect(String url, Boolean endResponse, Boolean permanent)
   at Campco.Common.CampcoCommon.lnkSinIn_Click(Object sender, EventArgs e) in D:\TFS_Projects\Campco\Campco\Common\CampcoCommon.Master.cs:line 220
----------------------------------------------------
System.Threading.ThreadAbortException: Thread was being aborted.
   at System.Threading.Thread.AbortInternal()
   at System.Threading.Thread.Abort(Object stateInfo)
   at System.Web.HttpResponse.AbortCurrentThread()
   at System.Web.HttpResponse.Redirect(String url, Boolean endResponse, Boolean permanent)
   at Campco.Common.CampcoCommon.lnkSinIn_Click(Object sender, EventArgs e) in D:\TFS_Projects\Campco\Campco\Common\CampcoCommon.Master.cs:line 220
-------------------------END-------------------------09-03-2017 17:14:20
----------------------------------------------------
-------------------------START-------------------------09-03-2017 17:15:39
Page :filter
----------------------------------------------------
Stack Trace :   at Campco.dbUtility.TrankingOrderFilter(String value, Int32 param) in D:\TFS_Projects\Campco\Campco\AppCode\dbUtility.cs:line 1962
   at Campco.Common.Admin.Filter(String value) in D:\TFS_Projects\Campco\Campco\Common\Admin.aspx.cs:line 211
----------------------------------------------------
System.NullReferenceException: Object reference not set to an instance of an object.
   at Campco.dbUtility.TrankingOrderFilter(String value, Int32 param) in D:\TFS_Projects\Campco\Campco\AppCode\dbUtility.cs:line 1962
   at Campco.Common.Admin.Filter(String value) in D:\TFS_Projects\Campco\Campco\Common\Admin.aspx.cs:line 211
-------------------------END-------------------------09-03-2017 17:15:39
----------------------------------------------------
-------------------------START-------------------------09-03-2017 17:24:37
Page :filter
----------------------------------------------------
Stack Trace :   at Campco.dbUtility.TrankingOrderFilter(String value, Int32 param) in D:\TFS_Projects\Campco\Campco\AppCode\dbUtility.cs:line 1962
   at Campco.Common.Admin.Filter(String value) in D:\TFS_Projects\Campco\Campco\Common\Admin.aspx.cs:line 211
----------------------------------------------------
System.NullReferenceException: Object reference not set to an instance of an object.
   at Campco.dbUtility.TrankingOrderFilter(String value, Int32 param) in D:\TFS_Projects\Campco\Campco\AppCode\dbUtility.cs:line 1962
   at Campco.Common.Admin.Filter(String value) in D:\TFS_Projects\Campco\Campco\Common\Admin.aspx.cs:line 211
-------------------------END-------------------------09-03-2017 17:24:37
----------------------------------------------------
-------------------------START-------------------------09-03-2017 18:44:32
Page :index.aspx
----------------------------------------------------
Stack Trace :   at Campco.Common.index.Page_Load(Object sender, EventArgs e) in D:\TFS_Projects\Campco\Campco\Common\index.aspx.cs:line 73
----------------------------------------------------
System.NullReferenceException: Object reference not set to an instance of an object.
   at Campco.Common.index.Page_Load(Object sender, EventArgs e) in D:\TFS_Projects\Campco\Campco\Common\index.aspx.cs:line 73
-------------------------END-------------------------09-03-2017 18:44:32
----------------------------------------------------
-------------------------START-------------------------09-03-2017 18:46:19
Page :CheckOut.aspx
----------------------------------------------------
Stack Trace :   at Campco.clsPayment.CreateCustomerProfile(String ApiLoginID, String ApiTransactionKey, Payment payment, Int32 reg) in D:\TFS_Projects\Campco\Campco\AppCode\clsPayment.cs:line 219
   at Campco.Common.CheckOut.btnProcessOrder_Click(Object sender, EventArgs e) in D:\TFS_Projects\Campco\Campco\Common\CheckOut.aspx.cs:line 417
----------------------------------------------------
System.NullReferenceException: Object reference not set to an instance of an object.
   at Campco.clsPayment.CreateCustomerProfile(String ApiLoginID, String ApiTransactionKey, Payment payment, Int32 reg) in D:\TFS_Projects\Campco\Campco\AppCode\clsPayment.cs:line 219
   at Campco.Common.CheckOut.btnProcessOrder_Click(Object sender, EventArgs e) in D:\TFS_Projects\Campco\Campco\Common\CheckOut.aspx.cs:line 417
-------------------------END-------------------------09-03-2017 18:46:19
----------------------------------------------------
-------------------------START-------------------------09-03-2017 19:00:47
Page :CheckOut.aspx
----------------------------------------------------
Stack Trace :   at Campco.clsPayment.CreateCustomerProfile(String ApiLoginID, String ApiTransactionKey, Payment payment, Int32 reg) in D:\TFS_Projects\Campco\Campco\AppCode\clsPayment.cs:line 219
   at Campco.Common.CheckOut.btnProcessOrder_Click(Object sender, EventArgs e) in D:\TFS_Projects\Campco\Campco\Common\CheckOut.aspx.cs:line 417
----------------------------------------------------
System.NullReferenceException: Object reference not set to an instance of an object.
   at Campco.clsPayment.CreateCustomerProfile(String ApiLoginID, String ApiTransactionKey, Payment payment, Int32 reg) in D:\TFS_Projects\Campco\Campco\AppCode\clsPayment.cs:line 219
   at Campco.Common.CheckOut.btnProcessOrder_Click(Object sender, EventArgs e) in D:\TFS_Projects\Campco\Campco\Common\CheckOut.aspx.cs:line 417
-------------------------END-------------------------09-03-2017 19:00:47
----------------------------------------------------
-------------------------START-------------------------09-03-2017 19:24:29
Page :CheckOut.aspx
----------------------------------------------------
Stack Trace :   at System.Threading.Thread.AbortInternal()
   at System.Threading.Thread.Abort(Object stateInfo)
   at System.Web.HttpResponse.AbortCurrentThread()
   at System.Web.HttpResponse.Redirect(String url, Boolean endResponse, Boolean permanent)
   at Campco.Common.CheckOut.btnProcessOrder_Click(Object sender, EventArgs e) in D:\TFS_Projects\Campco\Campco\Common\CheckOut.aspx.cs:line 514
----------------------------------------------------
System.Threading.ThreadAbortException: Thread was being aborted.
   at System.Threading.Thread.AbortInternal()
   at System.Threading.Thread.Abort(Object stateInfo)
   at System.Web.HttpResponse.AbortCurrentThread()
   at System.Web.HttpResponse.Redirect(String url, Boolean endResponse, Boolean permanent)
   at Campco.Common.CheckOut.btnProcessOrder_Click(Object sender, EventArgs e) in D:\TFS_Projects\Campco\Campco\Common\CheckOut.aspx.cs:line 514
-------------------------END-------------------------09-03-2017 19:24:29
----------------------------------------------------
-------------------------START-------------------------09-03-2017 20:25:57
Page :index.aspx
----------------------------------------------------
Stack Trace :   at Campco.Common.index.Page_Load(Object sender, EventArgs e) in D:\TFS_Projects\Campco\Campco\Common\index.aspx.cs:line 73
----------------------------------------------------
System.NullReferenceException: Object reference not set to an instance of an object.
   at Campco.Common.index.Page_Load(Object sender, EventArgs e) in D:\TFS_Projects\Campco\Campco\Common\index.aspx.cs:line 73
-------------------------END-------------------------09-03-2017 20:25:57
----------------------------------------------------
-------------------------START-------------------------09-03-2017 20:26:34
Page :index.aspx
----------------------------------------------------
Stack Trace :   at Campco.Common.index.Page_Load(Object sender, EventArgs e) in D:\TFS_Projects\Campco\Campco\Common\index.aspx.cs:line 73
----------------------------------------------------
System.NullReferenceException: Object reference not set to an instance of an object.
   at Campco.Common.index.Page_Load(Object sender, EventArgs e) in D:\TFS_Projects\Campco\Campco\Common\index.aspx.cs:line 73
-------------------------END-------------------------09-03-2017 20:26:34
----------------------------------------------------
-------------------------START-------------------------09-03-2017 20:27:09
Page :index.aspx
----------------------------------------------------
Stack Trace :   at Campco.Common.index.Page_Load(Object sender, EventArgs e) in D:\TFS_Projects\Campco\Campco\Common\index.aspx.cs:line 73
----------------------------------------------------
System.NullReferenceException: Object reference not set to an instance of an object.
   at Campco.Common.index.Page_Load(Object sender, EventArgs e) in D:\TFS_Projects\Campco\Campco\Common\index.aspx.cs:line 73
-------------------------END-------------------------09-03-2017 20:27:09
----------------------------------------------------
-------------------------START-------------------------09-03-2017 20:28:03
Page :index.aspx
----------------------------------------------------
Stack Trace :   at Campco.Common.index.Page_Load(Object sender, EventArgs e) in D:\TFS_Projects\Campco\Campco\Common\index.aspx.cs:line 73
----------------------------------------------------
System.NullReferenceException: Object reference not set to an instance of an object.
   at Campco.Common.index.Page_Load(Object sender, EventArgs e) in D:\TFS_Projects\Campco\Campco\Common\index.aspx.cs:line 73
-------------------------END-------------------------09-03-2017 20:28:03
----------------------------------------------------
-------------------------START-------------------------09-03-2017 20:28:46
Page :index.aspx
----------------------------------------------------
Stack Trace :   at Campco.Common.index.Page_Load(Object sender, EventArgs e) in D:\TFS_Projects\Campco\Campco\Common\index.aspx.cs:line 73
----------------------------------------------------
System.NullReferenceException: Object reference not set to an instance of an object.
   at Campco.Common.index.Page_Load(Object sender, EventArgs e) in D:\TFS_Projects\Campco\Campco\Common\index.aspx.cs:line 73
-------------------------END-------------------------09-03-2017 20:28:46
----------------------------------------------------
-------------------------START-------------------------09-03-2017 21:55:42
Page :index.aspx
----------------------------------------------------
Stack Trace :   at System.Threading.Thread.AbortInternal()
   at System.Threading.Thread.Abort(Object stateInfo)
   at System.Web.HttpResponse.AbortCurrentThread()
   at System.Web.HttpResponse.Redirect(String url, Boolean endResponse, Boolean permanent)
   at Campco.Common.CampcoCommon.lnkSinIn_Click(Object sender, EventArgs e) in D:\TFS_Projects\Campco\Campco\Common\CampcoCommon.Master.cs:line 221
----------------------------------------------------
System.Threading.ThreadAbortException: Thread was being aborted.
   at System.Threading.Thread.AbortInternal()
   at System.Threading.Thread.Abort(Object stateInfo)
   at System.Web.HttpResponse.AbortCurrentThread()
   at System.Web.HttpResponse.Redirect(String url, Boolean endResponse, Boolean permanent)
   at Campco.Common.CampcoCommon.lnkSinIn_Click(Object sender, EventArgs e) in D:\TFS_Projects\Campco\Campco\Common\CampcoCommon.Master.cs:line 221
-------------------------END-------------------------09-03-2017 21:55:42
----------------------------------------------------
-------------------------START-------------------------09-03-2017 22:22:48
Page :admin.aspx
----------------------------------------------------
Stack Trace :   at System.Threading.Thread.AbortInternal()
   at System.Threading.Thread.Abort(Object stateInfo)
   at System.Web.HttpResponse.AbortCurrentThread()
   at System.Web.HttpResponse.Redirect(String url, Boolean endResponse, Boolean permanent)
   at Campco.Common.CampcoCommon.lnkSignout_Click(Object sender, EventArgs e) in D:\TFS_Projects\Campco\Campco\Common\CampcoCommon.Master.cs:line 242
----------------------------------------------------
System.Threading.ThreadAbortException: Thread was being aborted.
   at System.Threading.Thread.AbortInternal()
   at System.Threading.Thread.Abort(Object stateInfo)
   at System.Web.HttpResponse.AbortCurrentThread()
   at System.Web.HttpResponse.Redirect(String url, Boolean endResponse, Boolean permanent)
   at Campco.Common.CampcoCommon.lnkSignout_Click(Object sender, EventArgs e) in D:\TFS_Projects\Campco\Campco\Common\CampcoCommon.Master.cs:line 242
-------------------------END-------------------------09-03-2017 22:22:48
----------------------------------------------------
-------------------------START-------------------------09-03-2017 22:22:56
Page :index.aspx
----------------------------------------------------
Stack Trace :   at System.Threading.Thread.AbortInternal()
   at System.Threading.Thread.Abort(Object stateInfo)
   at System.Web.HttpResponse.AbortCurrentThread()
   at System.Web.HttpResponse.Redirect(String url, Boolean endResponse, Boolean permanent)
   at Campco.Common.CampcoCommon.lnkSinIn_Click(Object sender, EventArgs e) in D:\TFS_Projects\Campco\Campco\Common\CampcoCommon.Master.cs:line 221
----------------------------------------------------
System.Threading.ThreadAbortException: Thread was being aborted.
   at System.Threading.Thread.AbortInternal()
   at System.Threading.Thread.Abort(Object stateInfo)
   at System.Web.HttpResponse.AbortCurrentThread()
   at System.Web.HttpResponse.Redirect(String url, Boolean endResponse, Boolean permanent)
   at Campco.Common.CampcoCommon.lnkSinIn_Click(Object sender, EventArgs e) in D:\TFS_Projects\Campco\Campco\Common\CampcoCommon.Master.cs:line 221
-------------------------END-------------------------09-03-2017 22:22:56
----------------------------------------------------
-------------------------START-------------------------09-03-2017 22:23:25
Page :index.aspx
----------------------------------------------------
Stack Trace :   at System.Threading.Thread.AbortInternal()
   at System.Threading.Thread.Abort(Object stateInfo)
   at System.Web.HttpResponse.AbortCurrentThread()
   at System.Web.HttpResponse.Redirect(String url, Boolean endResponse, Boolean permanent)
   at Campco.Common.CampcoCommon.lnkSignout_Click(Object sender, EventArgs e) in D:\TFS_Projects\Campco\Campco\Common\CampcoCommon.Master.cs:line 242
----------------------------------------------------
System.Threading.ThreadAbortException: Thread was being aborted.
   at System.Threading.Thread.AbortInternal()
   at System.Threading.Thread.Abort(Object stateInfo)
   at System.Web.HttpResponse.AbortCurrentThread()
   at System.Web.HttpResponse.Redirect(String url, Boolean endResponse, Boolean permanent)
   at Campco.Common.CampcoCommon.lnkSignout_Click(Object sender, EventArgs e) in D:\TFS_Projects\Campco\Campco\Common\CampcoCommon.Master.cs:line 242
-------------------------END-------------------------09-03-2017 22:23:25
----------------------------------------------------
-------------------------START-------------------------09-03-2017 22:23:32
Page :index.aspx
----------------------------------------------------
Stack Trace :   at System.Threading.Thread.AbortInternal()
   at System.Threading.Thread.Abort(Object stateInfo)
   at System.Web.HttpResponse.AbortCurrentThread()
   at System.Web.HttpResponse.Redirect(String url, Boolean endResponse, Boolean permanent)
   at Campco.Common.CampcoCommon.lnkSinIn_Click(Object sender, EventArgs e) in D:\TFS_Projects\Campco\Campco\Common\CampcoCommon.Master.cs:line 221
----------------------------------------------------
System.Threading.ThreadAbortException: Thread was being aborted.
   at System.Threading.Thread.AbortInternal()
   at System.Threading.Thread.Abort(Object stateInfo)
   at System.Web.HttpResponse.AbortCurrentThread()
   at System.Web.HttpResponse.Redirect(String url, Boolean endResponse, Boolean permanent)
   at Campco.Common.CampcoCommon.lnkSinIn_Click(Object sender, EventArgs e) in D:\TFS_Projects\Campco\Campco\Common\CampcoCommon.Master.cs:line 221
-------------------------END-------------------------09-03-2017 22:23:32
----------------------------------------------------
-------------------------START-------------------------09-03-2017 23:46:32
Page :index.aspx
----------------------------------------------------
Stack Trace :   at System.Threading.Thread.AbortInternal()
   at System.Threading.Thread.Abort(Object stateInfo)
   at System.Web.HttpResponse.AbortCurrentThread()
   at System.Web.HttpResponse.Redirect(String url, Boolean endResponse, Boolean permanent)
   at Campco.Common.CampcoCommon.lnkSinIn_Click(Object sender, EventArgs e) in D:\TFS_Projects\Campco\Campco\Common\CampcoCommon.Master.cs:line 213
----------------------------------------------------
System.Threading.ThreadAbortException: Thread was being aborted.
   at System.Threading.Thread.AbortInternal()
   at System.Threading.Thread.Abort(Object stateInfo)
   at System.Web.HttpResponse.AbortCurrentThread()
   at System.Web.HttpResponse.Redirect(String url, Boolean endResponse, Boolean permanent)
   at Campco.Common.CampcoCommon.lnkSinIn_Click(Object sender, EventArgs e) in D:\TFS_Projects\Campco\Campco\Common\CampcoCommon.Master.cs:line 213
-------------------------END-------------------------09-03-2017 23:46:32
----------------------------------------------------
-------------------------START-------------------------09-03-2017 23:49:31
Page :CheckOut.aspx
----------------------------------------------------
Stack Trace :   at System.Threading.Thread.AbortInternal()
   at System.Threading.Thread.Abort(Object stateInfo)
   at System.Web.HttpResponse.AbortCurrentThread()
   at System.Web.HttpResponse.Redirect(String url, Boolean endResponse, Boolean permanent)
   at Campco.Common.CheckOut.btnProcessOrder_Click(Object sender, EventArgs e) in D:\TFS_Projects\Campco\Campco\Common\CheckOut.aspx.cs:line 614
----------------------------------------------------
System.Threading.ThreadAbortException: Thread was being aborted.
   at System.Threading.Thread.AbortInternal()
   at System.Threading.Thread.Abort(Object stateInfo)
   at System.Web.HttpResponse.AbortCurrentThread()
   at System.Web.HttpResponse.Redirect(String url, Boolean endResponse, Boolean permanent)
   at Campco.Common.CheckOut.btnProcessOrder_Click(Object sender, EventArgs e) in D:\TFS_Projects\Campco\Campco\Common\CheckOut.aspx.cs:line 614
-------------------------END-------------------------09-03-2017 23:49:31
----------------------------------------------------
