-------------------------START-------------------------01-03-2017 17:39:43
Page :index.aspx
----------------------------------------------------
System.Threading.ThreadAbortException: Thread was being aborted.
   at System.Threading.Thread.AbortInternal()
   at System.Threading.Thread.Abort(Object stateInfo)
   at System.Web.HttpResponse.AbortCurrentThread()
   at System.Web.HttpResponse.Redirect(String url, Boolean endResponse, Boolean permanent)
   at Campco.Common.CampcoCommon.lnkSinIn_Click(Object sender, EventArgs e) in D:\TFS_Projects\Campco\Campco\Common\CampcoCommon.Master.cs:line 204
----------------------------------------------------
-------------------------END-------------------------01-03-2017 17:39:43
----------------------------------------------------
-------------------------START-------------------------01-03-2017 17:45:26
Page :Login.aspx
----------------------------------------------------
System.Threading.ThreadAbortException: Thread was being aborted.
   at System.Threading.Thread.AbortInternal()
   at System.Threading.Thread.Abort(Object stateInfo)
   at System.Web.HttpResponse.AbortCurrentThread()
   at System.Web.HttpResponse.Redirect(String url, Boolean endResponse, Boolean permanent)
   at Campco.Common.Login.VerifyUserLogin() in D:\TFS_Projects\Campco\Campco\Common\Login.aspx.cs:line 204
   at Campco.Common.Login.btnLogin_Click(Object sender, EventArgs e) in D:\TFS_Projects\Campco\Campco\Common\Login.aspx.cs:line 63
----------------------------------------------------
-------------------------END-------------------------01-03-2017 17:45:26
----------------------------------------------------
-------------------------START-------------------------01-03-2017 17:45:26
Page :Login.aspx
----------------------------------------------------
System.Threading.ThreadAbortException: Thread was being aborted.
   at System.Threading.Thread.AbortInternal()
   at System.Threading.Thread.Abort(Object stateInfo)
   at System.Web.HttpResponse.AbortCurrentThread()
   at System.Web.HttpResponse.Redirect(String url, Boolean endResponse, Boolean permanent)
   at Campco.Common.Login.VerifyUserLogin() in D:\TFS_Projects\Campco\Campco\Common\Login.aspx.cs:line 204
   at Campco.Common.Login.btnLogin_Click(Object sender, EventArgs e) in D:\TFS_Projects\Campco\Campco\Common\Login.aspx.cs:line 63
----------------------------------------------------
-------------------------END-------------------------01-03-2017 17:45:26
----------------------------------------------------
-------------------------START-------------------------01-03-2017 17:49:10
Page :Catalog.aspx
----------------------------------------------------
System.Threading.ThreadAbortException: Thread was being aborted.
   at System.Threading.Thread.AbortInternal()
   at System.Threading.Thread.Abort(Object stateInfo)
   at System.Web.HttpResponse.AbortCurrentThread()
   at System.Web.HttpResponse.Redirect(String url, Boolean endResponse, Boolean permanent)
   at Campco.Common.CampcoCommon.lnkSignout_Click(Object sender, EventArgs e) in D:\TFS_Projects\Campco\Campco\Common\CampcoCommon.Master.cs:line 225
----------------------------------------------------
-------------------------END-------------------------01-03-2017 17:49:10
----------------------------------------------------
-------------------------START-------------------------01-03-2017 17:51:41
Page :index.aspx
----------------------------------------------------
System.Threading.ThreadAbortException: Thread was being aborted.
   at System.Threading.Thread.AbortInternal()
   at System.Threading.Thread.Abort(Object stateInfo)
   at System.Web.HttpResponse.AbortCurrentThread()
   at System.Web.HttpResponse.Redirect(String url, Boolean endResponse, Boolean permanent)
   at Campco.Common.CampcoCommon.lnkSinIn_Click(Object sender, EventArgs e) in D:\TFS_Projects\Campco\Campco\Common\CampcoCommon.Master.cs:line 204
----------------------------------------------------
-------------------------END-------------------------01-03-2017 17:51:41
----------------------------------------------------
