-------------------------START-------------------------03-04-2017 10:12:22
Page :productList.aspx
----------------------------------------------------
Stack Trace :   at Campco.Common.ProductList.Page_Load(Object sender, EventArgs e) in D:\TFS_Projects\Campco\Campco\Common\ProductList.aspx.cs:line 117
----------------------------------------------------
System.NullReferenceException: Object reference not set to an instance of an object.
   at Campco.Common.ProductList.Page_Load(Object sender, EventArgs e) in D:\TFS_Projects\Campco\Campco\Common\ProductList.aspx.cs:line 117
-------------------------END-------------------------03-04-2017 10:12:22
----------------------------------------------------
-------------------------START-------------------------03-04-2017 10:13:04
Page :productList.aspx
----------------------------------------------------
Event :
----------------------------------------------------
Stack Trace :   at System.Web.UI.UpdatePanel.Update()
   at Campco.Common.ProductList.btnfilter_click(Object sender, EventArgs e) in D:\TFS_Projects\Campco\Campco\Common\ProductList.aspx.cs:line 163
----------------------------------------------------
System.InvalidOperationException: The Update method can only be called on UpdatePanel with ID 'UpdatePanel1' when UpdateMode is set to Conditional.
   at System.Web.UI.UpdatePanel.Update()
   at Campco.Common.ProductList.btnfilter_click(Object sender, EventArgs e) in D:\TFS_Projects\Campco\Campco\Common\ProductList.aspx.cs:line 163
-------------------------END-------------------------03-04-2017 10:13:04
----------------------------------------------------
-------------------------START-------------------------03-04-2017 10:13:09
Page :productList.aspx
----------------------------------------------------
Event :
----------------------------------------------------
Stack Trace :   at System.Web.UI.UpdatePanel.Update()
   at Campco.Common.ProductList.ddlSearchcriteria_SelectedIndexChanged(Object sender, EventArgs e) in D:\TFS_Projects\Campco\Campco\Common\ProductList.aspx.cs:line 202
----------------------------------------------------
System.InvalidOperationException: The Update method can only be called on UpdatePanel with ID 'UpdatePanel1' when UpdateMode is set to Conditional.
   at System.Web.UI.UpdatePanel.Update()
   at Campco.Common.ProductList.ddlSearchcriteria_SelectedIndexChanged(Object sender, EventArgs e) in D:\TFS_Projects\Campco\Campco\Common\ProductList.aspx.cs:line 202
-------------------------END-------------------------03-04-2017 10:13:09
----------------------------------------------------
-------------------------START-------------------------03-04-2017 10:13:14
Page :productList.aspx
----------------------------------------------------
Event :
----------------------------------------------------
Stack Trace :   at System.Web.UI.UpdatePanel.Update()
   at Campco.Common.ProductList.ddlSearchcriteria_SelectedIndexChanged(Object sender, EventArgs e) in D:\TFS_Projects\Campco\Campco\Common\ProductList.aspx.cs:line 202
----------------------------------------------------
System.InvalidOperationException: The Update method can only be called on UpdatePanel with ID 'UpdatePanel1' when UpdateMode is set to Conditional.
   at System.Web.UI.UpdatePanel.Update()
   at Campco.Common.ProductList.ddlSearchcriteria_SelectedIndexChanged(Object sender, EventArgs e) in D:\TFS_Projects\Campco\Campco\Common\ProductList.aspx.cs:line 202
-------------------------END-------------------------03-04-2017 10:13:14
----------------------------------------------------
-------------------------START-------------------------03-04-2017 10:13:28
Page :productList.aspx
----------------------------------------------------
Event :
----------------------------------------------------
Stack Trace :   at System.Web.UI.UpdatePanel.Update()
   at Campco.Common.ProductList.btnfilter_click(Object sender, EventArgs e) in D:\TFS_Projects\Campco\Campco\Common\ProductList.aspx.cs:line 163
----------------------------------------------------
System.InvalidOperationException: The Update method can only be called on UpdatePanel with ID 'UpdatePanel1' when UpdateMode is set to Conditional.
   at System.Web.UI.UpdatePanel.Update()
   at Campco.Common.ProductList.btnfilter_click(Object sender, EventArgs e) in D:\TFS_Projects\Campco\Campco\Common\ProductList.aspx.cs:line 163
-------------------------END-------------------------03-04-2017 10:13:28
----------------------------------------------------
-------------------------START-------------------------03-04-2017 10:25:02
Page :Paging
----------------------------------------------------
Event :
----------------------------------------------------
Stack Trace :   at System.Web.UI.Page.get_Request()
   at Campco.Common.ProductList.pagging(String pageNumber) in D:\TFS_Projects\Campco\Campco\Common\ProductList.aspx.cs:line 310
----------------------------------------------------
System.Web.HttpException (0x80004005): Request is not available in this context
   at System.Web.UI.Page.get_Request()
   at Campco.Common.ProductList.pagging(String pageNumber) in D:\TFS_Projects\Campco\Campco\Common\ProductList.aspx.cs:line 310
-------------------------END-------------------------03-04-2017 10:25:02
----------------------------------------------------
-------------------------START-------------------------03-04-2017 10:30:52
Page :Paging
----------------------------------------------------
Event :
----------------------------------------------------
Stack Trace :   at System.Web.UI.Page.get_Request()
   at Campco.Common.ProductList.pagging(String pageNumber) in D:\TFS_Projects\Campco\Campco\Common\ProductList.aspx.cs:line 310
----------------------------------------------------
System.Web.HttpException (0x80004005): Request is not available in this context
   at System.Web.UI.Page.get_Request()
   at Campco.Common.ProductList.pagging(String pageNumber) in D:\TFS_Projects\Campco\Campco\Common\ProductList.aspx.cs:line 310
-------------------------END-------------------------03-04-2017 10:30:52
----------------------------------------------------
-------------------------START-------------------------03-04-2017 10:35:48
Page :Paging
----------------------------------------------------
Event :
----------------------------------------------------
Stack Trace :   at Campco.Common.ProductList.pagging(String pageNumber) in D:\TFS_Projects\Campco\Campco\Common\ProductList.aspx.cs:line 313
----------------------------------------------------
System.NullReferenceException: Object reference not set to an instance of an object.
   at Campco.Common.ProductList.pagging(String pageNumber) in D:\TFS_Projects\Campco\Campco\Common\ProductList.aspx.cs:line 313
-------------------------END-------------------------03-04-2017 10:35:48
----------------------------------------------------
-------------------------START-------------------------03-04-2017 10:42:29
Page :Paging
----------------------------------------------------
Event :
----------------------------------------------------
Stack Trace :   at Campco.Common.ProductList.pagging(String pageNumber) in D:\TFS_Projects\Campco\Campco\Common\ProductList.aspx.cs:line 315
----------------------------------------------------
System.NullReferenceException: Object reference not set to an instance of an object.
   at Campco.Common.ProductList.pagging(String pageNumber) in D:\TFS_Projects\Campco\Campco\Common\ProductList.aspx.cs:line 315
-------------------------END-------------------------03-04-2017 10:42:29
----------------------------------------------------
-------------------------START-------------------------03-04-2017 10:43:45
Page :Paging
----------------------------------------------------
Event :
----------------------------------------------------
Stack Trace :   at Campco.Common.ProductList.pagging(String pageNumber) in D:\TFS_Projects\Campco\Campco\Common\ProductList.aspx.cs:line 315
----------------------------------------------------
System.NullReferenceException: Object reference not set to an instance of an object.
   at Campco.Common.ProductList.pagging(String pageNumber) in D:\TFS_Projects\Campco\Campco\Common\ProductList.aspx.cs:line 315
-------------------------END-------------------------03-04-2017 10:43:45
----------------------------------------------------
-------------------------START-------------------------03-04-2017 10:49:41
Page :Paging
----------------------------------------------------
Event :
----------------------------------------------------
Stack Trace :   at System.Web.UI.Page.get_Request()
   at Campco.Common.ProductList.pagging(String pageNumber) in D:\TFS_Projects\Campco\Campco\Common\ProductList.aspx.cs:line 316
----------------------------------------------------
System.Web.HttpException (0x80004005): Request is not available in this context
   at System.Web.UI.Page.get_Request()
   at Campco.Common.ProductList.pagging(String pageNumber) in D:\TFS_Projects\Campco\Campco\Common\ProductList.aspx.cs:line 316
-------------------------END-------------------------03-04-2017 10:49:41
----------------------------------------------------
-------------------------START-------------------------03-04-2017 10:56:46
Page :productList.aspx
----------------------------------------------------
Event :
----------------------------------------------------
Stack Trace :   at System.Threading.Thread.AbortInternal()
   at System.Threading.Thread.Abort(Object stateInfo)
   at System.Web.HttpResponse.AbortCurrentThread()
   at System.Web.HttpResponse.End()
   at System.Web.HttpResponse.Redirect(String url, Boolean endResponse, Boolean permanent)
   at System.Web.HttpResponse.Redirect(String url)
   at Campco.Common.CampcoCommon.txtSearch_TextChanged(Object sender, EventArgs e) in D:\TFS_Projects\Campco\Campco\Common\CampcoCommon.Master.cs:line 302
----------------------------------------------------
System.Threading.ThreadAbortException: Thread was being aborted.
   at System.Threading.Thread.AbortInternal()
   at System.Threading.Thread.Abort(Object stateInfo)
   at System.Web.HttpResponse.AbortCurrentThread()
   at System.Web.HttpResponse.End()
   at System.Web.HttpResponse.Redirect(String url, Boolean endResponse, Boolean permanent)
   at System.Web.HttpResponse.Redirect(String url)
   at Campco.Common.CampcoCommon.txtSearch_TextChanged(Object sender, EventArgs e) in D:\TFS_Projects\Campco\Campco\Common\CampcoCommon.Master.cs:line 302
-------------------------END-------------------------03-04-2017 10:56:46
----------------------------------------------------
-------------------------START-------------------------03-04-2017 10:58:43
Page :Paging
----------------------------------------------------
Event :
----------------------------------------------------
Stack Trace :   at System.Number.StringToNumber(String str, NumberStyles options, NumberBuffer& number, NumberFormatInfo info, Boolean parseDecimal)
   at System.Number.ParseInt32(String s, NumberStyles style, NumberFormatInfo info)
   at System.Convert.ToInt32(String value)
   at Campco.Common.ProductList.pagging(String pageNumber, String param, String catid, String search) in D:\TFS_Projects\Campco\Campco\Common\ProductList.aspx.cs:line 317
----------------------------------------------------
System.FormatException: Input string was not in a correct format.
   at System.Number.StringToNumber(String str, NumberStyles options, NumberBuffer& number, NumberFormatInfo info, Boolean parseDecimal)
   at System.Number.ParseInt32(String s, NumberStyles style, NumberFormatInfo info)
   at System.Convert.ToInt32(String value)
   at Campco.Common.ProductList.pagging(String pageNumber, String param, String catid, String search) in D:\TFS_Projects\Campco\Campco\Common\ProductList.aspx.cs:line 317
-------------------------END-------------------------03-04-2017 10:58:43
----------------------------------------------------
-------------------------START-------------------------03-04-2017 11:05:05
Page :Paging
----------------------------------------------------
Event :
----------------------------------------------------
Stack Trace :   at Campco.Common.ProductList.pagging(String pageNumber, String param, String catid, String search) in D:\TFS_Projects\Campco\Campco\Common\ProductList.aspx.cs:line 329
----------------------------------------------------
System.NullReferenceException: Object reference not set to an instance of an object.
   at Campco.Common.ProductList.pagging(String pageNumber, String param, String catid, String search) in D:\TFS_Projects\Campco\Campco\Common\ProductList.aspx.cs:line 329
-------------------------END-------------------------03-04-2017 11:05:05
----------------------------------------------------
-------------------------START-------------------------03-04-2017 11:09:26
Page :Paging
----------------------------------------------------
Event :
----------------------------------------------------
Stack Trace :   at Campco.Common.ProductList.pagging(String pageNumber, String param, String catid, String search) in D:\TFS_Projects\Campco\Campco\Common\ProductList.aspx.cs:line 331
----------------------------------------------------
System.NullReferenceException: Object reference not set to an instance of an object.
   at Campco.Common.ProductList.pagging(String pageNumber, String param, String catid, String search) in D:\TFS_Projects\Campco\Campco\Common\ProductList.aspx.cs:line 331
-------------------------END-------------------------03-04-2017 11:09:26
----------------------------------------------------
-------------------------START-------------------------03-04-2017 11:11:17
Page :Paging
----------------------------------------------------
Event :
----------------------------------------------------
Stack Trace :   at Campco.Common.ProductList.pagging(String pageNumber, String param, String catid, String search) in D:\TFS_Projects\Campco\Campco\Common\ProductList.aspx.cs:line 331
----------------------------------------------------
System.NullReferenceException: Object reference not set to an instance of an object.
   at Campco.Common.ProductList.pagging(String pageNumber, String param, String catid, String search) in D:\TFS_Projects\Campco\Campco\Common\ProductList.aspx.cs:line 331
-------------------------END-------------------------03-04-2017 11:11:17
----------------------------------------------------
-------------------------START-------------------------03-04-2017 11:12:10
Page :Paging
----------------------------------------------------
Event :
----------------------------------------------------
Stack Trace :   at Campco.Common.ProductList.pagging(String pageNumber, String param, String catid, String search) in D:\TFS_Projects\Campco\Campco\Common\ProductList.aspx.cs:line 320
----------------------------------------------------
System.NullReferenceException: Object reference not set to an instance of an object.
   at Campco.Common.ProductList.pagging(String pageNumber, String param, String catid, String search) in D:\TFS_Projects\Campco\Campco\Common\ProductList.aspx.cs:line 320
-------------------------END-------------------------03-04-2017 11:12:10
----------------------------------------------------
-------------------------START-------------------------03-04-2017 11:12:32
Page :index.aspx
----------------------------------------------------
Event :
----------------------------------------------------
Stack Trace :   at Campco.Common.index.Page_Load(Object sender, EventArgs e) in D:\TFS_Projects\Campco\Campco\Common\index.aspx.cs:line 74
----------------------------------------------------
System.NullReferenceException: Object reference not set to an instance of an object.
   at Campco.Common.index.Page_Load(Object sender, EventArgs e) in D:\TFS_Projects\Campco\Campco\Common\index.aspx.cs:line 74
-------------------------END-------------------------03-04-2017 11:12:32
----------------------------------------------------
-------------------------START-------------------------03-04-2017 11:12:33
Page :index.aspx
----------------------------------------------------
Event :
----------------------------------------------------
Stack Trace :   at Campco.Common.CampcoCommon.Page_Load(Object sender, EventArgs e) in D:\TFS_Projects\Campco\Campco\Common\CampcoCommon.Master.cs:line 135
----------------------------------------------------
System.NullReferenceException: Object reference not set to an instance of an object.
   at Campco.Common.CampcoCommon.Page_Load(Object sender, EventArgs e) in D:\TFS_Projects\Campco\Campco\Common\CampcoCommon.Master.cs:line 135
-------------------------END-------------------------03-04-2017 11:12:33
----------------------------------------------------
-------------------------START-------------------------03-04-2017 11:16:41
Page :Paging
----------------------------------------------------
Event :
----------------------------------------------------
Stack Trace :   at Campco.Common.ProductList.pagging(String pageNumber, String param, String catid, String search) in D:\TFS_Projects\Campco\Campco\Common\ProductList.aspx.cs:line 331
----------------------------------------------------
System.NullReferenceException: Object reference not set to an instance of an object.
   at Campco.Common.ProductList.pagging(String pageNumber, String param, String catid, String search) in D:\TFS_Projects\Campco\Campco\Common\ProductList.aspx.cs:line 331
-------------------------END-------------------------03-04-2017 11:16:41
----------------------------------------------------
-------------------------START-------------------------03-04-2017 11:27:16
Page :Paging
----------------------------------------------------
Event :
----------------------------------------------------
Stack Trace :   at Campco.Common.ProductList.pagging(String pageNumber, String param, String catid, String search) in D:\TFS_Projects\Campco\Campco\Common\ProductList.aspx.cs:line 330
----------------------------------------------------
System.NullReferenceException: Object reference not set to an instance of an object.
   at Campco.Common.ProductList.pagging(String pageNumber, String param, String catid, String search) in D:\TFS_Projects\Campco\Campco\Common\ProductList.aspx.cs:line 330
-------------------------END-------------------------03-04-2017 11:27:16
----------------------------------------------------
-------------------------START-------------------------03-04-2017 12:25:07
Page :productList.aspx
----------------------------------------------------
Event :
----------------------------------------------------
Stack Trace :   at System.Web.UI.UpdatePanel.Update()
   at Campco.Common.ProductList.btnfilter_click(Object sender, EventArgs e) in D:\TFS_Projects\Campco\Campco\Common\ProductList.aspx.cs:line 165
----------------------------------------------------
System.InvalidOperationException: The Update method can only be called on UpdatePanel with ID 'UpdatePanel1' when UpdateMode is set to Conditional.
   at System.Web.UI.UpdatePanel.Update()
   at Campco.Common.ProductList.btnfilter_click(Object sender, EventArgs e) in D:\TFS_Projects\Campco\Campco\Common\ProductList.aspx.cs:line 165
-------------------------END-------------------------03-04-2017 12:25:07
----------------------------------------------------
-------------------------START-------------------------03-04-2017 13:28:20
Page :productList.aspx
----------------------------------------------------
Event :
----------------------------------------------------
Stack Trace :   at System.Web.UI.UpdatePanel.Update()
   at Campco.Common.ProductList.btnfilter_click(Object sender, EventArgs e) in D:\TFS_Projects\Campco\Campco\Common\ProductList.aspx.cs:line 165
----------------------------------------------------
System.InvalidOperationException: The Update method can only be called on UpdatePanel with ID 'UpdatePanel1' when UpdateMode is set to Conditional.
   at System.Web.UI.UpdatePanel.Update()
   at Campco.Common.ProductList.btnfilter_click(Object sender, EventArgs e) in D:\TFS_Projects\Campco\Campco\Common\ProductList.aspx.cs:line 165
-------------------------END-------------------------03-04-2017 13:28:20
----------------------------------------------------
-------------------------START-------------------------03-04-2017 13:36:16
Page :productList.aspx
----------------------------------------------------
Event :
----------------------------------------------------
Stack Trace :   at System.Web.UI.UpdatePanel.Update()
   at Campco.Common.ProductList.btnfilter_click(Object sender, EventArgs e) in D:\TFS_Projects\Campco\Campco\Common\ProductList.aspx.cs:line 165
----------------------------------------------------
System.InvalidOperationException: The Update method can only be called on UpdatePanel with ID 'UpdatePanel1' when UpdateMode is set to Conditional.
   at System.Web.UI.UpdatePanel.Update()
   at Campco.Common.ProductList.btnfilter_click(Object sender, EventArgs e) in D:\TFS_Projects\Campco\Campco\Common\ProductList.aspx.cs:line 165
-------------------------END-------------------------03-04-2017 13:36:16
----------------------------------------------------
-------------------------START-------------------------03-04-2017 13:36:25
Page :productList.aspx
----------------------------------------------------
Event :
----------------------------------------------------
Stack Trace :   at System.Web.UI.UpdatePanel.Update()
   at Campco.Common.ProductList.btnfilter_click(Object sender, EventArgs e) in D:\TFS_Projects\Campco\Campco\Common\ProductList.aspx.cs:line 165
----------------------------------------------------
System.InvalidOperationException: The Update method can only be called on UpdatePanel with ID 'UpdatePanel1' when UpdateMode is set to Conditional.
   at System.Web.UI.UpdatePanel.Update()
   at Campco.Common.ProductList.btnfilter_click(Object sender, EventArgs e) in D:\TFS_Projects\Campco\Campco\Common\ProductList.aspx.cs:line 165
-------------------------END-------------------------03-04-2017 13:36:25
----------------------------------------------------
-------------------------START-------------------------03-04-2017 13:37:14
Page :productList.aspx
----------------------------------------------------
Event :
----------------------------------------------------
Stack Trace :   at System.Web.UI.UpdatePanel.Update()
   at Campco.Common.ProductList.btnfilter_click(Object sender, EventArgs e) in D:\TFS_Projects\Campco\Campco\Common\ProductList.aspx.cs:line 165
----------------------------------------------------
System.InvalidOperationException: The Update method can only be called on UpdatePanel with ID 'UpdatePanel1' when UpdateMode is set to Conditional.
   at System.Web.UI.UpdatePanel.Update()
   at Campco.Common.ProductList.btnfilter_click(Object sender, EventArgs e) in D:\TFS_Projects\Campco\Campco\Common\ProductList.aspx.cs:line 165
-------------------------END-------------------------03-04-2017 13:37:14
----------------------------------------------------
-------------------------START-------------------------03-04-2017 14:53:34
Page :index.aspx
----------------------------------------------------
Event :
----------------------------------------------------
Stack Trace :   at Campco.Common.index.Page_Load(Object sender, EventArgs e) in D:\TFS_Projects\Campco\Campco\Common\index.aspx.cs:line 74
----------------------------------------------------
System.NullReferenceException: Object reference not set to an instance of an object.
   at Campco.Common.index.Page_Load(Object sender, EventArgs e) in D:\TFS_Projects\Campco\Campco\Common\index.aspx.cs:line 74
-------------------------END-------------------------03-04-2017 14:53:34
----------------------------------------------------
-------------------------START-------------------------03-04-2017 14:53:35
Page :index.aspx
----------------------------------------------------
Event :
----------------------------------------------------
Stack Trace :   at Campco.Common.CampcoCommon.Page_Load(Object sender, EventArgs e) in D:\TFS_Projects\Campco\Campco\Common\CampcoCommon.Master.cs:line 137
----------------------------------------------------
System.NullReferenceException: Object reference not set to an instance of an object.
   at Campco.Common.CampcoCommon.Page_Load(Object sender, EventArgs e) in D:\TFS_Projects\Campco\Campco\Common\CampcoCommon.Master.cs:line 137
-------------------------END-------------------------03-04-2017 14:53:35
----------------------------------------------------
-------------------------START-------------------------03-04-2017 14:55:13
Page :productList.aspx
----------------------------------------------------
Event :
----------------------------------------------------
Stack Trace :   at System.Web.UI.UpdatePanel.Update()
   at Campco.Common.ProductList.btnfilter_click(Object sender, EventArgs e) in D:\TFS_Projects\Campco\Campco\Common\ProductList.aspx.cs:line 165
----------------------------------------------------
System.InvalidOperationException: The Update method can only be called on UpdatePanel with ID 'UpdatePanel1' when UpdateMode is set to Conditional.
   at System.Web.UI.UpdatePanel.Update()
   at Campco.Common.ProductList.btnfilter_click(Object sender, EventArgs e) in D:\TFS_Projects\Campco\Campco\Common\ProductList.aspx.cs:line 165
-------------------------END-------------------------03-04-2017 14:55:13
----------------------------------------------------
-------------------------START-------------------------03-04-2017 15:56:15
Page :productList.aspx
----------------------------------------------------
Event :
----------------------------------------------------
Stack Trace :   at System.Web.UI.UpdatePanel.Update()
   at Campco.Common.ProductList.btnfilter_click(Object sender, EventArgs e) in D:\TFS_Projects\Campco\Campco\Common\ProductList.aspx.cs:line 165
----------------------------------------------------
System.InvalidOperationException: The Update method can only be called on UpdatePanel with ID 'UpdatePanel1' when UpdateMode is set to Conditional.
   at System.Web.UI.UpdatePanel.Update()
   at Campco.Common.ProductList.btnfilter_click(Object sender, EventArgs e) in D:\TFS_Projects\Campco\Campco\Common\ProductList.aspx.cs:line 165
-------------------------END-------------------------03-04-2017 15:56:15
----------------------------------------------------
-------------------------START-------------------------03-04-2017 15:58:20
Page :productList.aspx
----------------------------------------------------
Event :
----------------------------------------------------
Stack Trace :   at System.Web.UI.UpdatePanel.Update()
   at Campco.Common.ProductList.btnfilter_click(Object sender, EventArgs e) in D:\TFS_Projects\Campco\Campco\Common\ProductList.aspx.cs:line 165
----------------------------------------------------
System.InvalidOperationException: The Update method can only be called on UpdatePanel with ID 'UpdatePanel1' when UpdateMode is set to Conditional.
   at System.Web.UI.UpdatePanel.Update()
   at Campco.Common.ProductList.btnfilter_click(Object sender, EventArgs e) in D:\TFS_Projects\Campco\Campco\Common\ProductList.aspx.cs:line 165
-------------------------END-------------------------03-04-2017 15:58:20
----------------------------------------------------
-------------------------START-------------------------03-04-2017 15:58:32
Page :productList.aspx
----------------------------------------------------
Event :
----------------------------------------------------
Stack Trace :   at System.Web.UI.UpdatePanel.Update()
   at Campco.Common.ProductList.btnfilter_click(Object sender, EventArgs e) in D:\TFS_Projects\Campco\Campco\Common\ProductList.aspx.cs:line 165
----------------------------------------------------
System.InvalidOperationException: The Update method can only be called on UpdatePanel with ID 'UpdatePanel1' when UpdateMode is set to Conditional.
   at System.Web.UI.UpdatePanel.Update()
   at Campco.Common.ProductList.btnfilter_click(Object sender, EventArgs e) in D:\TFS_Projects\Campco\Campco\Common\ProductList.aspx.cs:line 165
-------------------------END-------------------------03-04-2017 15:58:32
----------------------------------------------------
-------------------------START-------------------------03-04-2017 15:59:36
Page :productList.aspx
----------------------------------------------------
Event :
----------------------------------------------------
Stack Trace :   at System.Web.UI.UpdatePanel.Update()
   at Campco.Common.ProductList.btnfilter_click(Object sender, EventArgs e) in D:\TFS_Projects\Campco\Campco\Common\ProductList.aspx.cs:line 165
----------------------------------------------------
System.InvalidOperationException: The Update method can only be called on UpdatePanel with ID 'UpdatePanel1' when UpdateMode is set to Conditional.
   at System.Web.UI.UpdatePanel.Update()
   at Campco.Common.ProductList.btnfilter_click(Object sender, EventArgs e) in D:\TFS_Projects\Campco\Campco\Common\ProductList.aspx.cs:line 165
-------------------------END-------------------------03-04-2017 15:59:36
----------------------------------------------------
-------------------------START-------------------------03-04-2017 16:00:16
Page :productList.aspx
----------------------------------------------------
Event :
----------------------------------------------------
Stack Trace :   at System.Web.UI.UpdatePanel.Update()
   at Campco.Common.ProductList.btnfilter_click(Object sender, EventArgs e) in D:\TFS_Projects\Campco\Campco\Common\ProductList.aspx.cs:line 165
----------------------------------------------------
System.InvalidOperationException: The Update method can only be called on UpdatePanel with ID 'UpdatePanel1' when UpdateMode is set to Conditional.
   at System.Web.UI.UpdatePanel.Update()
   at Campco.Common.ProductList.btnfilter_click(Object sender, EventArgs e) in D:\TFS_Projects\Campco\Campco\Common\ProductList.aspx.cs:line 165
-------------------------END-------------------------03-04-2017 16:00:16
----------------------------------------------------
-------------------------START-------------------------03-04-2017 17:20:49
Page :productList.aspx
----------------------------------------------------
Event :
----------------------------------------------------
Stack Trace :   at System.Web.UI.UpdatePanel.Update()
   at Campco.Common.ProductList.btnfilter_click(Object sender, EventArgs e) in D:\TFS_Projects\Campco\Campco\Common\ProductList.aspx.cs:line 165
----------------------------------------------------
System.InvalidOperationException: The Update method can only be called on UpdatePanel with ID 'UpdatePanel1' when UpdateMode is set to Conditional.
   at System.Web.UI.UpdatePanel.Update()
   at Campco.Common.ProductList.btnfilter_click(Object sender, EventArgs e) in D:\TFS_Projects\Campco\Campco\Common\ProductList.aspx.cs:line 165
-------------------------END-------------------------03-04-2017 17:20:49
----------------------------------------------------
-------------------------START-------------------------03-04-2017 17:21:21
Page :productList.aspx
----------------------------------------------------
Event :
----------------------------------------------------
Stack Trace :   at System.Web.UI.UpdatePanel.Update()
   at Campco.Common.ProductList.btnfilter_click(Object sender, EventArgs e) in D:\TFS_Projects\Campco\Campco\Common\ProductList.aspx.cs:line 165
----------------------------------------------------
System.InvalidOperationException: The Update method can only be called on UpdatePanel with ID 'UpdatePanel1' when UpdateMode is set to Conditional.
   at System.Web.UI.UpdatePanel.Update()
   at Campco.Common.ProductList.btnfilter_click(Object sender, EventArgs e) in D:\TFS_Projects\Campco\Campco\Common\ProductList.aspx.cs:line 165
-------------------------END-------------------------03-04-2017 17:21:21
----------------------------------------------------
-------------------------START-------------------------03-04-2017 17:21:38
Page :productList.aspx
----------------------------------------------------
Event :
----------------------------------------------------
Stack Trace :   at System.Web.UI.UpdatePanel.Update()
   at Campco.Common.ProductList.btnfilter_click(Object sender, EventArgs e) in D:\TFS_Projects\Campco\Campco\Common\ProductList.aspx.cs:line 165
----------------------------------------------------
System.InvalidOperationException: The Update method can only be called on UpdatePanel with ID 'UpdatePanel1' when UpdateMode is set to Conditional.
   at System.Web.UI.UpdatePanel.Update()
   at Campco.Common.ProductList.btnfilter_click(Object sender, EventArgs e) in D:\TFS_Projects\Campco\Campco\Common\ProductList.aspx.cs:line 165
-------------------------END-------------------------03-04-2017 17:21:38
----------------------------------------------------
