-------------------------START-------------------------08-03-2017 14:11:00
Page :index.aspx
----------------------------------------------------
Stack Trace :   at Campco.Common.index.Page_Load(Object sender, EventArgs e) in D:\TFS_Projects\Campco\Campco\Common\index.aspx.cs:line 73
----------------------------------------------------
System.NullReferenceException: Object reference not set to an instance of an object.
   at Campco.Common.index.Page_Load(Object sender, EventArgs e) in D:\TFS_Projects\Campco\Campco\Common\index.aspx.cs:line 73
-------------------------END-------------------------08-03-2017 14:11:00
----------------------------------------------------
-------------------------START-------------------------08-03-2017 14:11:36
Page :index.aspx
----------------------------------------------------
Stack Trace :   at Campco.Common.index.Page_Load(Object sender, EventArgs e) in D:\TFS_Projects\Campco\Campco\Common\index.aspx.cs:line 73
----------------------------------------------------
System.NullReferenceException: Object reference not set to an instance of an object.
   at Campco.Common.index.Page_Load(Object sender, EventArgs e) in D:\TFS_Projects\Campco\Campco\Common\index.aspx.cs:line 73
-------------------------END-------------------------08-03-2017 14:11:36
----------------------------------------------------
-------------------------START-------------------------08-03-2017 14:12:55
Page :index.aspx
----------------------------------------------------
Stack Trace :   at System.Threading.Thread.AbortInternal()
   at System.Threading.Thread.Abort(Object stateInfo)
   at System.Web.HttpResponse.AbortCurrentThread()
   at System.Web.HttpResponse.Redirect(String url, Boolean endResponse, Boolean permanent)
   at Campco.Common.CampcoCommon.lnkSinIn_Click(Object sender, EventArgs e) in D:\TFS_Projects\Campco\Campco\Common\CampcoCommon.Master.cs:line 210
----------------------------------------------------
System.Threading.ThreadAbortException: Thread was being aborted.
   at System.Threading.Thread.AbortInternal()
   at System.Threading.Thread.Abort(Object stateInfo)
   at System.Web.HttpResponse.AbortCurrentThread()
   at System.Web.HttpResponse.Redirect(String url, Boolean endResponse, Boolean permanent)
   at Campco.Common.CampcoCommon.lnkSinIn_Click(Object sender, EventArgs e) in D:\TFS_Projects\Campco\Campco\Common\CampcoCommon.Master.cs:line 210
-------------------------END-------------------------08-03-2017 14:12:55
----------------------------------------------------
-------------------------START-------------------------08-03-2017 14:16:31
Page :CheckOut.aspx
----------------------------------------------------
Stack Trace :   at Campco.dbUtility.GetCustomer(String ApiLoginID, String ApiTransactionKey, String CustomerProfileID) in D:\TFS_Projects\Campco\Campco\AppCode\dbUtility.cs:line 1705
   at Campco.Common.CheckOut.Page_Load(Object sender, EventArgs e) in D:\TFS_Projects\Campco\Campco\Common\CheckOut.aspx.cs:line 76
----------------------------------------------------
System.NullReferenceException: Object reference not set to an instance of an object.
   at Campco.dbUtility.GetCustomer(String ApiLoginID, String ApiTransactionKey, String CustomerProfileID) in D:\TFS_Projects\Campco\Campco\AppCode\dbUtility.cs:line 1705
   at Campco.Common.CheckOut.Page_Load(Object sender, EventArgs e) in D:\TFS_Projects\Campco\Campco\Common\CheckOut.aspx.cs:line 76
-------------------------END-------------------------08-03-2017 14:16:31
----------------------------------------------------
-------------------------START-------------------------08-03-2017 14:17:41
Page :CheckOut.aspx
----------------------------------------------------
Stack Trace :   at Campco.dbUtility.GetCustomer(String ApiLoginID, String ApiTransactionKey, String CustomerProfileID) in D:\TFS_Projects\Campco\Campco\AppCode\dbUtility.cs:line 1705
   at Campco.Common.CheckOut.Page_Load(Object sender, EventArgs e) in D:\TFS_Projects\Campco\Campco\Common\CheckOut.aspx.cs:line 76
----------------------------------------------------
System.NullReferenceException: Object reference not set to an instance of an object.
   at Campco.dbUtility.GetCustomer(String ApiLoginID, String ApiTransactionKey, String CustomerProfileID) in D:\TFS_Projects\Campco\Campco\AppCode\dbUtility.cs:line 1705
   at Campco.Common.CheckOut.Page_Load(Object sender, EventArgs e) in D:\TFS_Projects\Campco\Campco\Common\CheckOut.aspx.cs:line 76
-------------------------END-------------------------08-03-2017 14:17:41
----------------------------------------------------
-------------------------START-------------------------08-03-2017 14:18:44
Page :CheckOut.aspx
----------------------------------------------------
Stack Trace :   at System.Threading.Thread.AbortInternal()
   at System.Threading.Thread.Abort(Object stateInfo)
   at System.Web.HttpResponse.AbortCurrentThread()
   at System.Web.HttpResponse.Redirect(String url, Boolean endResponse, Boolean permanent)
   at Campco.Common.CheckOut.btnProcessOrder_Click(Object sender, EventArgs e) in D:\TFS_Projects\Campco\Campco\Common\CheckOut.aspx.cs:line 606
----------------------------------------------------
System.Threading.ThreadAbortException: Thread was being aborted.
   at System.Threading.Thread.AbortInternal()
   at System.Threading.Thread.Abort(Object stateInfo)
   at System.Web.HttpResponse.AbortCurrentThread()
   at System.Web.HttpResponse.Redirect(String url, Boolean endResponse, Boolean permanent)
   at Campco.Common.CheckOut.btnProcessOrder_Click(Object sender, EventArgs e) in D:\TFS_Projects\Campco\Campco\Common\CheckOut.aspx.cs:line 606
-------------------------END-------------------------08-03-2017 14:18:44
----------------------------------------------------
-------------------------START-------------------------08-03-2017 14:23:33
Page :Thankyou.aspx
----------------------------------------------------
Stack Trace :   at System.Threading.Thread.AbortInternal()
   at System.Threading.Thread.Abort(Object stateInfo)
   at System.Web.HttpResponse.AbortCurrentThread()
   at System.Web.HttpResponse.Redirect(String url, Boolean endResponse, Boolean permanent)
   at Campco.Common.CampcoCommon.lnkSignout_Click(Object sender, EventArgs e) in D:\TFS_Projects\Campco\Campco\Common\CampcoCommon.Master.cs:line 231
----------------------------------------------------
System.Threading.ThreadAbortException: Thread was being aborted.
   at System.Threading.Thread.AbortInternal()
   at System.Threading.Thread.Abort(Object stateInfo)
   at System.Web.HttpResponse.AbortCurrentThread()
   at System.Web.HttpResponse.Redirect(String url, Boolean endResponse, Boolean permanent)
   at Campco.Common.CampcoCommon.lnkSignout_Click(Object sender, EventArgs e) in D:\TFS_Projects\Campco\Campco\Common\CampcoCommon.Master.cs:line 231
-------------------------END-------------------------08-03-2017 14:23:33
----------------------------------------------------
-------------------------START-------------------------08-03-2017 14:23:38
Page :index.aspx
----------------------------------------------------
Stack Trace :   at System.Threading.Thread.AbortInternal()
   at System.Threading.Thread.Abort(Object stateInfo)
   at System.Web.HttpResponse.AbortCurrentThread()
   at System.Web.HttpResponse.Redirect(String url, Boolean endResponse, Boolean permanent)
   at Campco.Common.CampcoCommon.lnkSinIn_Click(Object sender, EventArgs e) in D:\TFS_Projects\Campco\Campco\Common\CampcoCommon.Master.cs:line 210
----------------------------------------------------
System.Threading.ThreadAbortException: Thread was being aborted.
   at System.Threading.Thread.AbortInternal()
   at System.Threading.Thread.Abort(Object stateInfo)
   at System.Web.HttpResponse.AbortCurrentThread()
   at System.Web.HttpResponse.Redirect(String url, Boolean endResponse, Boolean permanent)
   at Campco.Common.CampcoCommon.lnkSinIn_Click(Object sender, EventArgs e) in D:\TFS_Projects\Campco\Campco\Common\CampcoCommon.Master.cs:line 210
-------------------------END-------------------------08-03-2017 14:23:38
----------------------------------------------------
-------------------------START-------------------------08-03-2017 14:24:02
Page :CheckOut.aspx
----------------------------------------------------
Stack Trace :   at Campco.dbUtility.GetCustomer(String ApiLoginID, String ApiTransactionKey, String CustomerProfileID) in D:\TFS_Projects\Campco\Campco\AppCode\dbUtility.cs:line 1705
   at Campco.Common.CheckOut.Page_Load(Object sender, EventArgs e) in D:\TFS_Projects\Campco\Campco\Common\CheckOut.aspx.cs:line 76
----------------------------------------------------
System.NullReferenceException: Object reference not set to an instance of an object.
   at Campco.dbUtility.GetCustomer(String ApiLoginID, String ApiTransactionKey, String CustomerProfileID) in D:\TFS_Projects\Campco\Campco\AppCode\dbUtility.cs:line 1705
   at Campco.Common.CheckOut.Page_Load(Object sender, EventArgs e) in D:\TFS_Projects\Campco\Campco\Common\CheckOut.aspx.cs:line 76
-------------------------END-------------------------08-03-2017 14:24:02
----------------------------------------------------
-------------------------START-------------------------08-03-2017 14:24:29
Page :CheckOut.aspx
----------------------------------------------------
Stack Trace :   at Campco.dbUtility.GetCustomer(String ApiLoginID, String ApiTransactionKey, String CustomerProfileID) in D:\TFS_Projects\Campco\Campco\AppCode\dbUtility.cs:line 1705
   at Campco.Common.CheckOut.Page_Load(Object sender, EventArgs e) in D:\TFS_Projects\Campco\Campco\Common\CheckOut.aspx.cs:line 76
----------------------------------------------------
System.NullReferenceException: Object reference not set to an instance of an object.
   at Campco.dbUtility.GetCustomer(String ApiLoginID, String ApiTransactionKey, String CustomerProfileID) in D:\TFS_Projects\Campco\Campco\AppCode\dbUtility.cs:line 1705
   at Campco.Common.CheckOut.Page_Load(Object sender, EventArgs e) in D:\TFS_Projects\Campco\Campco\Common\CheckOut.aspx.cs:line 76
-------------------------END-------------------------08-03-2017 14:24:29
----------------------------------------------------
-------------------------START-------------------------08-03-2017 14:25:23
Page :CheckOut.aspx
----------------------------------------------------
Stack Trace :   at System.Threading.Thread.AbortInternal()
   at System.Threading.Thread.Abort(Object stateInfo)
   at System.Web.HttpResponse.AbortCurrentThread()
   at System.Web.HttpResponse.Redirect(String url, Boolean endResponse, Boolean permanent)
   at Campco.Common.CheckOut.btnProcessOrder_Click(Object sender, EventArgs e) in D:\TFS_Projects\Campco\Campco\Common\CheckOut.aspx.cs:line 606
----------------------------------------------------
System.Threading.ThreadAbortException: Thread was being aborted.
   at System.Threading.Thread.AbortInternal()
   at System.Threading.Thread.Abort(Object stateInfo)
   at System.Web.HttpResponse.AbortCurrentThread()
   at System.Web.HttpResponse.Redirect(String url, Boolean endResponse, Boolean permanent)
   at Campco.Common.CheckOut.btnProcessOrder_Click(Object sender, EventArgs e) in D:\TFS_Projects\Campco\Campco\Common\CheckOut.aspx.cs:line 606
-------------------------END-------------------------08-03-2017 14:25:23
----------------------------------------------------
-------------------------START-------------------------08-03-2017 14:36:08
Page :index.aspx
----------------------------------------------------
Stack Trace :   at Campco.Common.index.Page_Load(Object sender, EventArgs e) in D:\TFS_Projects\Campco\Campco\Common\index.aspx.cs:line 73
----------------------------------------------------
System.NullReferenceException: Object reference not set to an instance of an object.
   at Campco.Common.index.Page_Load(Object sender, EventArgs e) in D:\TFS_Projects\Campco\Campco\Common\index.aspx.cs:line 73
-------------------------END-------------------------08-03-2017 14:36:08
----------------------------------------------------
-------------------------START-------------------------08-03-2017 14:46:07
Page :index.aspx
----------------------------------------------------
Stack Trace :   at Campco.Common.index.Page_Load(Object sender, EventArgs e) in D:\TFS_Projects\Campco\Campco\Common\index.aspx.cs:line 73
----------------------------------------------------
System.NullReferenceException: Object reference not set to an instance of an object.
   at Campco.Common.index.Page_Load(Object sender, EventArgs e) in D:\TFS_Projects\Campco\Campco\Common\index.aspx.cs:line 73
-------------------------END-------------------------08-03-2017 14:46:07
----------------------------------------------------
-------------------------START-------------------------08-03-2017 14:46:42
Page :index.aspx
----------------------------------------------------
Stack Trace :   at Campco.Common.index.Page_Load(Object sender, EventArgs e) in D:\TFS_Projects\Campco\Campco\Common\index.aspx.cs:line 73
----------------------------------------------------
System.NullReferenceException: Object reference not set to an instance of an object.
   at Campco.Common.index.Page_Load(Object sender, EventArgs e) in D:\TFS_Projects\Campco\Campco\Common\index.aspx.cs:line 73
-------------------------END-------------------------08-03-2017 14:46:42
----------------------------------------------------
-------------------------START-------------------------08-03-2017 14:47:54
Page :index.aspx
----------------------------------------------------
Stack Trace :   at Campco.Common.index.Page_Load(Object sender, EventArgs e) in D:\TFS_Projects\Campco\Campco\Common\index.aspx.cs:line 73
----------------------------------------------------
System.NullReferenceException: Object reference not set to an instance of an object.
   at Campco.Common.index.Page_Load(Object sender, EventArgs e) in D:\TFS_Projects\Campco\Campco\Common\index.aspx.cs:line 73
-------------------------END-------------------------08-03-2017 14:47:54
----------------------------------------------------
-------------------------START-------------------------08-03-2017 14:50:33
Page :index.aspx
----------------------------------------------------
Stack Trace :   at System.Threading.Thread.AbortInternal()
   at System.Threading.Thread.Abort(Object stateInfo)
   at System.Web.HttpResponse.AbortCurrentThread()
   at System.Web.HttpResponse.Redirect(String url, Boolean endResponse, Boolean permanent)
   at Campco.Common.CampcoCommon.lnkSinIn_Click(Object sender, EventArgs e) in D:\TFS_Projects\Campco\Campco\Common\CampcoCommon.Master.cs:line 210
----------------------------------------------------
System.Threading.ThreadAbortException: Thread was being aborted.
   at System.Threading.Thread.AbortInternal()
   at System.Threading.Thread.Abort(Object stateInfo)
   at System.Web.HttpResponse.AbortCurrentThread()
   at System.Web.HttpResponse.Redirect(String url, Boolean endResponse, Boolean permanent)
   at Campco.Common.CampcoCommon.lnkSinIn_Click(Object sender, EventArgs e) in D:\TFS_Projects\Campco\Campco\Common\CampcoCommon.Master.cs:line 210
-------------------------END-------------------------08-03-2017 14:50:33
----------------------------------------------------
-------------------------START-------------------------08-03-2017 14:51:01
Page :CheckOut.aspx
----------------------------------------------------
Stack Trace :   at Campco.dbUtility.GetCustomer(String ApiLoginID, String ApiTransactionKey, String CustomerProfileID) in D:\TFS_Projects\Campco\Campco\AppCode\dbUtility.cs:line 1705
   at Campco.Common.CheckOut.Page_Load(Object sender, EventArgs e) in D:\TFS_Projects\Campco\Campco\Common\CheckOut.aspx.cs:line 76
----------------------------------------------------
System.NullReferenceException: Object reference not set to an instance of an object.
   at Campco.dbUtility.GetCustomer(String ApiLoginID, String ApiTransactionKey, String CustomerProfileID) in D:\TFS_Projects\Campco\Campco\AppCode\dbUtility.cs:line 1705
   at Campco.Common.CheckOut.Page_Load(Object sender, EventArgs e) in D:\TFS_Projects\Campco\Campco\Common\CheckOut.aspx.cs:line 76
-------------------------END-------------------------08-03-2017 14:51:01
----------------------------------------------------
-------------------------START-------------------------08-03-2017 14:52:28
Page :CheckOut.aspx
----------------------------------------------------
Stack Trace :   at Campco.dbUtility.GetCustomer(String ApiLoginID, String ApiTransactionKey, String CustomerProfileID) in D:\TFS_Projects\Campco\Campco\AppCode\dbUtility.cs:line 1705
   at Campco.Common.CheckOut.Page_Load(Object sender, EventArgs e) in D:\TFS_Projects\Campco\Campco\Common\CheckOut.aspx.cs:line 76
----------------------------------------------------
System.NullReferenceException: Object reference not set to an instance of an object.
   at Campco.dbUtility.GetCustomer(String ApiLoginID, String ApiTransactionKey, String CustomerProfileID) in D:\TFS_Projects\Campco\Campco\AppCode\dbUtility.cs:line 1705
   at Campco.Common.CheckOut.Page_Load(Object sender, EventArgs e) in D:\TFS_Projects\Campco\Campco\Common\CheckOut.aspx.cs:line 76
-------------------------END-------------------------08-03-2017 14:52:28
----------------------------------------------------
-------------------------START-------------------------08-03-2017 14:53:41
Page :index.aspx
----------------------------------------------------
Stack Trace :   at Campco.Common.index.Page_Load(Object sender, EventArgs e) in D:\TFS_Projects\Campco\Campco\Common\index.aspx.cs:line 73
----------------------------------------------------
System.NullReferenceException: Object reference not set to an instance of an object.
   at Campco.Common.index.Page_Load(Object sender, EventArgs e) in D:\TFS_Projects\Campco\Campco\Common\index.aspx.cs:line 73
-------------------------END-------------------------08-03-2017 14:53:41
----------------------------------------------------
-------------------------START-------------------------08-03-2017 14:54:15
Page :index.aspx
----------------------------------------------------
Stack Trace :   at Campco.Common.index.Page_Load(Object sender, EventArgs e) in D:\TFS_Projects\Campco\Campco\Common\index.aspx.cs:line 73
----------------------------------------------------
System.NullReferenceException: Object reference not set to an instance of an object.
   at Campco.Common.index.Page_Load(Object sender, EventArgs e) in D:\TFS_Projects\Campco\Campco\Common\index.aspx.cs:line 73
-------------------------END-------------------------08-03-2017 14:54:15
----------------------------------------------------
-------------------------START-------------------------08-03-2017 14:56:15
Page :index.aspx
----------------------------------------------------
Stack Trace :   at Campco.Common.index.Page_Load(Object sender, EventArgs e) in D:\TFS_Projects\Campco\Campco\Common\index.aspx.cs:line 73
----------------------------------------------------
System.NullReferenceException: Object reference not set to an instance of an object.
   at Campco.Common.index.Page_Load(Object sender, EventArgs e) in D:\TFS_Projects\Campco\Campco\Common\index.aspx.cs:line 73
-------------------------END-------------------------08-03-2017 14:56:15
----------------------------------------------------
-------------------------START-------------------------08-03-2017 15:15:16
Page :index.aspx
----------------------------------------------------
Stack Trace :   at Campco.Common.index.Page_Load(Object sender, EventArgs e) in D:\TFS_Projects\Campco\Campco\Common\index.aspx.cs:line 73
----------------------------------------------------
System.NullReferenceException: Object reference not set to an instance of an object.
   at Campco.Common.index.Page_Load(Object sender, EventArgs e) in D:\TFS_Projects\Campco\Campco\Common\index.aspx.cs:line 73
-------------------------END-------------------------08-03-2017 15:15:16
----------------------------------------------------
-------------------------START-------------------------08-03-2017 15:16:41
Page :index.aspx
----------------------------------------------------
Stack Trace :   at Campco.Common.index.Page_Load(Object sender, EventArgs e) in D:\TFS_Projects\Campco\Campco\Common\index.aspx.cs:line 73
----------------------------------------------------
System.NullReferenceException: Object reference not set to an instance of an object.
   at Campco.Common.index.Page_Load(Object sender, EventArgs e) in D:\TFS_Projects\Campco\Campco\Common\index.aspx.cs:line 73
-------------------------END-------------------------08-03-2017 15:16:41
----------------------------------------------------
-------------------------START-------------------------08-03-2017 15:17:13
Page :index.aspx
----------------------------------------------------
Stack Trace :   at Campco.Common.index.Page_Load(Object sender, EventArgs e) in D:\TFS_Projects\Campco\Campco\Common\index.aspx.cs:line 73
----------------------------------------------------
System.NullReferenceException: Object reference not set to an instance of an object.
   at Campco.Common.index.Page_Load(Object sender, EventArgs e) in D:\TFS_Projects\Campco\Campco\Common\index.aspx.cs:line 73
-------------------------END-------------------------08-03-2017 15:17:13
----------------------------------------------------
-------------------------START-------------------------08-03-2017 15:20:34
Page :index.aspx
----------------------------------------------------
Stack Trace :   at System.Threading.Thread.AbortInternal()
   at System.Threading.Thread.Abort(Object stateInfo)
   at System.Web.HttpResponse.AbortCurrentThread()
   at System.Web.HttpResponse.Redirect(String url, Boolean endResponse, Boolean permanent)
   at Campco.Common.CampcoCommon.lnkSinIn_Click(Object sender, EventArgs e) in D:\TFS_Projects\Campco\Campco\Common\CampcoCommon.Master.cs:line 210
----------------------------------------------------
System.Threading.ThreadAbortException: Thread was being aborted.
   at System.Threading.Thread.AbortInternal()
   at System.Threading.Thread.Abort(Object stateInfo)
   at System.Web.HttpResponse.AbortCurrentThread()
   at System.Web.HttpResponse.Redirect(String url, Boolean endResponse, Boolean permanent)
   at Campco.Common.CampcoCommon.lnkSinIn_Click(Object sender, EventArgs e) in D:\TFS_Projects\Campco\Campco\Common\CampcoCommon.Master.cs:line 210
-------------------------END-------------------------08-03-2017 15:20:34
----------------------------------------------------
-------------------------START-------------------------08-03-2017 15:23:13
Page :CheckOut.aspx
----------------------------------------------------
Stack Trace :   at System.Threading.Thread.AbortInternal()
   at System.Threading.Thread.Abort(Object stateInfo)
   at System.Web.HttpResponse.AbortCurrentThread()
   at System.Web.HttpResponse.Redirect(String url, Boolean endResponse, Boolean permanent)
   at Campco.Common.CheckOut.btnProcessOrder_Click(Object sender, EventArgs e) in D:\TFS_Projects\Campco\Campco\Common\CheckOut.aspx.cs:line 613
----------------------------------------------------
System.Threading.ThreadAbortException: Thread was being aborted.
   at System.Threading.Thread.AbortInternal()
   at System.Threading.Thread.Abort(Object stateInfo)
   at System.Web.HttpResponse.AbortCurrentThread()
   at System.Web.HttpResponse.Redirect(String url, Boolean endResponse, Boolean permanent)
   at Campco.Common.CheckOut.btnProcessOrder_Click(Object sender, EventArgs e) in D:\TFS_Projects\Campco\Campco\Common\CheckOut.aspx.cs:line 613
-------------------------END-------------------------08-03-2017 15:23:13
----------------------------------------------------
-------------------------START-------------------------08-03-2017 15:25:11
Page :index.aspx
----------------------------------------------------
Stack Trace :   at Campco.Common.index.Page_Load(Object sender, EventArgs e) in D:\TFS_Projects\Campco\Campco\Common\index.aspx.cs:line 73
----------------------------------------------------
System.NullReferenceException: Object reference not set to an instance of an object.
   at Campco.Common.index.Page_Load(Object sender, EventArgs e) in D:\TFS_Projects\Campco\Campco\Common\index.aspx.cs:line 73
-------------------------END-------------------------08-03-2017 15:25:11
----------------------------------------------------
-------------------------START-------------------------08-03-2017 15:26:21
Page :index.aspx
----------------------------------------------------
Stack Trace :   at System.Threading.Thread.AbortInternal()
   at System.Threading.Thread.Abort(Object stateInfo)
   at System.Web.HttpResponse.AbortCurrentThread()
   at System.Web.HttpResponse.Redirect(String url, Boolean endResponse, Boolean permanent)
   at Campco.Common.CampcoCommon.lnkSinIn_Click(Object sender, EventArgs e) in D:\TFS_Projects\Campco\Campco\Common\CampcoCommon.Master.cs:line 210
----------------------------------------------------
System.Threading.ThreadAbortException: Thread was being aborted.
   at System.Threading.Thread.AbortInternal()
   at System.Threading.Thread.Abort(Object stateInfo)
   at System.Web.HttpResponse.AbortCurrentThread()
   at System.Web.HttpResponse.Redirect(String url, Boolean endResponse, Boolean permanent)
   at Campco.Common.CampcoCommon.lnkSinIn_Click(Object sender, EventArgs e) in D:\TFS_Projects\Campco\Campco\Common\CampcoCommon.Master.cs:line 210
-------------------------END-------------------------08-03-2017 15:26:21
----------------------------------------------------
-------------------------START-------------------------08-03-2017 15:28:20
Page :CheckOut.aspx
----------------------------------------------------
Stack Trace :   at System.Threading.Thread.AbortInternal()
   at System.Threading.Thread.Abort(Object stateInfo)
   at System.Web.HttpResponse.AbortCurrentThread()
   at System.Web.HttpResponse.Redirect(String url, Boolean endResponse, Boolean permanent)
   at Campco.Common.CheckOut.btnProcessOrder_Click(Object sender, EventArgs e) in D:\TFS_Projects\Campco\Campco\Common\CheckOut.aspx.cs:line 613
----------------------------------------------------
System.Threading.ThreadAbortException: Thread was being aborted.
   at System.Threading.Thread.AbortInternal()
   at System.Threading.Thread.Abort(Object stateInfo)
   at System.Web.HttpResponse.AbortCurrentThread()
   at System.Web.HttpResponse.Redirect(String url, Boolean endResponse, Boolean permanent)
   at Campco.Common.CheckOut.btnProcessOrder_Click(Object sender, EventArgs e) in D:\TFS_Projects\Campco\Campco\Common\CheckOut.aspx.cs:line 613
-------------------------END-------------------------08-03-2017 15:28:20
----------------------------------------------------
-------------------------START-------------------------08-03-2017 15:56:25
Page :index.aspx
----------------------------------------------------
Stack Trace :   at System.Threading.Thread.AbortInternal()
   at System.Threading.Thread.Abort(Object stateInfo)
   at System.Web.HttpResponse.AbortCurrentThread()
   at System.Web.HttpResponse.Redirect(String url, Boolean endResponse, Boolean permanent)
   at Campco.Common.CampcoCommon.lnkSinIn_Click(Object sender, EventArgs e) in D:\TFS_Projects\Campco\Campco\Common\CampcoCommon.Master.cs:line 210
----------------------------------------------------
System.Threading.ThreadAbortException: Thread was being aborted.
   at System.Threading.Thread.AbortInternal()
   at System.Threading.Thread.Abort(Object stateInfo)
   at System.Web.HttpResponse.AbortCurrentThread()
   at System.Web.HttpResponse.Redirect(String url, Boolean endResponse, Boolean permanent)
   at Campco.Common.CampcoCommon.lnkSinIn_Click(Object sender, EventArgs e) in D:\TFS_Projects\Campco\Campco\Common\CampcoCommon.Master.cs:line 210
-------------------------END-------------------------08-03-2017 15:56:25
----------------------------------------------------
-------------------------START-------------------------08-03-2017 16:11:01
Page :index.aspx
----------------------------------------------------
Stack Trace :   at System.Threading.Thread.AbortInternal()
   at System.Threading.Thread.Abort(Object stateInfo)
   at System.Web.HttpResponse.AbortCurrentThread()
   at System.Web.HttpResponse.Redirect(String url, Boolean endResponse, Boolean permanent)
   at Campco.Common.CampcoCommon.lnkSinIn_Click(Object sender, EventArgs e) in D:\TFS_Projects\Campco\Campco\Common\CampcoCommon.Master.cs:line 210
----------------------------------------------------
System.Threading.ThreadAbortException: Thread was being aborted.
   at System.Threading.Thread.AbortInternal()
   at System.Threading.Thread.Abort(Object stateInfo)
   at System.Web.HttpResponse.AbortCurrentThread()
   at System.Web.HttpResponse.Redirect(String url, Boolean endResponse, Boolean permanent)
   at Campco.Common.CampcoCommon.lnkSinIn_Click(Object sender, EventArgs e) in D:\TFS_Projects\Campco\Campco\Common\CampcoCommon.Master.cs:line 210
-------------------------END-------------------------08-03-2017 16:11:01
----------------------------------------------------
-------------------------START-------------------------08-03-2017 16:12:52
Page :CheckOut.aspx
----------------------------------------------------
Stack Trace :   at System.Threading.Thread.AbortInternal()
   at System.Threading.Thread.Abort(Object stateInfo)
   at System.Web.HttpResponse.AbortCurrentThread()
   at System.Web.HttpResponse.Redirect(String url, Boolean endResponse, Boolean permanent)
   at Campco.Common.CheckOut.btnProcessOrder_Click(Object sender, EventArgs e) in D:\TFS_Projects\Campco\Campco\Common\CheckOut.aspx.cs:line 613
----------------------------------------------------
System.Threading.ThreadAbortException: Thread was being aborted.
   at System.Threading.Thread.AbortInternal()
   at System.Threading.Thread.Abort(Object stateInfo)
   at System.Web.HttpResponse.AbortCurrentThread()
   at System.Web.HttpResponse.Redirect(String url, Boolean endResponse, Boolean permanent)
   at Campco.Common.CheckOut.btnProcessOrder_Click(Object sender, EventArgs e) in D:\TFS_Projects\Campco\Campco\Common\CheckOut.aspx.cs:line 613
-------------------------END-------------------------08-03-2017 16:12:52
----------------------------------------------------
-------------------------START-------------------------08-03-2017 16:18:00
Page :index.aspx
----------------------------------------------------
Stack Trace :   at Campco.Common.index.Page_Load(Object sender, EventArgs e) in D:\TFS_Projects\Campco\Campco\Common\index.aspx.cs:line 73
----------------------------------------------------
System.NullReferenceException: Object reference not set to an instance of an object.
   at Campco.Common.index.Page_Load(Object sender, EventArgs e) in D:\TFS_Projects\Campco\Campco\Common\index.aspx.cs:line 73
-------------------------END-------------------------08-03-2017 16:18:00
----------------------------------------------------
-------------------------START-------------------------08-03-2017 16:18:30
Page :index.aspx
----------------------------------------------------
Stack Trace :   at System.Threading.Thread.AbortInternal()
   at System.Threading.Thread.Abort(Object stateInfo)
   at System.Web.HttpResponse.AbortCurrentThread()
   at System.Web.HttpResponse.Redirect(String url, Boolean endResponse, Boolean permanent)
   at Campco.Common.CampcoCommon.lnkSinIn_Click(Object sender, EventArgs e) in D:\TFS_Projects\Campco\Campco\Common\CampcoCommon.Master.cs:line 210
----------------------------------------------------
System.Threading.ThreadAbortException: Thread was being aborted.
   at System.Threading.Thread.AbortInternal()
   at System.Threading.Thread.Abort(Object stateInfo)
   at System.Web.HttpResponse.AbortCurrentThread()
   at System.Web.HttpResponse.Redirect(String url, Boolean endResponse, Boolean permanent)
   at Campco.Common.CampcoCommon.lnkSinIn_Click(Object sender, EventArgs e) in D:\TFS_Projects\Campco\Campco\Common\CampcoCommon.Master.cs:line 210
-------------------------END-------------------------08-03-2017 16:18:30
----------------------------------------------------
-------------------------START-------------------------08-03-2017 16:25:50
Page :CheckOut.aspx
----------------------------------------------------
Stack Trace :   at System.Threading.Thread.AbortInternal()
   at System.Threading.Thread.Abort(Object stateInfo)
   at System.Web.HttpResponse.AbortCurrentThread()
   at System.Web.HttpResponse.Redirect(String url, Boolean endResponse, Boolean permanent)
   at Campco.Common.CheckOut.btnProcessOrder_Click(Object sender, EventArgs e) in D:\TFS_Projects\Campco\Campco\Common\CheckOut.aspx.cs:line 613
----------------------------------------------------
System.Threading.ThreadAbortException: Thread was being aborted.
   at System.Threading.Thread.AbortInternal()
   at System.Threading.Thread.Abort(Object stateInfo)
   at System.Web.HttpResponse.AbortCurrentThread()
   at System.Web.HttpResponse.Redirect(String url, Boolean endResponse, Boolean permanent)
   at Campco.Common.CheckOut.btnProcessOrder_Click(Object sender, EventArgs e) in D:\TFS_Projects\Campco\Campco\Common\CheckOut.aspx.cs:line 613
-------------------------END-------------------------08-03-2017 16:25:50
----------------------------------------------------
-------------------------START-------------------------08-03-2017 16:38:08
Page :CheckOut.aspx
----------------------------------------------------
Stack Trace :   at System.Threading.Thread.AbortInternal()
   at System.Threading.Thread.Abort(Object stateInfo)
   at System.Web.HttpResponse.AbortCurrentThread()
   at System.Web.HttpResponse.Redirect(String url, Boolean endResponse, Boolean permanent)
   at Campco.Common.CheckOut.btnProcessOrder_Click(Object sender, EventArgs e) in D:\TFS_Projects\Campco\Campco\Common\CheckOut.aspx.cs:line 613
----------------------------------------------------
System.Threading.ThreadAbortException: Thread was being aborted.
   at System.Threading.Thread.AbortInternal()
   at System.Threading.Thread.Abort(Object stateInfo)
   at System.Web.HttpResponse.AbortCurrentThread()
   at System.Web.HttpResponse.Redirect(String url, Boolean endResponse, Boolean permanent)
   at Campco.Common.CheckOut.btnProcessOrder_Click(Object sender, EventArgs e) in D:\TFS_Projects\Campco\Campco\Common\CheckOut.aspx.cs:line 613
-------------------------END-------------------------08-03-2017 16:38:08
----------------------------------------------------
-------------------------START-------------------------08-03-2017 16:41:37
Page :CheckOut.aspx
----------------------------------------------------
Stack Trace :   at System.Threading.Thread.AbortInternal()
   at System.Threading.Thread.Abort(Object stateInfo)
   at System.Web.HttpResponse.AbortCurrentThread()
   at System.Web.HttpResponse.Redirect(String url, Boolean endResponse, Boolean permanent)
   at Campco.Common.CheckOut.btnProcessOrder_Click(Object sender, EventArgs e) in D:\TFS_Projects\Campco\Campco\Common\CheckOut.aspx.cs:line 613
----------------------------------------------------
System.Threading.ThreadAbortException: Thread was being aborted.
   at System.Threading.Thread.AbortInternal()
   at System.Threading.Thread.Abort(Object stateInfo)
   at System.Web.HttpResponse.AbortCurrentThread()
   at System.Web.HttpResponse.Redirect(String url, Boolean endResponse, Boolean permanent)
   at Campco.Common.CheckOut.btnProcessOrder_Click(Object sender, EventArgs e) in D:\TFS_Projects\Campco\Campco\Common\CheckOut.aspx.cs:line 613
-------------------------END-------------------------08-03-2017 16:41:37
----------------------------------------------------
-------------------------START-------------------------08-03-2017 17:23:21
Page :CheckOut.aspx
----------------------------------------------------
Stack Trace :   at System.Threading.Thread.AbortInternal()
   at System.Threading.Thread.Abort(Object stateInfo)
   at System.Web.HttpResponse.AbortCurrentThread()
   at System.Web.HttpResponse.Redirect(String url, Boolean endResponse, Boolean permanent)
   at Campco.Common.CampcoCommon.lnkSinIn_Click(Object sender, EventArgs e) in D:\TFS_Projects\Campco\Campco\Common\CampcoCommon.Master.cs:line 210
----------------------------------------------------
System.Threading.ThreadAbortException: Thread was being aborted.
   at System.Threading.Thread.AbortInternal()
   at System.Threading.Thread.Abort(Object stateInfo)
   at System.Web.HttpResponse.AbortCurrentThread()
   at System.Web.HttpResponse.Redirect(String url, Boolean endResponse, Boolean permanent)
   at Campco.Common.CampcoCommon.lnkSinIn_Click(Object sender, EventArgs e) in D:\TFS_Projects\Campco\Campco\Common\CampcoCommon.Master.cs:line 210
-------------------------END-------------------------08-03-2017 17:23:21
----------------------------------------------------
-------------------------START-------------------------08-03-2017 17:25:30
Page :cart.aspx
----------------------------------------------------
Stack Trace :   at System.Threading.Thread.AbortInternal()
   at System.Threading.Thread.Abort(Object stateInfo)
   at System.Web.HttpResponse.AbortCurrentThread()
   at System.Web.HttpResponse.Redirect(String url, Boolean endResponse, Boolean permanent)
   at Campco.Common.CampcoCommon.lnkSignout_Click(Object sender, EventArgs e) in D:\TFS_Projects\Campco\Campco\Common\CampcoCommon.Master.cs:line 231
----------------------------------------------------
System.Threading.ThreadAbortException: Thread was being aborted.
   at System.Threading.Thread.AbortInternal()
   at System.Threading.Thread.Abort(Object stateInfo)
   at System.Web.HttpResponse.AbortCurrentThread()
   at System.Web.HttpResponse.Redirect(String url, Boolean endResponse, Boolean permanent)
   at Campco.Common.CampcoCommon.lnkSignout_Click(Object sender, EventArgs e) in D:\TFS_Projects\Campco\Campco\Common\CampcoCommon.Master.cs:line 231
-------------------------END-------------------------08-03-2017 17:25:30
----------------------------------------------------
-------------------------START-------------------------08-03-2017 17:25:45
Page :index.aspx
----------------------------------------------------
Stack Trace :   at System.Threading.Thread.AbortInternal()
   at System.Threading.Thread.Abort(Object stateInfo)
   at System.Web.HttpResponse.AbortCurrentThread()
   at System.Web.HttpResponse.Redirect(String url, Boolean endResponse, Boolean permanent)
   at Campco.Common.CampcoCommon.lnkSinIn_Click(Object sender, EventArgs e) in D:\TFS_Projects\Campco\Campco\Common\CampcoCommon.Master.cs:line 210
----------------------------------------------------
System.Threading.ThreadAbortException: Thread was being aborted.
   at System.Threading.Thread.AbortInternal()
   at System.Threading.Thread.Abort(Object stateInfo)
   at System.Web.HttpResponse.AbortCurrentThread()
   at System.Web.HttpResponse.Redirect(String url, Boolean endResponse, Boolean permanent)
   at Campco.Common.CampcoCommon.lnkSinIn_Click(Object sender, EventArgs e) in D:\TFS_Projects\Campco\Campco\Common\CampcoCommon.Master.cs:line 210
-------------------------END-------------------------08-03-2017 17:25:45
----------------------------------------------------
-------------------------START-------------------------08-03-2017 17:33:28
Page :index.aspx
----------------------------------------------------
Stack Trace :   at System.Threading.Thread.AbortInternal()
   at System.Threading.Thread.Abort(Object stateInfo)
   at System.Web.HttpResponse.AbortCurrentThread()
   at System.Web.HttpResponse.Redirect(String url, Boolean endResponse, Boolean permanent)
   at Campco.Common.CampcoCommon.lnkSinIn_Click(Object sender, EventArgs e) in D:\TFS_Projects\Campco\Campco\Common\CampcoCommon.Master.cs:line 210
----------------------------------------------------
System.Threading.ThreadAbortException: Thread was being aborted.
   at System.Threading.Thread.AbortInternal()
   at System.Threading.Thread.Abort(Object stateInfo)
   at System.Web.HttpResponse.AbortCurrentThread()
   at System.Web.HttpResponse.Redirect(String url, Boolean endResponse, Boolean permanent)
   at Campco.Common.CampcoCommon.lnkSinIn_Click(Object sender, EventArgs e) in D:\TFS_Projects\Campco\Campco\Common\CampcoCommon.Master.cs:line 210
-------------------------END-------------------------08-03-2017 17:33:28
----------------------------------------------------
-------------------------START-------------------------08-03-2017 17:36:46
Page :CheckOut.aspx
----------------------------------------------------
Stack Trace :   at System.Threading.Thread.AbortInternal()
   at System.Threading.Thread.Abort(Object stateInfo)
   at System.Web.HttpResponse.AbortCurrentThread()
   at System.Web.HttpResponse.Redirect(String url, Boolean endResponse, Boolean permanent)
   at Campco.Common.CheckOut.btnProcessOrder_Click(Object sender, EventArgs e) in D:\TFS_Projects\Campco\Campco\Common\CheckOut.aspx.cs:line 613
----------------------------------------------------
System.Threading.ThreadAbortException: Thread was being aborted.
   at System.Threading.Thread.AbortInternal()
   at System.Threading.Thread.Abort(Object stateInfo)
   at System.Web.HttpResponse.AbortCurrentThread()
   at System.Web.HttpResponse.Redirect(String url, Boolean endResponse, Boolean permanent)
   at Campco.Common.CheckOut.btnProcessOrder_Click(Object sender, EventArgs e) in D:\TFS_Projects\Campco\Campco\Common\CheckOut.aspx.cs:line 613
-------------------------END-------------------------08-03-2017 17:36:46
----------------------------------------------------
-------------------------START-------------------------08-03-2017 17:50:25
Page :index.aspx
----------------------------------------------------
Stack Trace :   at System.Threading.Thread.AbortInternal()
   at System.Threading.Thread.Abort(Object stateInfo)
   at System.Web.HttpResponse.AbortCurrentThread()
   at System.Web.HttpResponse.Redirect(String url, Boolean endResponse, Boolean permanent)
   at Campco.Common.CampcoCommon.lnkSinIn_Click(Object sender, EventArgs e) in D:\TFS_Projects\Campco\Campco\Common\CampcoCommon.Master.cs:line 210
----------------------------------------------------
System.Threading.ThreadAbortException: Thread was being aborted.
   at System.Threading.Thread.AbortInternal()
   at System.Threading.Thread.Abort(Object stateInfo)
   at System.Web.HttpResponse.AbortCurrentThread()
   at System.Web.HttpResponse.Redirect(String url, Boolean endResponse, Boolean permanent)
   at Campco.Common.CampcoCommon.lnkSinIn_Click(Object sender, EventArgs e) in D:\TFS_Projects\Campco\Campco\Common\CampcoCommon.Master.cs:line 210
-------------------------END-------------------------08-03-2017 17:50:25
----------------------------------------------------
-------------------------START-------------------------08-03-2017 17:50:56
Page :index.aspx
----------------------------------------------------
Stack Trace :   at System.Threading.Thread.AbortInternal()
   at System.Threading.Thread.Abort(Object stateInfo)
   at System.Web.HttpResponse.AbortCurrentThread()
   at System.Web.HttpResponse.Redirect(String url, Boolean endResponse, Boolean permanent)
   at Campco.Common.CampcoCommon.lnkSignout_Click(Object sender, EventArgs e) in D:\TFS_Projects\Campco\Campco\Common\CampcoCommon.Master.cs:line 231
----------------------------------------------------
System.Threading.ThreadAbortException: Thread was being aborted.
   at System.Threading.Thread.AbortInternal()
   at System.Threading.Thread.Abort(Object stateInfo)
   at System.Web.HttpResponse.AbortCurrentThread()
   at System.Web.HttpResponse.Redirect(String url, Boolean endResponse, Boolean permanent)
   at Campco.Common.CampcoCommon.lnkSignout_Click(Object sender, EventArgs e) in D:\TFS_Projects\Campco\Campco\Common\CampcoCommon.Master.cs:line 231
-------------------------END-------------------------08-03-2017 17:50:56
----------------------------------------------------
-------------------------START-------------------------08-03-2017 17:51:12
Page :index.aspx
----------------------------------------------------
Stack Trace :   at System.Threading.Thread.AbortInternal()
   at System.Threading.Thread.Abort(Object stateInfo)
   at System.Web.HttpResponse.AbortCurrentThread()
   at System.Web.HttpResponse.Redirect(String url, Boolean endResponse, Boolean permanent)
   at Campco.Common.CampcoCommon.lnkSinIn_Click(Object sender, EventArgs e) in D:\TFS_Projects\Campco\Campco\Common\CampcoCommon.Master.cs:line 210
----------------------------------------------------
System.Threading.ThreadAbortException: Thread was being aborted.
   at System.Threading.Thread.AbortInternal()
   at System.Threading.Thread.Abort(Object stateInfo)
   at System.Web.HttpResponse.AbortCurrentThread()
   at System.Web.HttpResponse.Redirect(String url, Boolean endResponse, Boolean permanent)
   at Campco.Common.CampcoCommon.lnkSinIn_Click(Object sender, EventArgs e) in D:\TFS_Projects\Campco\Campco\Common\CampcoCommon.Master.cs:line 210
-------------------------END-------------------------08-03-2017 17:51:12
----------------------------------------------------
-------------------------START-------------------------08-03-2017 20:56:55
Page :index.aspx
----------------------------------------------------
Stack Trace :   at System.Threading.Thread.AbortInternal()
   at System.Threading.Thread.Abort(Object stateInfo)
   at System.Web.HttpResponse.AbortCurrentThread()
   at System.Web.HttpResponse.Redirect(String url, Boolean endResponse, Boolean permanent)
   at Campco.Common.CampcoCommon.lnkSinIn_Click(Object sender, EventArgs e) in D:\TFS_Projects\Campco\Campco\Common\CampcoCommon.Master.cs:line 210
----------------------------------------------------
System.Threading.ThreadAbortException: Thread was being aborted.
   at System.Threading.Thread.AbortInternal()
   at System.Threading.Thread.Abort(Object stateInfo)
   at System.Web.HttpResponse.AbortCurrentThread()
   at System.Web.HttpResponse.Redirect(String url, Boolean endResponse, Boolean permanent)
   at Campco.Common.CampcoCommon.lnkSinIn_Click(Object sender, EventArgs e) in D:\TFS_Projects\Campco\Campco\Common\CampcoCommon.Master.cs:line 210
-------------------------END-------------------------08-03-2017 20:56:55
----------------------------------------------------
-------------------------START-------------------------08-03-2017 20:58:50
Page :CheckOut.aspx
----------------------------------------------------
Stack Trace :   at System.Threading.Thread.AbortInternal()
   at System.Threading.Thread.Abort(Object stateInfo)
   at System.Web.HttpResponse.AbortCurrentThread()
   at System.Web.HttpResponse.Redirect(String url, Boolean endResponse, Boolean permanent)
   at Campco.Common.CheckOut.btnProcessOrder_Click(Object sender, EventArgs e) in D:\TFS_Projects\Campco\Campco\Common\CheckOut.aspx.cs:line 613
----------------------------------------------------
System.Threading.ThreadAbortException: Thread was being aborted.
   at System.Threading.Thread.AbortInternal()
   at System.Threading.Thread.Abort(Object stateInfo)
   at System.Web.HttpResponse.AbortCurrentThread()
   at System.Web.HttpResponse.Redirect(String url, Boolean endResponse, Boolean permanent)
   at Campco.Common.CheckOut.btnProcessOrder_Click(Object sender, EventArgs e) in D:\TFS_Projects\Campco\Campco\Common\CheckOut.aspx.cs:line 613
-------------------------END-------------------------08-03-2017 20:58:50
----------------------------------------------------
-------------------------START-------------------------08-03-2017 21:02:18
Page :index.aspx
----------------------------------------------------
Stack Trace :   at System.Threading.Thread.AbortInternal()
   at System.Threading.Thread.Abort(Object stateInfo)
   at System.Web.HttpResponse.AbortCurrentThread()
   at System.Web.HttpResponse.Redirect(String url, Boolean endResponse, Boolean permanent)
   at Campco.Common.CampcoCommon.lnkSinIn_Click(Object sender, EventArgs e) in D:\TFS_Projects\Campco\Campco\Common\CampcoCommon.Master.cs:line 210
----------------------------------------------------
System.Threading.ThreadAbortException: Thread was being aborted.
   at System.Threading.Thread.AbortInternal()
   at System.Threading.Thread.Abort(Object stateInfo)
   at System.Web.HttpResponse.AbortCurrentThread()
   at System.Web.HttpResponse.Redirect(String url, Boolean endResponse, Boolean permanent)
   at Campco.Common.CampcoCommon.lnkSinIn_Click(Object sender, EventArgs e) in D:\TFS_Projects\Campco\Campco\Common\CampcoCommon.Master.cs:line 210
-------------------------END-------------------------08-03-2017 21:02:18
----------------------------------------------------
-------------------------START-------------------------08-03-2017 21:06:31
Page :CheckOut.aspx
----------------------------------------------------
Stack Trace :   at System.Threading.Thread.AbortInternal()
   at System.Threading.Thread.Abort(Object stateInfo)
   at System.Web.HttpResponse.AbortCurrentThread()
   at System.Web.HttpResponse.Redirect(String url, Boolean endResponse, Boolean permanent)
   at Campco.Common.CheckOut.btnProcessOrder_Click(Object sender, EventArgs e) in D:\TFS_Projects\Campco\Campco\Common\CheckOut.aspx.cs:line 613
----------------------------------------------------
System.Threading.ThreadAbortException: Thread was being aborted.
   at System.Threading.Thread.AbortInternal()
   at System.Threading.Thread.Abort(Object stateInfo)
   at System.Web.HttpResponse.AbortCurrentThread()
   at System.Web.HttpResponse.Redirect(String url, Boolean endResponse, Boolean permanent)
   at Campco.Common.CheckOut.btnProcessOrder_Click(Object sender, EventArgs e) in D:\TFS_Projects\Campco\Campco\Common\CheckOut.aspx.cs:line 613
-------------------------END-------------------------08-03-2017 21:06:31
----------------------------------------------------
-------------------------START-------------------------08-03-2017 21:49:02
Page :index.aspx
----------------------------------------------------
Stack Trace :   at System.Threading.Thread.AbortInternal()
   at System.Threading.Thread.Abort(Object stateInfo)
   at System.Web.HttpResponse.AbortCurrentThread()
   at System.Web.HttpResponse.Redirect(String url, Boolean endResponse, Boolean permanent)
   at Campco.Common.CampcoCommon.lnkSinIn_Click(Object sender, EventArgs e) in D:\TFS_Projects\Campco\Campco\Common\CampcoCommon.Master.cs:line 210
----------------------------------------------------
System.Threading.ThreadAbortException: Thread was being aborted.
   at System.Threading.Thread.AbortInternal()
   at System.Threading.Thread.Abort(Object stateInfo)
   at System.Web.HttpResponse.AbortCurrentThread()
   at System.Web.HttpResponse.Redirect(String url, Boolean endResponse, Boolean permanent)
   at Campco.Common.CampcoCommon.lnkSinIn_Click(Object sender, EventArgs e) in D:\TFS_Projects\Campco\Campco\Common\CampcoCommon.Master.cs:line 210
-------------------------END-------------------------08-03-2017 21:49:02
----------------------------------------------------
-------------------------START-------------------------08-03-2017 21:51:08
Page :index.aspx
----------------------------------------------------
Stack Trace :   at System.Threading.Thread.AbortInternal()
   at System.Threading.Thread.Abort(Object stateInfo)
   at System.Web.HttpResponse.AbortCurrentThread()
   at System.Web.HttpResponse.Redirect(String url, Boolean endResponse, Boolean permanent)
   at Campco.Common.CampcoCommon.lnkSinIn_Click(Object sender, EventArgs e) in D:\TFS_Projects\Campco\Campco\Common\CampcoCommon.Master.cs:line 210
----------------------------------------------------
System.Threading.ThreadAbortException: Thread was being aborted.
   at System.Threading.Thread.AbortInternal()
   at System.Threading.Thread.Abort(Object stateInfo)
   at System.Web.HttpResponse.AbortCurrentThread()
   at System.Web.HttpResponse.Redirect(String url, Boolean endResponse, Boolean permanent)
   at Campco.Common.CampcoCommon.lnkSinIn_Click(Object sender, EventArgs e) in D:\TFS_Projects\Campco\Campco\Common\CampcoCommon.Master.cs:line 210
-------------------------END-------------------------08-03-2017 21:51:08
----------------------------------------------------
-------------------------START-------------------------08-03-2017 21:55:42
Page :admin.aspx
----------------------------------------------------
Stack Trace :   at System.Threading.Thread.AbortInternal()
   at System.Threading.Thread.Abort(Object stateInfo)
   at System.Web.HttpResponse.AbortCurrentThread()
   at System.Web.HttpResponse.Redirect(String url, Boolean endResponse, Boolean permanent)
   at Campco.Common.CampcoCommon.lnkSignout_Click(Object sender, EventArgs e) in D:\TFS_Projects\Campco\Campco\Common\CampcoCommon.Master.cs:line 231
----------------------------------------------------
System.Threading.ThreadAbortException: Thread was being aborted.
   at System.Threading.Thread.AbortInternal()
   at System.Threading.Thread.Abort(Object stateInfo)
   at System.Web.HttpResponse.AbortCurrentThread()
   at System.Web.HttpResponse.Redirect(String url, Boolean endResponse, Boolean permanent)
   at Campco.Common.CampcoCommon.lnkSignout_Click(Object sender, EventArgs e) in D:\TFS_Projects\Campco\Campco\Common\CampcoCommon.Master.cs:line 231
-------------------------END-------------------------08-03-2017 21:55:42
----------------------------------------------------
-------------------------START-------------------------08-03-2017 21:55:59
Page :index.aspx
----------------------------------------------------
Stack Trace :   at System.Threading.Thread.AbortInternal()
   at System.Threading.Thread.Abort(Object stateInfo)
   at System.Web.HttpResponse.AbortCurrentThread()
   at System.Web.HttpResponse.Redirect(String url, Boolean endResponse, Boolean permanent)
   at Campco.Common.CampcoCommon.lnkSinIn_Click(Object sender, EventArgs e) in D:\TFS_Projects\Campco\Campco\Common\CampcoCommon.Master.cs:line 210
----------------------------------------------------
System.Threading.ThreadAbortException: Thread was being aborted.
   at System.Threading.Thread.AbortInternal()
   at System.Threading.Thread.Abort(Object stateInfo)
   at System.Web.HttpResponse.AbortCurrentThread()
   at System.Web.HttpResponse.Redirect(String url, Boolean endResponse, Boolean permanent)
   at Campco.Common.CampcoCommon.lnkSinIn_Click(Object sender, EventArgs e) in D:\TFS_Projects\Campco\Campco\Common\CampcoCommon.Master.cs:line 210
-------------------------END-------------------------08-03-2017 21:55:59
----------------------------------------------------
-------------------------START-------------------------08-03-2017 21:57:43
Page :CheckOut.aspx
----------------------------------------------------
Stack Trace :   at System.Threading.Thread.AbortInternal()
   at System.Threading.Thread.Abort(Object stateInfo)
   at System.Web.HttpResponse.AbortCurrentThread()
   at System.Web.HttpResponse.Redirect(String url, Boolean endResponse, Boolean permanent)
   at Campco.Common.CheckOut.btnProcessOrder_Click(Object sender, EventArgs e) in D:\TFS_Projects\Campco\Campco\Common\CheckOut.aspx.cs:line 613
----------------------------------------------------
System.Threading.ThreadAbortException: Thread was being aborted.
   at System.Threading.Thread.AbortInternal()
   at System.Threading.Thread.Abort(Object stateInfo)
   at System.Web.HttpResponse.AbortCurrentThread()
   at System.Web.HttpResponse.Redirect(String url, Boolean endResponse, Boolean permanent)
   at Campco.Common.CheckOut.btnProcessOrder_Click(Object sender, EventArgs e) in D:\TFS_Projects\Campco\Campco\Common\CheckOut.aspx.cs:line 613
-------------------------END-------------------------08-03-2017 21:57:43
----------------------------------------------------
-------------------------START-------------------------08-03-2017 21:58:43
Page :Thankyou.aspx
----------------------------------------------------
Stack Trace :   at System.Threading.Thread.AbortInternal()
   at System.Threading.Thread.Abort(Object stateInfo)
   at System.Web.HttpResponse.AbortCurrentThread()
   at System.Web.HttpResponse.Redirect(String url, Boolean endResponse, Boolean permanent)
   at Campco.Common.CampcoCommon.lnkSignout_Click(Object sender, EventArgs e) in D:\TFS_Projects\Campco\Campco\Common\CampcoCommon.Master.cs:line 231
----------------------------------------------------
System.Threading.ThreadAbortException: Thread was being aborted.
   at System.Threading.Thread.AbortInternal()
   at System.Threading.Thread.Abort(Object stateInfo)
   at System.Web.HttpResponse.AbortCurrentThread()
   at System.Web.HttpResponse.Redirect(String url, Boolean endResponse, Boolean permanent)
   at Campco.Common.CampcoCommon.lnkSignout_Click(Object sender, EventArgs e) in D:\TFS_Projects\Campco\Campco\Common\CampcoCommon.Master.cs:line 231
-------------------------END-------------------------08-03-2017 21:58:43
----------------------------------------------------
-------------------------START-------------------------08-03-2017 21:58:52
Page :index.aspx
----------------------------------------------------
Stack Trace :   at System.Threading.Thread.AbortInternal()
   at System.Threading.Thread.Abort(Object stateInfo)
   at System.Web.HttpResponse.AbortCurrentThread()
   at System.Web.HttpResponse.Redirect(String url, Boolean endResponse, Boolean permanent)
   at Campco.Common.CampcoCommon.lnkSinIn_Click(Object sender, EventArgs e) in D:\TFS_Projects\Campco\Campco\Common\CampcoCommon.Master.cs:line 210
----------------------------------------------------
System.Threading.ThreadAbortException: Thread was being aborted.
   at System.Threading.Thread.AbortInternal()
   at System.Threading.Thread.Abort(Object stateInfo)
   at System.Web.HttpResponse.AbortCurrentThread()
   at System.Web.HttpResponse.Redirect(String url, Boolean endResponse, Boolean permanent)
   at Campco.Common.CampcoCommon.lnkSinIn_Click(Object sender, EventArgs e) in D:\TFS_Projects\Campco\Campco\Common\CampcoCommon.Master.cs:line 210
-------------------------END-------------------------08-03-2017 21:58:52
----------------------------------------------------
-------------------------START-------------------------08-03-2017 22:12:12
Page :index.aspx
----------------------------------------------------
Stack Trace :   at System.Threading.Thread.AbortInternal()
   at System.Threading.Thread.Abort(Object stateInfo)
   at System.Web.HttpResponse.AbortCurrentThread()
   at System.Web.HttpResponse.Redirect(String url, Boolean endResponse, Boolean permanent)
   at Campco.Common.CampcoCommon.lnkSignout_Click(Object sender, EventArgs e) in D:\TFS_Projects\Campco\Campco\Common\CampcoCommon.Master.cs:line 231
----------------------------------------------------
System.Threading.ThreadAbortException: Thread was being aborted.
   at System.Threading.Thread.AbortInternal()
   at System.Threading.Thread.Abort(Object stateInfo)
   at System.Web.HttpResponse.AbortCurrentThread()
   at System.Web.HttpResponse.Redirect(String url, Boolean endResponse, Boolean permanent)
   at Campco.Common.CampcoCommon.lnkSignout_Click(Object sender, EventArgs e) in D:\TFS_Projects\Campco\Campco\Common\CampcoCommon.Master.cs:line 231
-------------------------END-------------------------08-03-2017 22:12:12
----------------------------------------------------
-------------------------START-------------------------08-03-2017 22:12:25
Page :index.aspx
----------------------------------------------------
Stack Trace :   at System.Threading.Thread.AbortInternal()
   at System.Threading.Thread.Abort(Object stateInfo)
   at System.Web.HttpResponse.AbortCurrentThread()
   at System.Web.HttpResponse.Redirect(String url, Boolean endResponse, Boolean permanent)
   at Campco.Common.CampcoCommon.lnkSinIn_Click(Object sender, EventArgs e) in D:\TFS_Projects\Campco\Campco\Common\CampcoCommon.Master.cs:line 210
----------------------------------------------------
System.Threading.ThreadAbortException: Thread was being aborted.
   at System.Threading.Thread.AbortInternal()
   at System.Threading.Thread.Abort(Object stateInfo)
   at System.Web.HttpResponse.AbortCurrentThread()
   at System.Web.HttpResponse.Redirect(String url, Boolean endResponse, Boolean permanent)
   at Campco.Common.CampcoCommon.lnkSinIn_Click(Object sender, EventArgs e) in D:\TFS_Projects\Campco\Campco\Common\CampcoCommon.Master.cs:line 210
-------------------------END-------------------------08-03-2017 22:12:25
----------------------------------------------------
