-------------------------START-------------------------24-03-2017 12:09:54
Page :index.aspx
----------------------------------------------------
Stack Trace :   at System.Threading.Thread.AbortInternal()
   at System.Threading.Thread.Abort(Object stateInfo)
   at System.Web.HttpResponse.AbortCurrentThread()
   at System.Web.HttpResponse.End()
   at System.Web.HttpResponse.Redirect(String url, Boolean endResponse, Boolean permanent)
   at System.Web.HttpResponse.Redirect(String url)
   at Campco.Common.CampcoCommon.lnkSinIn_Click(Object sender, EventArgs e) in D:\TFS_Projects\Campco\Campco\Common\CampcoCommon.Master.cs:line 260
----------------------------------------------------
System.Threading.ThreadAbortException: Thread was being aborted.
   at System.Threading.Thread.AbortInternal()
   at System.Threading.Thread.Abort(Object stateInfo)
   at System.Web.HttpResponse.AbortCurrentThread()
   at System.Web.HttpResponse.End()
   at System.Web.HttpResponse.Redirect(String url, Boolean endResponse, Boolean permanent)
   at System.Web.HttpResponse.Redirect(String url)
   at Campco.Common.CampcoCommon.lnkSinIn_Click(Object sender, EventArgs e) in D:\TFS_Projects\Campco\Campco\Common\CampcoCommon.Master.cs:line 260
-------------------------END-------------------------24-03-2017 12:09:54
----------------------------------------------------
-------------------------START-------------------------24-03-2017 12:10:40
Page :PriceList.aspx
----------------------------------------------------
Event :
----------------------------------------------------
Stack Trace :   at System.Threading.Thread.AbortInternal()
   at System.Threading.Thread.Abort(Object stateInfo)
   at System.Web.HttpResponse.AbortCurrentThread()
   at System.Web.HttpResponse.End()
   at Campco.Common.PriceList.Export_pricelist() in D:\TFS_Projects\Campco\Campco\Common\PriceList.aspx.cs:line 52
----------------------------------------------------
System.Threading.ThreadAbortException: Thread was being aborted.
   at System.Threading.Thread.AbortInternal()
   at System.Threading.Thread.Abort(Object stateInfo)
   at System.Web.HttpResponse.AbortCurrentThread()
   at System.Web.HttpResponse.End()
   at Campco.Common.PriceList.Export_pricelist() in D:\TFS_Projects\Campco\Campco\Common\PriceList.aspx.cs:line 52
-------------------------END-------------------------24-03-2017 12:10:40
----------------------------------------------------
-------------------------START-------------------------24-03-2017 12:17:11
Page :index.aspx
----------------------------------------------------
Event :
----------------------------------------------------
Stack Trace :   at System.Threading.Thread.AbortInternal()
   at System.Threading.Thread.Abort(Object stateInfo)
   at System.Web.HttpResponse.AbortCurrentThread()
   at System.Web.HttpResponse.End()
   at System.Web.HttpResponse.Redirect(String url, Boolean endResponse, Boolean permanent)
   at System.Web.HttpResponse.Redirect(String url)
   at Campco.Common.CampcoCommon.lnkSinIn_Click(Object sender, EventArgs e) in D:\TFS_Projects\Campco\Campco\Common\CampcoCommon.Master.cs:line 260
----------------------------------------------------
System.Threading.ThreadAbortException: Thread was being aborted.
   at System.Threading.Thread.AbortInternal()
   at System.Threading.Thread.Abort(Object stateInfo)
   at System.Web.HttpResponse.AbortCurrentThread()
   at System.Web.HttpResponse.End()
   at System.Web.HttpResponse.Redirect(String url, Boolean endResponse, Boolean permanent)
   at System.Web.HttpResponse.Redirect(String url)
   at Campco.Common.CampcoCommon.lnkSinIn_Click(Object sender, EventArgs e) in D:\TFS_Projects\Campco\Campco\Common\CampcoCommon.Master.cs:line 260
-------------------------END-------------------------24-03-2017 12:17:11
----------------------------------------------------
-------------------------START-------------------------24-03-2017 12:18:05
Page :PriceList.aspx
----------------------------------------------------
Event :
----------------------------------------------------
Stack Trace :   at System.Threading.Thread.AbortInternal()
   at System.Threading.Thread.Abort(Object stateInfo)
   at System.Web.HttpResponse.AbortCurrentThread()
   at System.Web.HttpResponse.End()
   at Campco.Common.PriceList.Export_pricelist() in D:\TFS_Projects\Campco\Campco\Common\PriceList.aspx.cs:line 52
----------------------------------------------------
System.Threading.ThreadAbortException: Thread was being aborted.
   at System.Threading.Thread.AbortInternal()
   at System.Threading.Thread.Abort(Object stateInfo)
   at System.Web.HttpResponse.AbortCurrentThread()
   at System.Web.HttpResponse.End()
   at Campco.Common.PriceList.Export_pricelist() in D:\TFS_Projects\Campco\Campco\Common\PriceList.aspx.cs:line 52
-------------------------END-------------------------24-03-2017 12:18:05
----------------------------------------------------
-------------------------START-------------------------24-03-2017 12:27:47
Page :index.aspx
----------------------------------------------------
Event :
----------------------------------------------------
Stack Trace :   at System.Threading.Thread.AbortInternal()
   at System.Threading.Thread.Abort(Object stateInfo)
   at System.Web.HttpResponse.AbortCurrentThread()
   at System.Web.HttpResponse.End()
   at System.Web.HttpResponse.Redirect(String url, Boolean endResponse, Boolean permanent)
   at System.Web.HttpResponse.Redirect(String url)
   at Campco.Common.CampcoCommon.lnkSinIn_Click(Object sender, EventArgs e) in D:\TFS_Projects\Campco\Campco\Common\CampcoCommon.Master.cs:line 260
----------------------------------------------------
System.Threading.ThreadAbortException: Thread was being aborted.
   at System.Threading.Thread.AbortInternal()
   at System.Threading.Thread.Abort(Object stateInfo)
   at System.Web.HttpResponse.AbortCurrentThread()
   at System.Web.HttpResponse.End()
   at System.Web.HttpResponse.Redirect(String url, Boolean endResponse, Boolean permanent)
   at System.Web.HttpResponse.Redirect(String url)
   at Campco.Common.CampcoCommon.lnkSinIn_Click(Object sender, EventArgs e) in D:\TFS_Projects\Campco\Campco\Common\CampcoCommon.Master.cs:line 260
-------------------------END-------------------------24-03-2017 12:27:47
----------------------------------------------------
-------------------------START-------------------------24-03-2017 12:28:49
Page :PriceList.aspx
----------------------------------------------------
Event :
----------------------------------------------------
Stack Trace :   at System.Threading.Thread.AbortInternal()
   at System.Threading.Thread.Abort(Object stateInfo)
   at System.Web.HttpResponse.AbortCurrentThread()
   at System.Web.HttpResponse.End()
   at Campco.Common.PriceList.Export_pricelist() in D:\TFS_Projects\Campco\Campco\Common\PriceList.aspx.cs:line 52
----------------------------------------------------
System.Threading.ThreadAbortException: Thread was being aborted.
   at System.Threading.Thread.AbortInternal()
   at System.Threading.Thread.Abort(Object stateInfo)
   at System.Web.HttpResponse.AbortCurrentThread()
   at System.Web.HttpResponse.End()
   at Campco.Common.PriceList.Export_pricelist() in D:\TFS_Projects\Campco\Campco\Common\PriceList.aspx.cs:line 52
-------------------------END-------------------------24-03-2017 12:28:49
----------------------------------------------------
-------------------------START-------------------------24-03-2017 12:38:56
Page :index.aspx
----------------------------------------------------
Event :
----------------------------------------------------
Stack Trace :   at System.Threading.Thread.AbortInternal()
   at System.Threading.Thread.Abort(Object stateInfo)
   at System.Web.HttpResponse.AbortCurrentThread()
   at System.Web.HttpResponse.End()
   at System.Web.HttpResponse.Redirect(String url, Boolean endResponse, Boolean permanent)
   at System.Web.HttpResponse.Redirect(String url)
   at Campco.Common.CampcoCommon.lnkSinIn_Click(Object sender, EventArgs e) in D:\TFS_Projects\Campco\Campco\Common\CampcoCommon.Master.cs:line 260
----------------------------------------------------
System.Threading.ThreadAbortException: Thread was being aborted.
   at System.Threading.Thread.AbortInternal()
   at System.Threading.Thread.Abort(Object stateInfo)
   at System.Web.HttpResponse.AbortCurrentThread()
   at System.Web.HttpResponse.End()
   at System.Web.HttpResponse.Redirect(String url, Boolean endResponse, Boolean permanent)
   at System.Web.HttpResponse.Redirect(String url)
   at Campco.Common.CampcoCommon.lnkSinIn_Click(Object sender, EventArgs e) in D:\TFS_Projects\Campco\Campco\Common\CampcoCommon.Master.cs:line 260
-------------------------END-------------------------24-03-2017 12:38:56
----------------------------------------------------
-------------------------START-------------------------24-03-2017 12:39:34
Page :PriceList.aspx
----------------------------------------------------
Event :
----------------------------------------------------
Stack Trace :   at System.Threading.Thread.AbortInternal()
   at System.Threading.Thread.Abort(Object stateInfo)
   at System.Web.HttpResponse.AbortCurrentThread()
   at System.Web.HttpResponse.End()
   at Campco.Common.PriceList.Export_pricelist() in D:\TFS_Projects\Campco\Campco\Common\PriceList.aspx.cs:line 52
----------------------------------------------------
System.Threading.ThreadAbortException: Thread was being aborted.
   at System.Threading.Thread.AbortInternal()
   at System.Threading.Thread.Abort(Object stateInfo)
   at System.Web.HttpResponse.AbortCurrentThread()
   at System.Web.HttpResponse.End()
   at Campco.Common.PriceList.Export_pricelist() in D:\TFS_Projects\Campco\Campco\Common\PriceList.aspx.cs:line 52
-------------------------END-------------------------24-03-2017 12:39:34
----------------------------------------------------
-------------------------START-------------------------24-03-2017 15:12:15
Page :index.aspx
----------------------------------------------------
Event :
----------------------------------------------------
Stack Trace :   at Campco.Common.index.Page_Load(Object sender, EventArgs e) in D:\TFS_Projects\Campco\Campco\Common\index.aspx.cs:line 74
----------------------------------------------------
System.NullReferenceException: Object reference not set to an instance of an object.
   at Campco.Common.index.Page_Load(Object sender, EventArgs e) in D:\TFS_Projects\Campco\Campco\Common\index.aspx.cs:line 74
-------------------------END-------------------------24-03-2017 15:12:15
----------------------------------------------------
-------------------------START-------------------------24-03-2017 15:12:15
Page :index.aspx
----------------------------------------------------
Event :
----------------------------------------------------
Stack Trace :   at Campco.Common.index.Page_Load(Object sender, EventArgs e) in D:\TFS_Projects\Campco\Campco\Common\index.aspx.cs:line 74
----------------------------------------------------
System.NullReferenceException: Object reference not set to an instance of an object.
   at Campco.Common.index.Page_Load(Object sender, EventArgs e) in D:\TFS_Projects\Campco\Campco\Common\index.aspx.cs:line 74
-------------------------END-------------------------24-03-2017 15:12:15
----------------------------------------------------
-------------------------START-------------------------24-03-2017 15:12:16
Page :index.aspx
----------------------------------------------------
Event :
----------------------------------------------------
Stack Trace :   at Campco.Common.CampcoCommon.Page_Load(Object sender, EventArgs e) in D:\TFS_Projects\Campco\Campco\Common\CampcoCommon.Master.cs:line 134
----------------------------------------------------
System.NullReferenceException: Object reference not set to an instance of an object.
   at Campco.Common.CampcoCommon.Page_Load(Object sender, EventArgs e) in D:\TFS_Projects\Campco\Campco\Common\CampcoCommon.Master.cs:line 134
-------------------------END-------------------------24-03-2017 15:12:16
----------------------------------------------------
-------------------------START-------------------------24-03-2017 15:42:38
Page :productList.aspx
----------------------------------------------------
Event :
----------------------------------------------------
Stack Trace :   at System.Web.UI.UpdatePanel.Update()
   at Campco.Common.ProductList.btnfilter_click(Object sender, EventArgs e) in D:\TFS_Projects\Campco\Campco\Common\ProductList.aspx.cs:line 159
----------------------------------------------------
System.InvalidOperationException: The Update method can only be called on UpdatePanel with ID 'UpdatePanel1' when UpdateMode is set to Conditional.
   at System.Web.UI.UpdatePanel.Update()
   at Campco.Common.ProductList.btnfilter_click(Object sender, EventArgs e) in D:\TFS_Projects\Campco\Campco\Common\ProductList.aspx.cs:line 159
-------------------------END-------------------------24-03-2017 15:42:38
----------------------------------------------------
-------------------------START-------------------------24-03-2017 15:43:30
Page :productList.aspx
----------------------------------------------------
Event :
----------------------------------------------------
Stack Trace :   at System.Web.UI.UpdatePanel.Update()
   at Campco.Common.ProductList.btnfilter_click(Object sender, EventArgs e) in D:\TFS_Projects\Campco\Campco\Common\ProductList.aspx.cs:line 159
----------------------------------------------------
System.InvalidOperationException: The Update method can only be called on UpdatePanel with ID 'UpdatePanel1' when UpdateMode is set to Conditional.
   at System.Web.UI.UpdatePanel.Update()
   at Campco.Common.ProductList.btnfilter_click(Object sender, EventArgs e) in D:\TFS_Projects\Campco\Campco\Common\ProductList.aspx.cs:line 159
-------------------------END-------------------------24-03-2017 15:43:30
----------------------------------------------------
-------------------------START-------------------------24-03-2017 18:00:55
Page :productList.aspx
----------------------------------------------------
Event :
----------------------------------------------------
Stack Trace :   at System.Threading.Thread.AbortInternal()
   at System.Threading.Thread.Abort(Object stateInfo)
   at System.Web.HttpResponse.AbortCurrentThread()
   at System.Web.HttpResponse.End()
   at System.Web.HttpResponse.Redirect(String url, Boolean endResponse, Boolean permanent)
   at System.Web.HttpResponse.Redirect(String url)
   at Campco.Common.CampcoCommon.lnkSinIn_Click(Object sender, EventArgs e) in D:\TFS_Projects\Campco\Campco\Common\CampcoCommon.Master.cs:line 260
----------------------------------------------------
System.Threading.ThreadAbortException: Thread was being aborted.
   at System.Threading.Thread.AbortInternal()
   at System.Threading.Thread.Abort(Object stateInfo)
   at System.Web.HttpResponse.AbortCurrentThread()
   at System.Web.HttpResponse.End()
   at System.Web.HttpResponse.Redirect(String url, Boolean endResponse, Boolean permanent)
   at System.Web.HttpResponse.Redirect(String url)
   at Campco.Common.CampcoCommon.lnkSinIn_Click(Object sender, EventArgs e) in D:\TFS_Projects\Campco\Campco\Common\CampcoCommon.Master.cs:line 260
-------------------------END-------------------------24-03-2017 18:00:55
----------------------------------------------------
-------------------------START-------------------------24-03-2017 18:21:43
Page :productList.aspx
----------------------------------------------------
Event :
----------------------------------------------------
Stack Trace :   at System.Threading.Thread.AbortInternal()
   at System.Threading.Thread.Abort(Object stateInfo)
   at System.Web.HttpResponse.AbortCurrentThread()
   at System.Web.HttpResponse.End()
   at System.Web.HttpResponse.Redirect(String url, Boolean endResponse, Boolean permanent)
   at System.Web.HttpResponse.Redirect(String url)
   at Campco.Common.CampcoCommon.lnkSinIn_Click(Object sender, EventArgs e) in D:\TFS_Projects\Campco\Campco\Common\CampcoCommon.Master.cs:line 260
----------------------------------------------------
System.Threading.ThreadAbortException: Thread was being aborted.
   at System.Threading.Thread.AbortInternal()
   at System.Threading.Thread.Abort(Object stateInfo)
   at System.Web.HttpResponse.AbortCurrentThread()
   at System.Web.HttpResponse.End()
   at System.Web.HttpResponse.Redirect(String url, Boolean endResponse, Boolean permanent)
   at System.Web.HttpResponse.Redirect(String url)
   at Campco.Common.CampcoCommon.lnkSinIn_Click(Object sender, EventArgs e) in D:\TFS_Projects\Campco\Campco\Common\CampcoCommon.Master.cs:line 260
-------------------------END-------------------------24-03-2017 18:21:43
----------------------------------------------------
-------------------------START-------------------------24-03-2017 18:24:31
Page :productList.aspx
----------------------------------------------------
Event :
----------------------------------------------------
Stack Trace :   at System.Web.UI.UpdatePanel.Update()
   at Campco.Common.ProductList.btnfilter_click(Object sender, EventArgs e) in D:\TFS_Projects\Campco\Campco\Common\ProductList.aspx.cs:line 160
----------------------------------------------------
System.InvalidOperationException: The Update method can only be called on UpdatePanel with ID 'UpdatePanel1' when UpdateMode is set to Conditional.
   at System.Web.UI.UpdatePanel.Update()
   at Campco.Common.ProductList.btnfilter_click(Object sender, EventArgs e) in D:\TFS_Projects\Campco\Campco\Common\ProductList.aspx.cs:line 160
-------------------------END-------------------------24-03-2017 18:24:31
----------------------------------------------------
-------------------------START-------------------------24-03-2017 18:24:50
Page :productList.aspx
----------------------------------------------------
Event :
----------------------------------------------------
Stack Trace :   at System.Web.UI.UpdatePanel.Update()
   at Campco.Common.ProductList.ddlSearchcriteria_SelectedIndexChanged(Object sender, EventArgs e) in D:\TFS_Projects\Campco\Campco\Common\ProductList.aspx.cs:line 197
----------------------------------------------------
System.InvalidOperationException: The Update method can only be called on UpdatePanel with ID 'UpdatePanel1' when UpdateMode is set to Conditional.
   at System.Web.UI.UpdatePanel.Update()
   at Campco.Common.ProductList.ddlSearchcriteria_SelectedIndexChanged(Object sender, EventArgs e) in D:\TFS_Projects\Campco\Campco\Common\ProductList.aspx.cs:line 197
-------------------------END-------------------------24-03-2017 18:24:50
----------------------------------------------------
-------------------------START-------------------------24-03-2017 18:25:03
Page :productList.aspx
----------------------------------------------------
Event :
----------------------------------------------------
Stack Trace :   at System.Web.UI.UpdatePanel.Update()
   at Campco.Common.ProductList.ddlSearchcriteria_SelectedIndexChanged(Object sender, EventArgs e) in D:\TFS_Projects\Campco\Campco\Common\ProductList.aspx.cs:line 197
----------------------------------------------------
System.InvalidOperationException: The Update method can only be called on UpdatePanel with ID 'UpdatePanel1' when UpdateMode is set to Conditional.
   at System.Web.UI.UpdatePanel.Update()
   at Campco.Common.ProductList.ddlSearchcriteria_SelectedIndexChanged(Object sender, EventArgs e) in D:\TFS_Projects\Campco\Campco\Common\ProductList.aspx.cs:line 197
-------------------------END-------------------------24-03-2017 18:25:03
----------------------------------------------------
-------------------------START-------------------------24-03-2017 18:25:27
Page :productList.aspx
----------------------------------------------------
Event :
----------------------------------------------------
Stack Trace :   at System.Threading.Thread.AbortInternal()
   at System.Threading.Thread.Abort(Object stateInfo)
   at System.Web.HttpResponse.AbortCurrentThread()
   at System.Web.HttpResponse.End()
   at System.Web.HttpResponse.Redirect(String url, Boolean endResponse, Boolean permanent)
   at System.Web.HttpResponse.Redirect(String url)
   at Campco.Common.CampcoCommon.lnkSignout_Click(Object sender, EventArgs e) in D:\TFS_Projects\Campco\Campco\Common\CampcoCommon.Master.cs:line 281
----------------------------------------------------
System.Threading.ThreadAbortException: Thread was being aborted.
   at System.Threading.Thread.AbortInternal()
   at System.Threading.Thread.Abort(Object stateInfo)
   at System.Web.HttpResponse.AbortCurrentThread()
   at System.Web.HttpResponse.End()
   at System.Web.HttpResponse.Redirect(String url, Boolean endResponse, Boolean permanent)
   at System.Web.HttpResponse.Redirect(String url)
   at Campco.Common.CampcoCommon.lnkSignout_Click(Object sender, EventArgs e) in D:\TFS_Projects\Campco\Campco\Common\CampcoCommon.Master.cs:line 281
-------------------------END-------------------------24-03-2017 18:25:27
----------------------------------------------------
-------------------------START-------------------------24-03-2017 18:28:42
Page :productList.aspx
----------------------------------------------------
Event :
----------------------------------------------------
Stack Trace :   at System.Web.UI.UpdatePanel.Update()
   at Campco.Common.ProductList.btnfilter_click(Object sender, EventArgs e) in D:\TFS_Projects\Campco\Campco\Common\ProductList.aspx.cs:line 160
----------------------------------------------------
System.InvalidOperationException: The Update method can only be called on UpdatePanel with ID 'UpdatePanel1' when UpdateMode is set to Conditional.
   at System.Web.UI.UpdatePanel.Update()
   at Campco.Common.ProductList.btnfilter_click(Object sender, EventArgs e) in D:\TFS_Projects\Campco\Campco\Common\ProductList.aspx.cs:line 160
-------------------------END-------------------------24-03-2017 18:28:42
----------------------------------------------------
-------------------------START-------------------------24-03-2017 18:28:57
Page :productList.aspx
----------------------------------------------------
Event :
----------------------------------------------------
Stack Trace :   at System.Web.UI.UpdatePanel.Update()
   at Campco.Common.ProductList.ddlSearchcriteria_SelectedIndexChanged(Object sender, EventArgs e) in D:\TFS_Projects\Campco\Campco\Common\ProductList.aspx.cs:line 197
----------------------------------------------------
System.InvalidOperationException: The Update method can only be called on UpdatePanel with ID 'UpdatePanel1' when UpdateMode is set to Conditional.
   at System.Web.UI.UpdatePanel.Update()
   at Campco.Common.ProductList.ddlSearchcriteria_SelectedIndexChanged(Object sender, EventArgs e) in D:\TFS_Projects\Campco\Campco\Common\ProductList.aspx.cs:line 197
-------------------------END-------------------------24-03-2017 18:28:57
----------------------------------------------------
-------------------------START-------------------------24-03-2017 18:29:08
Page :productList.aspx
----------------------------------------------------
Event :
----------------------------------------------------
Stack Trace :   at System.Web.UI.UpdatePanel.Update()
   at Campco.Common.ProductList.btnfilter_click(Object sender, EventArgs e) in D:\TFS_Projects\Campco\Campco\Common\ProductList.aspx.cs:line 160
----------------------------------------------------
System.InvalidOperationException: The Update method can only be called on UpdatePanel with ID 'UpdatePanel1' when UpdateMode is set to Conditional.
   at System.Web.UI.UpdatePanel.Update()
   at Campco.Common.ProductList.btnfilter_click(Object sender, EventArgs e) in D:\TFS_Projects\Campco\Campco\Common\ProductList.aspx.cs:line 160
-------------------------END-------------------------24-03-2017 18:29:08
----------------------------------------------------
-------------------------START-------------------------24-03-2017 18:29:32
Page :productList.aspx
----------------------------------------------------
Event :
----------------------------------------------------
Stack Trace :   at System.Web.UI.UpdatePanel.Update()
   at Campco.Common.ProductList.btnfilter_click(Object sender, EventArgs e) in D:\TFS_Projects\Campco\Campco\Common\ProductList.aspx.cs:line 160
----------------------------------------------------
System.InvalidOperationException: The Update method can only be called on UpdatePanel with ID 'UpdatePanel1' when UpdateMode is set to Conditional.
   at System.Web.UI.UpdatePanel.Update()
   at Campco.Common.ProductList.btnfilter_click(Object sender, EventArgs e) in D:\TFS_Projects\Campco\Campco\Common\ProductList.aspx.cs:line 160
-------------------------END-------------------------24-03-2017 18:29:32
----------------------------------------------------
-------------------------START-------------------------24-03-2017 18:29:39
Page :productList.aspx
----------------------------------------------------
Event :
----------------------------------------------------
Stack Trace :   at System.Web.UI.UpdatePanel.Update()
   at Campco.Common.ProductList.ddlSearchcriteria_SelectedIndexChanged(Object sender, EventArgs e) in D:\TFS_Projects\Campco\Campco\Common\ProductList.aspx.cs:line 197
----------------------------------------------------
System.InvalidOperationException: The Update method can only be called on UpdatePanel with ID 'UpdatePanel1' when UpdateMode is set to Conditional.
   at System.Web.UI.UpdatePanel.Update()
   at Campco.Common.ProductList.ddlSearchcriteria_SelectedIndexChanged(Object sender, EventArgs e) in D:\TFS_Projects\Campco\Campco\Common\ProductList.aspx.cs:line 197
-------------------------END-------------------------24-03-2017 18:29:39
----------------------------------------------------
-------------------------START-------------------------24-03-2017 18:32:43
Page :productList.aspx
----------------------------------------------------
Event :
----------------------------------------------------
Stack Trace :   at System.Web.UI.UpdatePanel.Update()
   at Campco.Common.ProductList.btnfilter_click(Object sender, EventArgs e) in D:\TFS_Projects\Campco\Campco\Common\ProductList.aspx.cs:line 160
----------------------------------------------------
System.InvalidOperationException: The Update method can only be called on UpdatePanel with ID 'UpdatePanel1' when UpdateMode is set to Conditional.
   at System.Web.UI.UpdatePanel.Update()
   at Campco.Common.ProductList.btnfilter_click(Object sender, EventArgs e) in D:\TFS_Projects\Campco\Campco\Common\ProductList.aspx.cs:line 160
-------------------------END-------------------------24-03-2017 18:32:43
----------------------------------------------------
-------------------------START-------------------------24-03-2017 18:32:53
Page :productList.aspx
----------------------------------------------------
Event :
----------------------------------------------------
Stack Trace :   at System.Web.UI.UpdatePanel.Update()
   at Campco.Common.ProductList.ddlSearchcriteria_SelectedIndexChanged(Object sender, EventArgs e) in D:\TFS_Projects\Campco\Campco\Common\ProductList.aspx.cs:line 197
----------------------------------------------------
System.InvalidOperationException: The Update method can only be called on UpdatePanel with ID 'UpdatePanel1' when UpdateMode is set to Conditional.
   at System.Web.UI.UpdatePanel.Update()
   at Campco.Common.ProductList.ddlSearchcriteria_SelectedIndexChanged(Object sender, EventArgs e) in D:\TFS_Projects\Campco\Campco\Common\ProductList.aspx.cs:line 197
-------------------------END-------------------------24-03-2017 18:32:53
----------------------------------------------------
-------------------------START-------------------------24-03-2017 18:33:08
Page :productList.aspx
----------------------------------------------------
Event :
----------------------------------------------------
Stack Trace :   at System.Web.UI.UpdatePanel.Update()
   at Campco.Common.ProductList.ddlSearchcriteria_SelectedIndexChanged(Object sender, EventArgs e) in D:\TFS_Projects\Campco\Campco\Common\ProductList.aspx.cs:line 197
----------------------------------------------------
System.InvalidOperationException: The Update method can only be called on UpdatePanel with ID 'UpdatePanel1' when UpdateMode is set to Conditional.
   at System.Web.UI.UpdatePanel.Update()
   at Campco.Common.ProductList.ddlSearchcriteria_SelectedIndexChanged(Object sender, EventArgs e) in D:\TFS_Projects\Campco\Campco\Common\ProductList.aspx.cs:line 197
-------------------------END-------------------------24-03-2017 18:33:08
----------------------------------------------------
-------------------------START-------------------------24-03-2017 18:55:28
Page :productList.aspx
----------------------------------------------------
Event :
----------------------------------------------------
Stack Trace :   at Campco.Common.ProductList.ddlSearchcriteria_SelectedIndexChanged(Object sender, EventArgs e) in D:\TFS_Projects\Campco\Campco\Common\ProductList.aspx.cs:line 189
----------------------------------------------------
System.NullReferenceException: Object reference not set to an instance of an object.
   at Campco.Common.ProductList.ddlSearchcriteria_SelectedIndexChanged(Object sender, EventArgs e) in D:\TFS_Projects\Campco\Campco\Common\ProductList.aspx.cs:line 189
-------------------------END-------------------------24-03-2017 18:55:28
----------------------------------------------------
-------------------------START-------------------------24-03-2017 18:55:32
Page :productList.aspx
----------------------------------------------------
Event :
----------------------------------------------------
Stack Trace :   at Campco.Common.ProductList.ddlSearchcriteria_SelectedIndexChanged(Object sender, EventArgs e) in D:\TFS_Projects\Campco\Campco\Common\ProductList.aspx.cs:line 189
----------------------------------------------------
System.NullReferenceException: Object reference not set to an instance of an object.
   at Campco.Common.ProductList.ddlSearchcriteria_SelectedIndexChanged(Object sender, EventArgs e) in D:\TFS_Projects\Campco\Campco\Common\ProductList.aspx.cs:line 189
-------------------------END-------------------------24-03-2017 18:55:32
----------------------------------------------------
-------------------------START-------------------------24-03-2017 18:55:32
Page :productList.aspx
----------------------------------------------------
Event :
----------------------------------------------------
Stack Trace :   at System.Threading.Thread.AbortInternal()
   at System.Threading.Thread.Abort(Object stateInfo)
   at System.Web.HttpResponse.AbortCurrentThread()
   at System.Web.HttpResponse.End()
   at System.Web.HttpResponse.Redirect(String url, Boolean endResponse, Boolean permanent)
   at System.Web.HttpResponse.Redirect(String url)
   at Campco.Common.CampcoCommon.lnkSinIn_Click(Object sender, EventArgs e) in D:\TFS_Projects\Campco\Campco\Common\CampcoCommon.Master.cs:line 260
----------------------------------------------------
System.Threading.ThreadAbortException: Thread was being aborted.
   at System.Threading.Thread.AbortInternal()
   at System.Threading.Thread.Abort(Object stateInfo)
   at System.Web.HttpResponse.AbortCurrentThread()
   at System.Web.HttpResponse.End()
   at System.Web.HttpResponse.Redirect(String url, Boolean endResponse, Boolean permanent)
   at System.Web.HttpResponse.Redirect(String url)
   at Campco.Common.CampcoCommon.lnkSinIn_Click(Object sender, EventArgs e) in D:\TFS_Projects\Campco\Campco\Common\CampcoCommon.Master.cs:line 260
-------------------------END-------------------------24-03-2017 18:55:32
----------------------------------------------------
-------------------------START-------------------------24-03-2017 19:04:31
Page :ProductList.aspx
----------------------------------------------------
Event :
----------------------------------------------------
Stack Trace :   at System.Web.UI.UpdatePanel.Update()
   at Campco.Common.ProductList.ddlSearchcriteria_SelectedIndexChanged(Object sender, EventArgs e) in D:\TFS_Projects\Campco\Campco\Common\ProductList.aspx.cs:line 197
----------------------------------------------------
System.InvalidOperationException: The Update method can only be called on UpdatePanel with ID 'UpdatePanel1' when UpdateMode is set to Conditional.
   at System.Web.UI.UpdatePanel.Update()
   at Campco.Common.ProductList.ddlSearchcriteria_SelectedIndexChanged(Object sender, EventArgs e) in D:\TFS_Projects\Campco\Campco\Common\ProductList.aspx.cs:line 197
-------------------------END-------------------------24-03-2017 19:04:31
----------------------------------------------------
-------------------------START-------------------------24-03-2017 19:07:35
Page :brands.aspx
----------------------------------------------------
Event :
----------------------------------------------------
Stack Trace :   at System.Threading.Thread.AbortInternal()
   at System.Threading.Thread.Abort(Object stateInfo)
   at System.Web.HttpResponse.AbortCurrentThread()
   at System.Web.HttpResponse.End()
   at System.Web.HttpResponse.Redirect(String url, Boolean endResponse, Boolean permanent)
   at System.Web.HttpResponse.Redirect(String url)
   at Campco.Common.CampcoCommon.lnkSinIn_Click(Object sender, EventArgs e) in D:\TFS_Projects\Campco\Campco\Common\CampcoCommon.Master.cs:line 260
----------------------------------------------------
System.Threading.ThreadAbortException: Thread was being aborted.
   at System.Threading.Thread.AbortInternal()
   at System.Threading.Thread.Abort(Object stateInfo)
   at System.Web.HttpResponse.AbortCurrentThread()
   at System.Web.HttpResponse.End()
   at System.Web.HttpResponse.Redirect(String url, Boolean endResponse, Boolean permanent)
   at System.Web.HttpResponse.Redirect(String url)
   at Campco.Common.CampcoCommon.lnkSinIn_Click(Object sender, EventArgs e) in D:\TFS_Projects\Campco\Campco\Common\CampcoCommon.Master.cs:line 260
-------------------------END-------------------------24-03-2017 19:07:35
----------------------------------------------------
