-------------------------START-------------------------11-03-2017 11:46:43
Page :Registration.aspx
----------------------------------------------------
Event :Registration page Load
----------------------------------------------------
-------------------------END-------------------------11-03-2017 11:46:43
----------------------------------------------------
-------------------------START-------------------------11-03-2017 11:46:46
Page :Registration.aspx
----------------------------------------------------
Event :FillCapctcha.
-------------------------END-------------------------11-03-2017 11:46:46
----------------------------------------------------
-------------------------START-------------------------11-03-2017 13:59:11
Page :index.aspx
----------------------------------------------------
Event :
----------------------------------------------------
Stack Trace :   at System.Threading.Thread.AbortInternal()
   at System.Threading.Thread.Abort(Object stateInfo)
   at System.Web.HttpResponse.AbortCurrentThread()
   at System.Web.HttpResponse.Redirect(String url, Boolean endResponse, Boolean permanent)
   at Campco.Common.CampcoCommon.lnkSinIn_Click(Object sender, EventArgs e) in D:\TFS_Projects\Campco\Campco\Common\CampcoCommon.Master.cs:line 227
----------------------------------------------------
System.Threading.ThreadAbortException: Thread was being aborted.
   at System.Threading.Thread.AbortInternal()
   at System.Threading.Thread.Abort(Object stateInfo)
   at System.Web.HttpResponse.AbortCurrentThread()
   at System.Web.HttpResponse.Redirect(String url, Boolean endResponse, Boolean permanent)
   at Campco.Common.CampcoCommon.lnkSinIn_Click(Object sender, EventArgs e) in D:\TFS_Projects\Campco\Campco\Common\CampcoCommon.Master.cs:line 227
-------------------------END-------------------------11-03-2017 13:59:11
----------------------------------------------------
-------------------------START-------------------------11-03-2017 14:39:14
Page :index.aspx
----------------------------------------------------
Event :
----------------------------------------------------
Stack Trace :   at System.Threading.Thread.AbortInternal()
   at System.Threading.Thread.Abort(Object stateInfo)
   at System.Web.HttpResponse.AbortCurrentThread()
   at System.Web.HttpResponse.Redirect(String url, Boolean endResponse, Boolean permanent)
   at Campco.Common.CampcoCommon.lnkSinIn_Click(Object sender, EventArgs e) in D:\TFS_Projects\Campco\Campco\Common\CampcoCommon.Master.cs:line 227
----------------------------------------------------
System.Threading.ThreadAbortException: Thread was being aborted.
   at System.Threading.Thread.AbortInternal()
   at System.Threading.Thread.Abort(Object stateInfo)
   at System.Web.HttpResponse.AbortCurrentThread()
   at System.Web.HttpResponse.Redirect(String url, Boolean endResponse, Boolean permanent)
   at Campco.Common.CampcoCommon.lnkSinIn_Click(Object sender, EventArgs e) in D:\TFS_Projects\Campco\Campco\Common\CampcoCommon.Master.cs:line 227
-------------------------END-------------------------11-03-2017 14:39:14
----------------------------------------------------
-------------------------START-------------------------11-03-2017 17:56:15
Page :ProductList.aspx
----------------------------------------------------
Event :
----------------------------------------------------
Stack Trace :   at System.Threading.Thread.AbortInternal()
   at System.Threading.Thread.Abort(Object stateInfo)
   at System.Web.HttpResponse.AbortCurrentThread()
   at System.Web.HttpResponse.Redirect(String url, Boolean endResponse, Boolean permanent)
   at Campco.Common.CampcoCommon.lnkSinIn_Click(Object sender, EventArgs e) in D:\TFS_Projects\Campco\Campco\Common\CampcoCommon.Master.cs:line 227
----------------------------------------------------
System.Threading.ThreadAbortException: Thread was being aborted.
   at System.Threading.Thread.AbortInternal()
   at System.Threading.Thread.Abort(Object stateInfo)
   at System.Web.HttpResponse.AbortCurrentThread()
   at System.Web.HttpResponse.Redirect(String url, Boolean endResponse, Boolean permanent)
   at Campco.Common.CampcoCommon.lnkSinIn_Click(Object sender, EventArgs e) in D:\TFS_Projects\Campco\Campco\Common\CampcoCommon.Master.cs:line 227
-------------------------END-------------------------11-03-2017 17:56:15
----------------------------------------------------
-------------------------START-------------------------11-03-2017 18:00:10
Page :cart.aspx
----------------------------------------------------
Event :
----------------------------------------------------
Stack Trace :   at Campco.Common.cart.btn_contiSopping_Click(Object sender, EventArgs e) in D:\TFS_Projects\Campco\Campco\Common\cart.aspx.cs:line 163
----------------------------------------------------
System.NullReferenceException: Object reference not set to an instance of an object.
   at Campco.Common.cart.btn_contiSopping_Click(Object sender, EventArgs e) in D:\TFS_Projects\Campco\Campco\Common\cart.aspx.cs:line 163
-------------------------END-------------------------11-03-2017 18:00:10
----------------------------------------------------
-------------------------START-------------------------11-03-2017 18:00:13
Page :cart.aspx
----------------------------------------------------
Event :
----------------------------------------------------
Stack Trace :   at System.Threading.Thread.AbortInternal()
   at System.Threading.Thread.Abort(Object stateInfo)
   at System.Web.HttpResponse.AbortCurrentThread()
   at System.Web.HttpResponse.Redirect(String url, Boolean endResponse, Boolean permanent)
   at Campco.Common.CampcoCommon.lnkSinIn_Click(Object sender, EventArgs e) in D:\TFS_Projects\Campco\Campco\Common\CampcoCommon.Master.cs:line 227
----------------------------------------------------
System.Threading.ThreadAbortException: Thread was being aborted.
   at System.Threading.Thread.AbortInternal()
   at System.Threading.Thread.Abort(Object stateInfo)
   at System.Web.HttpResponse.AbortCurrentThread()
   at System.Web.HttpResponse.Redirect(String url, Boolean endResponse, Boolean permanent)
   at Campco.Common.CampcoCommon.lnkSinIn_Click(Object sender, EventArgs e) in D:\TFS_Projects\Campco\Campco\Common\CampcoCommon.Master.cs:line 227
-------------------------END-------------------------11-03-2017 18:00:13
----------------------------------------------------
-------------------------START-------------------------11-03-2017 18:05:09
Page :index.aspx
----------------------------------------------------
Event :
----------------------------------------------------
Stack Trace :   at System.Threading.Thread.AbortInternal()
   at System.Threading.Thread.Abort(Object stateInfo)
   at System.Web.HttpResponse.AbortCurrentThread()
   at System.Web.HttpResponse.Redirect(String url, Boolean endResponse, Boolean permanent)
   at Campco.Common.CampcoCommon.lnkSinIn_Click(Object sender, EventArgs e) in D:\TFS_Projects\Campco\Campco\Common\CampcoCommon.Master.cs:line 227
----------------------------------------------------
System.Threading.ThreadAbortException: Thread was being aborted.
   at System.Threading.Thread.AbortInternal()
   at System.Threading.Thread.Abort(Object stateInfo)
   at System.Web.HttpResponse.AbortCurrentThread()
   at System.Web.HttpResponse.Redirect(String url, Boolean endResponse, Boolean permanent)
   at Campco.Common.CampcoCommon.lnkSinIn_Click(Object sender, EventArgs e) in D:\TFS_Projects\Campco\Campco\Common\CampcoCommon.Master.cs:line 227
-------------------------END-------------------------11-03-2017 18:05:09
----------------------------------------------------
-------------------------START-------------------------11-03-2017 18:06:11
Page :Addtocart
----------------------------------------------------
Event :
----------------------------------------------------
Stack Trace :   at System.Threading.Thread.AbortInternal()
   at System.Threading.Thread.Abort(Object stateInfo)
   at System.Web.HttpResponse.AbortCurrentThread()
   at System.Web.HttpResponse.Redirect(String url, Boolean endResponse, Boolean permanent)
   at Campco.Common.cart.Addtocart(String value) in D:\TFS_Projects\Campco\Campco\Common\cart.aspx.cs:line 191
----------------------------------------------------
System.Threading.ThreadAbortException: Thread was being aborted.
   at System.Threading.Thread.AbortInternal()
   at System.Threading.Thread.Abort(Object stateInfo)
   at System.Web.HttpResponse.AbortCurrentThread()
   at System.Web.HttpResponse.Redirect(String url, Boolean endResponse, Boolean permanent)
   at Campco.Common.cart.Addtocart(String value) in D:\TFS_Projects\Campco\Campco\Common\cart.aspx.cs:line 191
-------------------------END-------------------------11-03-2017 18:06:11
----------------------------------------------------
-------------------------START-------------------------11-03-2017 18:06:52
Page :Addtocart
----------------------------------------------------
Event :
----------------------------------------------------
Stack Trace :   at System.Threading.Thread.AbortInternal()
   at System.Threading.Thread.Abort(Object stateInfo)
   at System.Web.HttpResponse.AbortCurrentThread()
   at System.Web.HttpResponse.Redirect(String url, Boolean endResponse, Boolean permanent)
   at Campco.Common.cart.Addtocart(String value) in D:\TFS_Projects\Campco\Campco\Common\cart.aspx.cs:line 191
----------------------------------------------------
System.Threading.ThreadAbortException: Thread was being aborted.
   at System.Threading.Thread.AbortInternal()
   at System.Threading.Thread.Abort(Object stateInfo)
   at System.Web.HttpResponse.AbortCurrentThread()
   at System.Web.HttpResponse.Redirect(String url, Boolean endResponse, Boolean permanent)
   at Campco.Common.cart.Addtocart(String value) in D:\TFS_Projects\Campco\Campco\Common\cart.aspx.cs:line 191
-------------------------END-------------------------11-03-2017 18:06:52
----------------------------------------------------
-------------------------START-------------------------11-03-2017 18:07:25
Page :index.aspx
----------------------------------------------------
Event :
----------------------------------------------------
Stack Trace :   at System.Threading.Thread.AbortInternal()
   at System.Threading.Thread.Abort(Object stateInfo)
   at System.Web.HttpResponse.AbortCurrentThread()
   at System.Web.HttpResponse.Redirect(String url, Boolean endResponse, Boolean permanent)
   at Campco.Common.CampcoCommon.lnkSinIn_Click(Object sender, EventArgs e) in D:\TFS_Projects\Campco\Campco\Common\CampcoCommon.Master.cs:line 227
----------------------------------------------------
System.Threading.ThreadAbortException: Thread was being aborted.
   at System.Threading.Thread.AbortInternal()
   at System.Threading.Thread.Abort(Object stateInfo)
   at System.Web.HttpResponse.AbortCurrentThread()
   at System.Web.HttpResponse.Redirect(String url, Boolean endResponse, Boolean permanent)
   at Campco.Common.CampcoCommon.lnkSinIn_Click(Object sender, EventArgs e) in D:\TFS_Projects\Campco\Campco\Common\CampcoCommon.Master.cs:line 227
-------------------------END-------------------------11-03-2017 18:07:25
----------------------------------------------------
-------------------------START-------------------------11-03-2017 18:15:52
Page :cart.aspx
----------------------------------------------------
Event :
----------------------------------------------------
Stack Trace :   at System.Threading.Thread.AbortInternal()
   at System.Threading.Thread.Abort(Object stateInfo)
   at System.Web.HttpResponse.AbortCurrentThread()
   at System.Web.HttpResponse.Redirect(String url, Boolean endResponse, Boolean permanent)
   at Campco.Common.CampcoCommon.lnkSinIn_Click(Object sender, EventArgs e) in D:\TFS_Projects\Campco\Campco\Common\CampcoCommon.Master.cs:line 227
----------------------------------------------------
System.Threading.ThreadAbortException: Thread was being aborted.
   at System.Threading.Thread.AbortInternal()
   at System.Threading.Thread.Abort(Object stateInfo)
   at System.Web.HttpResponse.AbortCurrentThread()
   at System.Web.HttpResponse.Redirect(String url, Boolean endResponse, Boolean permanent)
   at Campco.Common.CampcoCommon.lnkSinIn_Click(Object sender, EventArgs e) in D:\TFS_Projects\Campco\Campco\Common\CampcoCommon.Master.cs:line 227
-------------------------END-------------------------11-03-2017 18:15:52
----------------------------------------------------
-------------------------START-------------------------11-03-2017 18:20:23
Page :CheckOut.aspx
----------------------------------------------------
Event :
----------------------------------------------------
Stack Trace :   at System.Threading.Thread.AbortInternal()
   at System.Threading.Thread.Abort(Object stateInfo)
   at System.Web.HttpResponse.AbortCurrentThread()
   at System.Web.HttpResponse.Redirect(String url, Boolean endResponse, Boolean permanent)
   at Campco.Common.CampcoCommon.lnkSignout_Click(Object sender, EventArgs e) in D:\TFS_Projects\Campco\Campco\Common\CampcoCommon.Master.cs:line 248
----------------------------------------------------
System.Threading.ThreadAbortException: Thread was being aborted.
   at System.Threading.Thread.AbortInternal()
   at System.Threading.Thread.Abort(Object stateInfo)
   at System.Web.HttpResponse.AbortCurrentThread()
   at System.Web.HttpResponse.Redirect(String url, Boolean endResponse, Boolean permanent)
   at Campco.Common.CampcoCommon.lnkSignout_Click(Object sender, EventArgs e) in D:\TFS_Projects\Campco\Campco\Common\CampcoCommon.Master.cs:line 248
-------------------------END-------------------------11-03-2017 18:20:23
----------------------------------------------------
