-------------------------START-------------------------11-04-2017 09:37:09
Page :index.aspx
----------------------------------------------------
Stack Trace :   at Campco.Common.index.Page_Load(Object sender, EventArgs e) in D:\TFS_Projects\Campco\Campco\Common\index.aspx.cs:line 133
----------------------------------------------------
System.NullReferenceException: Object reference not set to an instance of an object.
   at Campco.Common.index.Page_Load(Object sender, EventArgs e) in D:\TFS_Projects\Campco\Campco\Common\index.aspx.cs:line 133
-------------------------END-------------------------11-04-2017 09:37:09
----------------------------------------------------
-------------------------START-------------------------11-04-2017 10:00:09
Page :index.aspx
----------------------------------------------------
Event :
----------------------------------------------------
Stack Trace :   at Campco.Common.index.Page_Load(Object sender, EventArgs e) in D:\TFS_Projects\Campco\Campco\Common\index.aspx.cs:line 133
----------------------------------------------------
System.NullReferenceException: Object reference not set to an instance of an object.
   at Campco.Common.index.Page_Load(Object sender, EventArgs e) in D:\TFS_Projects\Campco\Campco\Common\index.aspx.cs:line 133
-------------------------END-------------------------11-04-2017 10:00:09
----------------------------------------------------
-------------------------START-------------------------11-04-2017 10:06:53
Page :index.aspx
----------------------------------------------------
Event :
----------------------------------------------------
Stack Trace :   at Campco.Common.index.Page_Load(Object sender, EventArgs e) in D:\TFS_Projects\Campco\Campco\Common\index.aspx.cs:line 133
----------------------------------------------------
System.NullReferenceException: Object reference not set to an instance of an object.
   at Campco.Common.index.Page_Load(Object sender, EventArgs e) in D:\TFS_Projects\Campco\Campco\Common\index.aspx.cs:line 133
-------------------------END-------------------------11-04-2017 10:06:53
----------------------------------------------------
-------------------------START-------------------------11-04-2017 10:06:54
Page :index.aspx
----------------------------------------------------
Event :
----------------------------------------------------
Stack Trace :   at System.Threading.Thread.AbortInternal()
   at System.Threading.Thread.Abort(Object stateInfo)
   at System.Web.HttpResponse.AbortCurrentThread()
   at System.Web.HttpResponse.End()
   at System.Web.HttpResponse.Redirect(String url, Boolean endResponse, Boolean permanent)
   at System.Web.HttpResponse.Redirect(String url)
   at Campco.Common.CampcoCommon.lnkMyaccount_Click(Object sender, EventArgs e) in D:\TFS_Projects\Campco\Campco\Common\CampcoCommon.Master.cs:line 240
----------------------------------------------------
System.Threading.ThreadAbortException: Thread was being aborted.
   at System.Threading.Thread.AbortInternal()
   at System.Threading.Thread.Abort(Object stateInfo)
   at System.Web.HttpResponse.AbortCurrentThread()
   at System.Web.HttpResponse.End()
   at System.Web.HttpResponse.Redirect(String url, Boolean endResponse, Boolean permanent)
   at System.Web.HttpResponse.Redirect(String url)
   at Campco.Common.CampcoCommon.lnkMyaccount_Click(Object sender, EventArgs e) in D:\TFS_Projects\Campco\Campco\Common\CampcoCommon.Master.cs:line 240
-------------------------END-------------------------11-04-2017 10:06:54
----------------------------------------------------
-------------------------START-------------------------11-04-2017 10:07:06
Page :Remove
----------------------------------------------------
Event :
----------------------------------------------------
Stack Trace :   at System.Data.DataTableExtensions.LoadTableFromEnumerable[T](IEnumerable`1 source, DataTable table, Nullable`1 options, FillErrorEventHandler errorHandler)
   at System.Data.DataTableExtensions.CopyToDataTable[T](IEnumerable`1 source)
   at Campco.Common.Login.Remove(String value) in D:\TFS_Projects\Campco\Campco\Common\Login.aspx.cs:line 420
----------------------------------------------------
System.InvalidOperationException: The source contains no DataRows.
   at System.Data.DataTableExtensions.LoadTableFromEnumerable[T](IEnumerable`1 source, DataTable table, Nullable`1 options, FillErrorEventHandler errorHandler)
   at System.Data.DataTableExtensions.CopyToDataTable[T](IEnumerable`1 source)
   at Campco.Common.Login.Remove(String value) in D:\TFS_Projects\Campco\Campco\Common\Login.aspx.cs:line 420
-------------------------END-------------------------11-04-2017 10:07:06
----------------------------------------------------
-------------------------START-------------------------11-04-2017 10:08:27
Page :Remove
----------------------------------------------------
Event :
----------------------------------------------------
Stack Trace :   at System.Data.DataTableExtensions.LoadTableFromEnumerable[T](IEnumerable`1 source, DataTable table, Nullable`1 options, FillErrorEventHandler errorHandler)
   at System.Data.DataTableExtensions.CopyToDataTable[T](IEnumerable`1 source)
   at Campco.Common.OtherProductList.Remove(String value) in D:\TFS_Projects\Campco\Campco\Common\OtherProductList.aspx.cs:line 296
----------------------------------------------------
System.InvalidOperationException: The source contains no DataRows.
   at System.Data.DataTableExtensions.LoadTableFromEnumerable[T](IEnumerable`1 source, DataTable table, Nullable`1 options, FillErrorEventHandler errorHandler)
   at System.Data.DataTableExtensions.CopyToDataTable[T](IEnumerable`1 source)
   at Campco.Common.OtherProductList.Remove(String value) in D:\TFS_Projects\Campco\Campco\Common\OtherProductList.aspx.cs:line 296
-------------------------END-------------------------11-04-2017 10:08:27
----------------------------------------------------
-------------------------START-------------------------11-04-2017 10:14:07
Page :index.aspx
----------------------------------------------------
Event :
----------------------------------------------------
Stack Trace :   at Campco.Common.index.Page_Load(Object sender, EventArgs e) in D:\TFS_Projects\Campco\Campco\Common\index.aspx.cs:line 133
----------------------------------------------------
System.NullReferenceException: Object reference not set to an instance of an object.
   at Campco.Common.index.Page_Load(Object sender, EventArgs e) in D:\TFS_Projects\Campco\Campco\Common\index.aspx.cs:line 133
-------------------------END-------------------------11-04-2017 10:14:07
----------------------------------------------------
-------------------------START-------------------------11-04-2017 10:14:14
Page :Remove
----------------------------------------------------
Event :
----------------------------------------------------
Stack Trace :   at System.Data.DataTableExtensions.LoadTableFromEnumerable[T](IEnumerable`1 source, DataTable table, Nullable`1 options, FillErrorEventHandler errorHandler)
   at System.Data.DataTableExtensions.CopyToDataTable[T](IEnumerable`1 source)
   at Campco.Common.index.Remove(String value) in D:\TFS_Projects\Campco\Campco\Common\index.aspx.cs:line 205
----------------------------------------------------
System.InvalidOperationException: The source contains no DataRows.
   at System.Data.DataTableExtensions.LoadTableFromEnumerable[T](IEnumerable`1 source, DataTable table, Nullable`1 options, FillErrorEventHandler errorHandler)
   at System.Data.DataTableExtensions.CopyToDataTable[T](IEnumerable`1 source)
   at Campco.Common.index.Remove(String value) in D:\TFS_Projects\Campco\Campco\Common\index.aspx.cs:line 205
-------------------------END-------------------------11-04-2017 10:14:14
----------------------------------------------------
-------------------------START-------------------------11-04-2017 10:15:05
Page :Remove
----------------------------------------------------
Event :
----------------------------------------------------
Stack Trace :   at System.Data.DataTableExtensions.LoadTableFromEnumerable[T](IEnumerable`1 source, DataTable table, Nullable`1 options, FillErrorEventHandler errorHandler)
   at System.Data.DataTableExtensions.CopyToDataTable[T](IEnumerable`1 source)
   at Campco.Common.index.Remove(String value) in D:\TFS_Projects\Campco\Campco\Common\index.aspx.cs:line 205
----------------------------------------------------
System.InvalidOperationException: The source contains no DataRows.
   at System.Data.DataTableExtensions.LoadTableFromEnumerable[T](IEnumerable`1 source, DataTable table, Nullable`1 options, FillErrorEventHandler errorHandler)
   at System.Data.DataTableExtensions.CopyToDataTable[T](IEnumerable`1 source)
   at Campco.Common.index.Remove(String value) in D:\TFS_Projects\Campco\Campco\Common\index.aspx.cs:line 205
-------------------------END-------------------------11-04-2017 10:15:05
----------------------------------------------------
-------------------------START-------------------------11-04-2017 10:17:14
Page :index.aspx
----------------------------------------------------
Event :
----------------------------------------------------
Stack Trace :   at Campco.Common.index.Page_Load(Object sender, EventArgs e) in D:\TFS_Projects\Campco\Campco\Common\index.aspx.cs:line 133
----------------------------------------------------
System.NullReferenceException: Object reference not set to an instance of an object.
   at Campco.Common.index.Page_Load(Object sender, EventArgs e) in D:\TFS_Projects\Campco\Campco\Common\index.aspx.cs:line 133
-------------------------END-------------------------11-04-2017 10:17:14
----------------------------------------------------
-------------------------START-------------------------11-04-2017 10:17:28
Page :Remove
----------------------------------------------------
Event :
----------------------------------------------------
Stack Trace :   at System.Data.DataTableExtensions.LoadTableFromEnumerable[T](IEnumerable`1 source, DataTable table, Nullable`1 options, FillErrorEventHandler errorHandler)
   at System.Data.DataTableExtensions.CopyToDataTable[T](IEnumerable`1 source)
   at Campco.Common.index.Remove(String value) in D:\TFS_Projects\Campco\Campco\Common\index.aspx.cs:line 205
----------------------------------------------------
System.InvalidOperationException: The source contains no DataRows.
   at System.Data.DataTableExtensions.LoadTableFromEnumerable[T](IEnumerable`1 source, DataTable table, Nullable`1 options, FillErrorEventHandler errorHandler)
   at System.Data.DataTableExtensions.CopyToDataTable[T](IEnumerable`1 source)
   at Campco.Common.index.Remove(String value) in D:\TFS_Projects\Campco\Campco\Common\index.aspx.cs:line 205
-------------------------END-------------------------11-04-2017 10:17:28
----------------------------------------------------
-------------------------START-------------------------11-04-2017 10:18:09
Page :Remove
----------------------------------------------------
Event :
----------------------------------------------------
Stack Trace :   at System.Data.DataTableExtensions.LoadTableFromEnumerable[T](IEnumerable`1 source, DataTable table, Nullable`1 options, FillErrorEventHandler errorHandler)
   at System.Data.DataTableExtensions.CopyToDataTable[T](IEnumerable`1 source)
   at Campco.Common.index.Remove(String value) in D:\TFS_Projects\Campco\Campco\Common\index.aspx.cs:line 205
----------------------------------------------------
System.InvalidOperationException: The source contains no DataRows.
   at System.Data.DataTableExtensions.LoadTableFromEnumerable[T](IEnumerable`1 source, DataTable table, Nullable`1 options, FillErrorEventHandler errorHandler)
   at System.Data.DataTableExtensions.CopyToDataTable[T](IEnumerable`1 source)
   at Campco.Common.index.Remove(String value) in D:\TFS_Projects\Campco\Campco\Common\index.aspx.cs:line 205
-------------------------END-------------------------11-04-2017 10:18:09
----------------------------------------------------
-------------------------START-------------------------11-04-2017 10:18:16
Page :Remove
----------------------------------------------------
Event :
----------------------------------------------------
Stack Trace :   at System.Data.DataTableExtensions.LoadTableFromEnumerable[T](IEnumerable`1 source, DataTable table, Nullable`1 options, FillErrorEventHandler errorHandler)
   at System.Data.DataTableExtensions.CopyToDataTable[T](IEnumerable`1 source)
   at Campco.Common.index.Remove(String value) in D:\TFS_Projects\Campco\Campco\Common\index.aspx.cs:line 205
----------------------------------------------------
System.InvalidOperationException: The source contains no DataRows.
   at System.Data.DataTableExtensions.LoadTableFromEnumerable[T](IEnumerable`1 source, DataTable table, Nullable`1 options, FillErrorEventHandler errorHandler)
   at System.Data.DataTableExtensions.CopyToDataTable[T](IEnumerable`1 source)
   at Campco.Common.index.Remove(String value) in D:\TFS_Projects\Campco\Campco\Common\index.aspx.cs:line 205
-------------------------END-------------------------11-04-2017 10:18:16
----------------------------------------------------
-------------------------START-------------------------11-04-2017 10:28:48
Page :index.aspx
----------------------------------------------------
Event :
----------------------------------------------------
Stack Trace :   at Campco.Common.index.Page_Load(Object sender, EventArgs e) in D:\TFS_Projects\Campco\Campco\Common\index.aspx.cs:line 133
----------------------------------------------------
System.NullReferenceException: Object reference not set to an instance of an object.
   at Campco.Common.index.Page_Load(Object sender, EventArgs e) in D:\TFS_Projects\Campco\Campco\Common\index.aspx.cs:line 133
-------------------------END-------------------------11-04-2017 10:28:48
----------------------------------------------------
-------------------------START-------------------------11-04-2017 10:29:13
Page :Remove
----------------------------------------------------
Event :
----------------------------------------------------
Stack Trace :   at System.Data.DataTableExtensions.LoadTableFromEnumerable[T](IEnumerable`1 source, DataTable table, Nullable`1 options, FillErrorEventHandler errorHandler)
   at System.Data.DataTableExtensions.CopyToDataTable[T](IEnumerable`1 source)
   at Campco.Common.index.Remove(String value) in D:\TFS_Projects\Campco\Campco\Common\index.aspx.cs:line 205
----------------------------------------------------
System.InvalidOperationException: The source contains no DataRows.
   at System.Data.DataTableExtensions.LoadTableFromEnumerable[T](IEnumerable`1 source, DataTable table, Nullable`1 options, FillErrorEventHandler errorHandler)
   at System.Data.DataTableExtensions.CopyToDataTable[T](IEnumerable`1 source)
   at Campco.Common.index.Remove(String value) in D:\TFS_Projects\Campco\Campco\Common\index.aspx.cs:line 205
-------------------------END-------------------------11-04-2017 10:29:13
----------------------------------------------------
-------------------------START-------------------------11-04-2017 10:47:37
Page :index.aspx
----------------------------------------------------
Event :
----------------------------------------------------
Stack Trace :   at Campco.Common.index.Page_Load(Object sender, EventArgs e) in D:\TFS_Projects\Campco\Campco\Common\index.aspx.cs:line 133
----------------------------------------------------
System.NullReferenceException: Object reference not set to an instance of an object.
   at Campco.Common.index.Page_Load(Object sender, EventArgs e) in D:\TFS_Projects\Campco\Campco\Common\index.aspx.cs:line 133
-------------------------END-------------------------11-04-2017 10:47:37
----------------------------------------------------
-------------------------START-------------------------11-04-2017 10:49:11
Page :index.aspx
----------------------------------------------------
Event :
----------------------------------------------------
Stack Trace :   at Campco.Common.index.Page_Load(Object sender, EventArgs e) in D:\TFS_Projects\Campco\Campco\Common\index.aspx.cs:line 133
----------------------------------------------------
System.NullReferenceException: Object reference not set to an instance of an object.
   at Campco.Common.index.Page_Load(Object sender, EventArgs e) in D:\TFS_Projects\Campco\Campco\Common\index.aspx.cs:line 133
-------------------------END-------------------------11-04-2017 10:49:11
----------------------------------------------------
-------------------------START-------------------------11-04-2017 10:49:12
Page :index.aspx
----------------------------------------------------
Event :
----------------------------------------------------
Stack Trace :   at System.Threading.Thread.AbortInternal()
   at System.Threading.Thread.Abort(Object stateInfo)
   at System.Web.HttpResponse.AbortCurrentThread()
   at System.Web.HttpResponse.End()
   at System.Web.HttpResponse.Redirect(String url, Boolean endResponse, Boolean permanent)
   at System.Web.HttpResponse.Redirect(String url)
   at Campco.Common.CampcoCommon.lnkSinIn_Click(Object sender, EventArgs e) in D:\TFS_Projects\Campco\Campco\Common\CampcoCommon.Master.cs:line 281
----------------------------------------------------
System.Threading.ThreadAbortException: Thread was being aborted.
   at System.Threading.Thread.AbortInternal()
   at System.Threading.Thread.Abort(Object stateInfo)
   at System.Web.HttpResponse.AbortCurrentThread()
   at System.Web.HttpResponse.End()
   at System.Web.HttpResponse.Redirect(String url, Boolean endResponse, Boolean permanent)
   at System.Web.HttpResponse.Redirect(String url)
   at Campco.Common.CampcoCommon.lnkSinIn_Click(Object sender, EventArgs e) in D:\TFS_Projects\Campco\Campco\Common\CampcoCommon.Master.cs:line 281
-------------------------END-------------------------11-04-2017 10:49:12
----------------------------------------------------
-------------------------START-------------------------11-04-2017 10:49:45
Page :admin.aspx
----------------------------------------------------
Event :
----------------------------------------------------
Stack Trace :   at System.Threading.Thread.AbortInternal()
   at System.Threading.Thread.Abort(Object stateInfo)
   at System.Web.HttpResponse.AbortCurrentThread()
   at System.Web.HttpResponse.End()
   at System.Web.HttpResponse.Redirect(String url, Boolean endResponse, Boolean permanent)
   at System.Web.HttpResponse.Redirect(String url)
   at Campco.AdminPanel.CampcoAdmin.lnkSignout_Click(Object sender, EventArgs e) in D:\TFS_Projects\Campco\Campco\AdminPanel\CampcoAdmin.Master.cs:line 70
----------------------------------------------------
System.Threading.ThreadAbortException: Thread was being aborted.
   at System.Threading.Thread.AbortInternal()
   at System.Threading.Thread.Abort(Object stateInfo)
   at System.Web.HttpResponse.AbortCurrentThread()
   at System.Web.HttpResponse.End()
   at System.Web.HttpResponse.Redirect(String url, Boolean endResponse, Boolean permanent)
   at System.Web.HttpResponse.Redirect(String url)
   at Campco.AdminPanel.CampcoAdmin.lnkSignout_Click(Object sender, EventArgs e) in D:\TFS_Projects\Campco\Campco\AdminPanel\CampcoAdmin.Master.cs:line 70
-------------------------END-------------------------11-04-2017 10:49:45
----------------------------------------------------
-------------------------START-------------------------11-04-2017 10:56:23
Page :index.aspx
----------------------------------------------------
Event :
----------------------------------------------------
Stack Trace :   at Campco.Common.index.Page_Load(Object sender, EventArgs e) in D:\TFS_Projects\Campco\Campco\Common\index.aspx.cs:line 133
----------------------------------------------------
System.NullReferenceException: Object reference not set to an instance of an object.
   at Campco.Common.index.Page_Load(Object sender, EventArgs e) in D:\TFS_Projects\Campco\Campco\Common\index.aspx.cs:line 133
-------------------------END-------------------------11-04-2017 10:56:23
----------------------------------------------------
-------------------------START-------------------------11-04-2017 10:56:32
Page :index.aspx
----------------------------------------------------
Event :
----------------------------------------------------
Stack Trace :   at Campco.Common.index.Page_Load(Object sender, EventArgs e) in D:\TFS_Projects\Campco\Campco\Common\index.aspx.cs:line 133
----------------------------------------------------
System.NullReferenceException: Object reference not set to an instance of an object.
   at Campco.Common.index.Page_Load(Object sender, EventArgs e) in D:\TFS_Projects\Campco\Campco\Common\index.aspx.cs:line 133
-------------------------END-------------------------11-04-2017 10:56:32
----------------------------------------------------
-------------------------START-------------------------11-04-2017 10:56:33
Page :index.aspx
----------------------------------------------------
Event :
----------------------------------------------------
Stack Trace :   at System.Threading.Thread.AbortInternal()
   at System.Threading.Thread.Abort(Object stateInfo)
   at System.Web.HttpResponse.AbortCurrentThread()
   at System.Web.HttpResponse.End()
   at System.Web.HttpResponse.Redirect(String url, Boolean endResponse, Boolean permanent)
   at System.Web.HttpResponse.Redirect(String url)
   at Campco.Common.CampcoCommon.lnkSinIn_Click(Object sender, EventArgs e) in D:\TFS_Projects\Campco\Campco\Common\CampcoCommon.Master.cs:line 281
----------------------------------------------------
System.Threading.ThreadAbortException: Thread was being aborted.
   at System.Threading.Thread.AbortInternal()
   at System.Threading.Thread.Abort(Object stateInfo)
   at System.Web.HttpResponse.AbortCurrentThread()
   at System.Web.HttpResponse.End()
   at System.Web.HttpResponse.Redirect(String url, Boolean endResponse, Boolean permanent)
   at System.Web.HttpResponse.Redirect(String url)
   at Campco.Common.CampcoCommon.lnkSinIn_Click(Object sender, EventArgs e) in D:\TFS_Projects\Campco\Campco\Common\CampcoCommon.Master.cs:line 281
-------------------------END-------------------------11-04-2017 10:56:33
----------------------------------------------------
-------------------------START-------------------------11-04-2017 10:56:58
Page :admin.aspx
----------------------------------------------------
Event :
----------------------------------------------------
Stack Trace :   at System.Threading.Thread.AbortInternal()
   at System.Threading.Thread.Abort(Object stateInfo)
   at System.Web.HttpResponse.AbortCurrentThread()
   at System.Web.HttpResponse.End()
   at System.Web.HttpResponse.Redirect(String url, Boolean endResponse, Boolean permanent)
   at System.Web.HttpResponse.Redirect(String url)
   at Campco.AdminPanel.CampcoAdmin.lnkSignout_Click(Object sender, EventArgs e) in D:\TFS_Projects\Campco\Campco\AdminPanel\CampcoAdmin.Master.cs:line 73
----------------------------------------------------
System.Threading.ThreadAbortException: Thread was being aborted.
   at System.Threading.Thread.AbortInternal()
   at System.Threading.Thread.Abort(Object stateInfo)
   at System.Web.HttpResponse.AbortCurrentThread()
   at System.Web.HttpResponse.End()
   at System.Web.HttpResponse.Redirect(String url, Boolean endResponse, Boolean permanent)
   at System.Web.HttpResponse.Redirect(String url)
   at Campco.AdminPanel.CampcoAdmin.lnkSignout_Click(Object sender, EventArgs e) in D:\TFS_Projects\Campco\Campco\AdminPanel\CampcoAdmin.Master.cs:line 73
-------------------------END-------------------------11-04-2017 10:56:58
----------------------------------------------------
-------------------------START-------------------------11-04-2017 10:59:29
Page :login.aspx
----------------------------------------------------
Event :
----------------------------------------------------
Stack Trace :   at System.Threading.Thread.AbortInternal()
   at System.Threading.Thread.Abort(Object stateInfo)
   at System.Web.HttpResponse.AbortCurrentThread()
   at System.Web.HttpResponse.End()
   at System.Web.HttpResponse.Redirect(String url, Boolean endResponse, Boolean permanent)
   at System.Web.HttpResponse.Redirect(String url)
   at Campco.Common.CampcoCommon.lnkSignout_Click(Object sender, EventArgs e) in D:\TFS_Projects\Campco\Campco\Common\CampcoCommon.Master.cs:line 302
----------------------------------------------------
System.Threading.ThreadAbortException: Thread was being aborted.
   at System.Threading.Thread.AbortInternal()
   at System.Threading.Thread.Abort(Object stateInfo)
   at System.Web.HttpResponse.AbortCurrentThread()
   at System.Web.HttpResponse.End()
   at System.Web.HttpResponse.Redirect(String url, Boolean endResponse, Boolean permanent)
   at System.Web.HttpResponse.Redirect(String url)
   at Campco.Common.CampcoCommon.lnkSignout_Click(Object sender, EventArgs e) in D:\TFS_Projects\Campco\Campco\Common\CampcoCommon.Master.cs:line 302
-------------------------END-------------------------11-04-2017 10:59:29
----------------------------------------------------
-------------------------START-------------------------11-04-2017 10:59:29
Page :index.aspx
----------------------------------------------------
Event :
----------------------------------------------------
Stack Trace :   at Campco.Common.index.Page_Load(Object sender, EventArgs e) in D:\TFS_Projects\Campco\Campco\Common\index.aspx.cs:line 133
----------------------------------------------------
System.NullReferenceException: Object reference not set to an instance of an object.
   at Campco.Common.index.Page_Load(Object sender, EventArgs e) in D:\TFS_Projects\Campco\Campco\Common\index.aspx.cs:line 133
-------------------------END-------------------------11-04-2017 10:59:29
----------------------------------------------------
-------------------------START-------------------------11-04-2017 10:59:45
Page :index.aspx
----------------------------------------------------
Event :
----------------------------------------------------
Stack Trace :   at Campco.Common.index.Page_Load(Object sender, EventArgs e) in D:\TFS_Projects\Campco\Campco\Common\index.aspx.cs:line 133
----------------------------------------------------
System.NullReferenceException: Object reference not set to an instance of an object.
   at Campco.Common.index.Page_Load(Object sender, EventArgs e) in D:\TFS_Projects\Campco\Campco\Common\index.aspx.cs:line 133
-------------------------END-------------------------11-04-2017 10:59:45
----------------------------------------------------
-------------------------START-------------------------11-04-2017 11:00:02
Page :index.aspx
----------------------------------------------------
Event :
----------------------------------------------------
Stack Trace :   at Campco.Common.index.Page_Load(Object sender, EventArgs e) in D:\TFS_Projects\Campco\Campco\Common\index.aspx.cs:line 133
----------------------------------------------------
System.NullReferenceException: Object reference not set to an instance of an object.
   at Campco.Common.index.Page_Load(Object sender, EventArgs e) in D:\TFS_Projects\Campco\Campco\Common\index.aspx.cs:line 133
-------------------------END-------------------------11-04-2017 11:00:02
----------------------------------------------------
-------------------------START-------------------------11-04-2017 11:00:26
Page :index.aspx
----------------------------------------------------
Event :
----------------------------------------------------
Stack Trace :   at Campco.Common.index.Page_Load(Object sender, EventArgs e) in D:\TFS_Projects\Campco\Campco\Common\index.aspx.cs:line 133
----------------------------------------------------
System.NullReferenceException: Object reference not set to an instance of an object.
   at Campco.Common.index.Page_Load(Object sender, EventArgs e) in D:\TFS_Projects\Campco\Campco\Common\index.aspx.cs:line 133
-------------------------END-------------------------11-04-2017 11:00:26
----------------------------------------------------
-------------------------START-------------------------11-04-2017 11:00:27
Page :index.aspx
----------------------------------------------------
Event :
----------------------------------------------------
Stack Trace :   at System.Threading.Thread.AbortInternal()
   at System.Threading.Thread.Abort(Object stateInfo)
   at System.Web.HttpResponse.AbortCurrentThread()
   at System.Web.HttpResponse.End()
   at System.Web.HttpResponse.Redirect(String url, Boolean endResponse, Boolean permanent)
   at System.Web.HttpResponse.Redirect(String url)
   at Campco.Common.CampcoCommon.lnkSinIn_Click(Object sender, EventArgs e) in D:\TFS_Projects\Campco\Campco\Common\CampcoCommon.Master.cs:line 281
----------------------------------------------------
System.Threading.ThreadAbortException: Thread was being aborted.
   at System.Threading.Thread.AbortInternal()
   at System.Threading.Thread.Abort(Object stateInfo)
   at System.Web.HttpResponse.AbortCurrentThread()
   at System.Web.HttpResponse.End()
   at System.Web.HttpResponse.Redirect(String url, Boolean endResponse, Boolean permanent)
   at System.Web.HttpResponse.Redirect(String url)
   at Campco.Common.CampcoCommon.lnkSinIn_Click(Object sender, EventArgs e) in D:\TFS_Projects\Campco\Campco\Common\CampcoCommon.Master.cs:line 281
-------------------------END-------------------------11-04-2017 11:00:27
----------------------------------------------------
-------------------------START-------------------------11-04-2017 11:04:21
Page :index.aspx
----------------------------------------------------
Event :
----------------------------------------------------
Stack Trace :   at Campco.Common.index.Page_Load(Object sender, EventArgs e) in D:\TFS_Projects\Campco\Campco\Common\index.aspx.cs:line 133
----------------------------------------------------
System.NullReferenceException: Object reference not set to an instance of an object.
   at Campco.Common.index.Page_Load(Object sender, EventArgs e) in D:\TFS_Projects\Campco\Campco\Common\index.aspx.cs:line 133
-------------------------END-------------------------11-04-2017 11:04:21
----------------------------------------------------
-------------------------START-------------------------11-04-2017 11:04:25
Page :index.aspx
----------------------------------------------------
Event :
----------------------------------------------------
Stack Trace :   at Campco.Common.index.Page_Load(Object sender, EventArgs e) in D:\TFS_Projects\Campco\Campco\Common\index.aspx.cs:line 133
----------------------------------------------------
System.NullReferenceException: Object reference not set to an instance of an object.
   at Campco.Common.index.Page_Load(Object sender, EventArgs e) in D:\TFS_Projects\Campco\Campco\Common\index.aspx.cs:line 133
-------------------------END-------------------------11-04-2017 11:04:25
----------------------------------------------------
-------------------------START-------------------------11-04-2017 11:04:26
Page :index.aspx
----------------------------------------------------
Event :
----------------------------------------------------
Stack Trace :   at System.Threading.Thread.AbortInternal()
   at System.Threading.Thread.Abort(Object stateInfo)
   at System.Web.HttpResponse.AbortCurrentThread()
   at System.Web.HttpResponse.End()
   at System.Web.HttpResponse.Redirect(String url, Boolean endResponse, Boolean permanent)
   at System.Web.HttpResponse.Redirect(String url)
   at Campco.Common.CampcoCommon.lnkSinIn_Click(Object sender, EventArgs e) in D:\TFS_Projects\Campco\Campco\Common\CampcoCommon.Master.cs:line 281
----------------------------------------------------
System.Threading.ThreadAbortException: Thread was being aborted.
   at System.Threading.Thread.AbortInternal()
   at System.Threading.Thread.Abort(Object stateInfo)
   at System.Web.HttpResponse.AbortCurrentThread()
   at System.Web.HttpResponse.End()
   at System.Web.HttpResponse.Redirect(String url, Boolean endResponse, Boolean permanent)
   at System.Web.HttpResponse.Redirect(String url)
   at Campco.Common.CampcoCommon.lnkSinIn_Click(Object sender, EventArgs e) in D:\TFS_Projects\Campco\Campco\Common\CampcoCommon.Master.cs:line 281
-------------------------END-------------------------11-04-2017 11:04:26
----------------------------------------------------
-------------------------START-------------------------11-04-2017 11:10:31
Page :admin.aspx
----------------------------------------------------
Event :
----------------------------------------------------
Stack Trace :   at System.Threading.Thread.AbortInternal()
   at System.Threading.Thread.Abort(Object stateInfo)
   at System.Web.HttpResponse.AbortCurrentThread()
   at System.Web.HttpResponse.End()
   at System.Web.HttpResponse.Redirect(String url, Boolean endResponse, Boolean permanent)
   at System.Web.HttpResponse.Redirect(String url)
   at Campco.AdminPanel.CampcoAdmin.lnkSignout_Click(Object sender, EventArgs e) in D:\TFS_Projects\Campco\Campco\AdminPanel\CampcoAdmin.Master.cs:line 73
----------------------------------------------------
System.Threading.ThreadAbortException: Thread was being aborted.
   at System.Threading.Thread.AbortInternal()
   at System.Threading.Thread.Abort(Object stateInfo)
   at System.Web.HttpResponse.AbortCurrentThread()
   at System.Web.HttpResponse.End()
   at System.Web.HttpResponse.Redirect(String url, Boolean endResponse, Boolean permanent)
   at System.Web.HttpResponse.Redirect(String url)
   at Campco.AdminPanel.CampcoAdmin.lnkSignout_Click(Object sender, EventArgs e) in D:\TFS_Projects\Campco\Campco\AdminPanel\CampcoAdmin.Master.cs:line 73
-------------------------END-------------------------11-04-2017 11:10:31
----------------------------------------------------
-------------------------START-------------------------11-04-2017 11:10:37
Page :index.aspx
----------------------------------------------------
Event :
----------------------------------------------------
Stack Trace :   at Campco.Common.index.Page_Load(Object sender, EventArgs e) in D:\TFS_Projects\Campco\Campco\Common\index.aspx.cs:line 133
----------------------------------------------------
System.NullReferenceException: Object reference not set to an instance of an object.
   at Campco.Common.index.Page_Load(Object sender, EventArgs e) in D:\TFS_Projects\Campco\Campco\Common\index.aspx.cs:line 133
-------------------------END-------------------------11-04-2017 11:10:37
----------------------------------------------------
-------------------------START-------------------------11-04-2017 11:40:53
Page :index.aspx
----------------------------------------------------
Event :
----------------------------------------------------
Stack Trace :   at Campco.Common.index.Page_Load(Object sender, EventArgs e) in D:\TFS_Projects\Campco\Campco\Common\index.aspx.cs:line 133
----------------------------------------------------
System.NullReferenceException: Object reference not set to an instance of an object.
   at Campco.Common.index.Page_Load(Object sender, EventArgs e) in D:\TFS_Projects\Campco\Campco\Common\index.aspx.cs:line 133
-------------------------END-------------------------11-04-2017 11:40:53
----------------------------------------------------
-------------------------START-------------------------11-04-2017 11:42:13
Page :index.aspx
----------------------------------------------------
Event :
----------------------------------------------------
Stack Trace :   at Campco.Common.index.Page_Load(Object sender, EventArgs e) in D:\TFS_Projects\Campco\Campco\Common\index.aspx.cs:line 133
----------------------------------------------------
System.NullReferenceException: Object reference not set to an instance of an object.
   at Campco.Common.index.Page_Load(Object sender, EventArgs e) in D:\TFS_Projects\Campco\Campco\Common\index.aspx.cs:line 133
-------------------------END-------------------------11-04-2017 11:42:13
----------------------------------------------------
-------------------------START-------------------------11-04-2017 11:44:59
Page :index.aspx
----------------------------------------------------
Event :
----------------------------------------------------
Stack Trace :   at Campco.Common.index.Page_Load(Object sender, EventArgs e) in D:\TFS_Projects\Campco\Campco\Common\index.aspx.cs:line 133
----------------------------------------------------
System.NullReferenceException: Object reference not set to an instance of an object.
   at Campco.Common.index.Page_Load(Object sender, EventArgs e) in D:\TFS_Projects\Campco\Campco\Common\index.aspx.cs:line 133
-------------------------END-------------------------11-04-2017 11:44:59
----------------------------------------------------
-------------------------START-------------------------11-04-2017 13:40:58
Page :index.aspx
----------------------------------------------------
Event :
----------------------------------------------------
Stack Trace :   at Campco.Common.index.Page_Load(Object sender, EventArgs e) in D:\TFS_Projects\Campco\Campco\Common\index.aspx.cs:line 133
----------------------------------------------------
System.NullReferenceException: Object reference not set to an instance of an object.
   at Campco.Common.index.Page_Load(Object sender, EventArgs e) in D:\TFS_Projects\Campco\Campco\Common\index.aspx.cs:line 133
-------------------------END-------------------------11-04-2017 13:40:58
----------------------------------------------------
-------------------------START-------------------------11-04-2017 14:06:18
Page :index.aspx
----------------------------------------------------
Event :
----------------------------------------------------
Stack Trace :   at Campco.Common.index.Page_Load(Object sender, EventArgs e) in D:\TFS_Projects\Campco\Campco\Common\index.aspx.cs:line 133
----------------------------------------------------
System.NullReferenceException: Object reference not set to an instance of an object.
   at Campco.Common.index.Page_Load(Object sender, EventArgs e) in D:\TFS_Projects\Campco\Campco\Common\index.aspx.cs:line 133
-------------------------END-------------------------11-04-2017 14:06:18
----------------------------------------------------
-------------------------START-------------------------11-04-2017 14:57:03
Page :index.aspx
----------------------------------------------------
Event :
----------------------------------------------------
Stack Trace :   at Campco.Common.index.Page_Load(Object sender, EventArgs e) in D:\TFS_Projects\Campco\Campco\Common\index.aspx.cs:line 133
----------------------------------------------------
System.NullReferenceException: Object reference not set to an instance of an object.
   at Campco.Common.index.Page_Load(Object sender, EventArgs e) in D:\TFS_Projects\Campco\Campco\Common\index.aspx.cs:line 133
-------------------------END-------------------------11-04-2017 14:57:03
----------------------------------------------------
-------------------------START-------------------------11-04-2017 14:57:23
Page :index.aspx
----------------------------------------------------
Event :
----------------------------------------------------
Stack Trace :   at Campco.Common.index.Page_Load(Object sender, EventArgs e) in D:\TFS_Projects\Campco\Campco\Common\index.aspx.cs:line 133
----------------------------------------------------
System.NullReferenceException: Object reference not set to an instance of an object.
   at Campco.Common.index.Page_Load(Object sender, EventArgs e) in D:\TFS_Projects\Campco\Campco\Common\index.aspx.cs:line 133
-------------------------END-------------------------11-04-2017 14:57:23
----------------------------------------------------
-------------------------START-------------------------11-04-2017 14:57:25
Page :index.aspx
----------------------------------------------------
Event :
----------------------------------------------------
Stack Trace :   at System.Threading.Thread.AbortInternal()
   at System.Threading.Thread.Abort(Object stateInfo)
   at System.Web.HttpResponse.AbortCurrentThread()
   at System.Web.HttpResponse.End()
   at System.Web.HttpResponse.Redirect(String url, Boolean endResponse, Boolean permanent)
   at System.Web.HttpResponse.Redirect(String url)
   at Campco.Common.CampcoCommon.lnkSinIn_Click(Object sender, EventArgs e) in D:\TFS_Projects\Campco\Campco\Common\CampcoCommon.Master.cs:line 281
----------------------------------------------------
System.Threading.ThreadAbortException: Thread was being aborted.
   at System.Threading.Thread.AbortInternal()
   at System.Threading.Thread.Abort(Object stateInfo)
   at System.Web.HttpResponse.AbortCurrentThread()
   at System.Web.HttpResponse.End()
   at System.Web.HttpResponse.Redirect(String url, Boolean endResponse, Boolean permanent)
   at System.Web.HttpResponse.Redirect(String url)
   at Campco.Common.CampcoCommon.lnkSinIn_Click(Object sender, EventArgs e) in D:\TFS_Projects\Campco\Campco\Common\CampcoCommon.Master.cs:line 281
-------------------------END-------------------------11-04-2017 14:57:25
----------------------------------------------------
-------------------------START-------------------------11-04-2017 14:57:52
Page :index.aspx
----------------------------------------------------
Event :
----------------------------------------------------
Stack Trace :   at Campco.Common.index.Page_Load(Object sender, EventArgs e) in D:\TFS_Projects\Campco\Campco\Common\index.aspx.cs:line 133
----------------------------------------------------
System.NullReferenceException: Object reference not set to an instance of an object.
   at Campco.Common.index.Page_Load(Object sender, EventArgs e) in D:\TFS_Projects\Campco\Campco\Common\index.aspx.cs:line 133
-------------------------END-------------------------11-04-2017 14:57:52
----------------------------------------------------
-------------------------START-------------------------11-04-2017 14:58:11
Page :MyCard.aspx
----------------------------------------------------
Event :Get Customer Profile sample
-------------------------END-------------------------11-04-2017 14:58:11
----------------------------------------------------
-------------------------START-------------------------11-04-2017 14:58:14
Page :MyCard.aspx
----------------------------------------------------
Event :Successful.
-------------------------END-------------------------11-04-2017 14:58:14
----------------------------------------------------
-------------------------START-------------------------11-04-2017 14:58:14
Page :MyCard.aspx
----------------------------------------------------
Event :Customer Profile Id: 1218499991
-------------------------END-------------------------11-04-2017 14:58:14
----------------------------------------------------
-------------------------START-------------------------11-04-2017 14:58:22
Page :MyCard.aspx
----------------------------------------------------
Event :Get Customer Profile sample
-------------------------END-------------------------11-04-2017 14:58:22
----------------------------------------------------
-------------------------START-------------------------11-04-2017 14:58:23
Page :MyCard.aspx
----------------------------------------------------
Event :Successful.
-------------------------END-------------------------11-04-2017 14:58:23
----------------------------------------------------
-------------------------START-------------------------11-04-2017 14:58:23
Page :MyCard.aspx
----------------------------------------------------
Event :Customer Profile Id: 1218499991
-------------------------END-------------------------11-04-2017 14:58:23
----------------------------------------------------
-------------------------START-------------------------11-04-2017 14:58:41
Page :MyShippingAddress.aspx
----------------------------------------------------
Event :Get Customer Profile sample
-------------------------END-------------------------11-04-2017 14:58:41
----------------------------------------------------
-------------------------START-------------------------11-04-2017 14:58:42
Page :MyShippingAddress.aspx
----------------------------------------------------
Event :Successful.
-------------------------END-------------------------11-04-2017 14:58:42
----------------------------------------------------
-------------------------START-------------------------11-04-2017 14:58:42
Page :MyShippingAddress.aspx
----------------------------------------------------
Event :Customer Profile Id: 1218499991
-------------------------END-------------------------11-04-2017 14:58:42
----------------------------------------------------
-------------------------START-------------------------11-04-2017 15:40:45
Page :index.aspx
----------------------------------------------------
Event :
----------------------------------------------------
Stack Trace :   at Campco.Common.index.Page_Load(Object sender, EventArgs e) in D:\TFS_Projects\Campco\Campco\Common\index.aspx.cs:line 133
----------------------------------------------------
System.NullReferenceException: Object reference not set to an instance of an object.
   at Campco.Common.index.Page_Load(Object sender, EventArgs e) in D:\TFS_Projects\Campco\Campco\Common\index.aspx.cs:line 133
-------------------------END-------------------------11-04-2017 15:40:45
----------------------------------------------------
-------------------------START-------------------------11-04-2017 16:07:49
Page :index.aspx
----------------------------------------------------
Event :
----------------------------------------------------
Stack Trace :   at Campco.Common.index.Page_Load(Object sender, EventArgs e) in D:\TFS_Projects\Campco\Campco\Common\index.aspx.cs:line 133
----------------------------------------------------
System.NullReferenceException: Object reference not set to an instance of an object.
   at Campco.Common.index.Page_Load(Object sender, EventArgs e) in D:\TFS_Projects\Campco\Campco\Common\index.aspx.cs:line 133
-------------------------END-------------------------11-04-2017 16:07:50
----------------------------------------------------
-------------------------START-------------------------11-04-2017 16:08:05
Page :index.aspx
----------------------------------------------------
Event :
----------------------------------------------------
Stack Trace :   at Campco.Common.index.Page_Load(Object sender, EventArgs e) in D:\TFS_Projects\Campco\Campco\Common\index.aspx.cs:line 133
----------------------------------------------------
System.NullReferenceException: Object reference not set to an instance of an object.
   at Campco.Common.index.Page_Load(Object sender, EventArgs e) in D:\TFS_Projects\Campco\Campco\Common\index.aspx.cs:line 133
-------------------------END-------------------------11-04-2017 16:08:05
----------------------------------------------------
-------------------------START-------------------------11-04-2017 16:08:06
Page :index.aspx
----------------------------------------------------
Event :
----------------------------------------------------
Stack Trace :   at System.Threading.Thread.AbortInternal()
   at System.Threading.Thread.Abort(Object stateInfo)
   at System.Web.HttpResponse.AbortCurrentThread()
   at System.Web.HttpResponse.End()
   at System.Web.HttpResponse.Redirect(String url, Boolean endResponse, Boolean permanent)
   at System.Web.HttpResponse.Redirect(String url)
   at Campco.Common.CampcoCommon.lnkSinIn_Click(Object sender, EventArgs e) in D:\TFS_Projects\Campco\Campco\Common\CampcoCommon.Master.cs:line 281
----------------------------------------------------
System.Threading.ThreadAbortException: Thread was being aborted.
   at System.Threading.Thread.AbortInternal()
   at System.Threading.Thread.Abort(Object stateInfo)
   at System.Web.HttpResponse.AbortCurrentThread()
   at System.Web.HttpResponse.End()
   at System.Web.HttpResponse.Redirect(String url, Boolean endResponse, Boolean permanent)
   at System.Web.HttpResponse.Redirect(String url)
   at Campco.Common.CampcoCommon.lnkSinIn_Click(Object sender, EventArgs e) in D:\TFS_Projects\Campco\Campco\Common\CampcoCommon.Master.cs:line 281
-------------------------END-------------------------11-04-2017 16:08:06
----------------------------------------------------
-------------------------START-------------------------11-04-2017 16:10:23
Page :admin.aspx
----------------------------------------------------
Event :
----------------------------------------------------
Stack Trace :   at System.Threading.Thread.AbortInternal()
   at System.Threading.Thread.Abort(Object stateInfo)
   at System.Web.HttpResponse.AbortCurrentThread()
   at System.Web.HttpResponse.End()
   at System.Web.HttpResponse.Redirect(String url, Boolean endResponse, Boolean permanent)
   at System.Web.HttpResponse.Redirect(String url)
   at Campco.AdminPanel.CampcoAdmin.lnkSignout_Click(Object sender, EventArgs e) in D:\TFS_Projects\Campco\Campco\AdminPanel\CampcoAdmin.Master.cs:line 73
----------------------------------------------------
System.Threading.ThreadAbortException: Thread was being aborted.
   at System.Threading.Thread.AbortInternal()
   at System.Threading.Thread.Abort(Object stateInfo)
   at System.Web.HttpResponse.AbortCurrentThread()
   at System.Web.HttpResponse.End()
   at System.Web.HttpResponse.Redirect(String url, Boolean endResponse, Boolean permanent)
   at System.Web.HttpResponse.Redirect(String url)
   at Campco.AdminPanel.CampcoAdmin.lnkSignout_Click(Object sender, EventArgs e) in D:\TFS_Projects\Campco\Campco\AdminPanel\CampcoAdmin.Master.cs:line 73
-------------------------END-------------------------11-04-2017 16:10:23
----------------------------------------------------
-------------------------START-------------------------11-04-2017 16:10:36
Page :index.aspx
----------------------------------------------------
Event :
----------------------------------------------------
Stack Trace :   at Campco.Common.index.Page_Load(Object sender, EventArgs e) in D:\TFS_Projects\Campco\Campco\Common\index.aspx.cs:line 133
----------------------------------------------------
System.NullReferenceException: Object reference not set to an instance of an object.
   at Campco.Common.index.Page_Load(Object sender, EventArgs e) in D:\TFS_Projects\Campco\Campco\Common\index.aspx.cs:line 133
-------------------------END-------------------------11-04-2017 16:10:36
----------------------------------------------------
-------------------------START-------------------------11-04-2017 16:12:28
Page :index.aspx
----------------------------------------------------
Event :
----------------------------------------------------
Stack Trace :   at Campco.Common.index.Page_Load(Object sender, EventArgs e) in D:\TFS_Projects\Campco\Campco\Common\index.aspx.cs:line 133
----------------------------------------------------
System.NullReferenceException: Object reference not set to an instance of an object.
   at Campco.Common.index.Page_Load(Object sender, EventArgs e) in D:\TFS_Projects\Campco\Campco\Common\index.aspx.cs:line 133
-------------------------END-------------------------11-04-2017 16:12:28
----------------------------------------------------
-------------------------START-------------------------11-04-2017 16:12:31
Page :index.aspx
----------------------------------------------------
Event :
----------------------------------------------------
Stack Trace :   at Campco.Common.index.Page_Load(Object sender, EventArgs e) in D:\TFS_Projects\Campco\Campco\Common\index.aspx.cs:line 133
----------------------------------------------------
System.NullReferenceException: Object reference not set to an instance of an object.
   at Campco.Common.index.Page_Load(Object sender, EventArgs e) in D:\TFS_Projects\Campco\Campco\Common\index.aspx.cs:line 133
-------------------------END-------------------------11-04-2017 16:12:31
----------------------------------------------------
-------------------------START-------------------------11-04-2017 16:12:34
Page :index.aspx
----------------------------------------------------
Event :
----------------------------------------------------
Stack Trace :   at Campco.Common.index.Page_Load(Object sender, EventArgs e) in D:\TFS_Projects\Campco\Campco\Common\index.aspx.cs:line 133
----------------------------------------------------
System.NullReferenceException: Object reference not set to an instance of an object.
   at Campco.Common.index.Page_Load(Object sender, EventArgs e) in D:\TFS_Projects\Campco\Campco\Common\index.aspx.cs:line 133
-------------------------END-------------------------11-04-2017 16:12:34
----------------------------------------------------
-------------------------START-------------------------11-04-2017 16:14:12
Page :index.aspx
----------------------------------------------------
Event :
----------------------------------------------------
Stack Trace :   at Campco.Common.index.Page_Load(Object sender, EventArgs e) in D:\TFS_Projects\Campco\Campco\Common\index.aspx.cs:line 133
----------------------------------------------------
System.NullReferenceException: Object reference not set to an instance of an object.
   at Campco.Common.index.Page_Load(Object sender, EventArgs e) in D:\TFS_Projects\Campco\Campco\Common\index.aspx.cs:line 133
-------------------------END-------------------------11-04-2017 16:14:12
----------------------------------------------------
-------------------------START-------------------------11-04-2017 16:15:50
Page :index.aspx
----------------------------------------------------
Event :
----------------------------------------------------
Stack Trace :   at Campco.Common.index.Page_Load(Object sender, EventArgs e) in D:\TFS_Projects\Campco\Campco\Common\index.aspx.cs:line 133
----------------------------------------------------
System.NullReferenceException: Object reference not set to an instance of an object.
   at Campco.Common.index.Page_Load(Object sender, EventArgs e) in D:\TFS_Projects\Campco\Campco\Common\index.aspx.cs:line 133
-------------------------END-------------------------11-04-2017 16:15:50
----------------------------------------------------
-------------------------START-------------------------11-04-2017 16:15:51
Page :index.aspx
----------------------------------------------------
Event :
----------------------------------------------------
Stack Trace :   at System.Threading.Thread.AbortInternal()
   at System.Threading.Thread.Abort(Object stateInfo)
   at System.Web.HttpResponse.AbortCurrentThread()
   at System.Web.HttpResponse.End()
   at System.Web.HttpResponse.Redirect(String url, Boolean endResponse, Boolean permanent)
   at System.Web.HttpResponse.Redirect(String url)
   at Campco.Common.CampcoCommon.lnkSinIn_Click(Object sender, EventArgs e) in D:\TFS_Projects\Campco\Campco\Common\CampcoCommon.Master.cs:line 281
----------------------------------------------------
System.Threading.ThreadAbortException: Thread was being aborted.
   at System.Threading.Thread.AbortInternal()
   at System.Threading.Thread.Abort(Object stateInfo)
   at System.Web.HttpResponse.AbortCurrentThread()
   at System.Web.HttpResponse.End()
   at System.Web.HttpResponse.Redirect(String url, Boolean endResponse, Boolean permanent)
   at System.Web.HttpResponse.Redirect(String url)
   at Campco.Common.CampcoCommon.lnkSinIn_Click(Object sender, EventArgs e) in D:\TFS_Projects\Campco\Campco\Common\CampcoCommon.Master.cs:line 281
-------------------------END-------------------------11-04-2017 16:15:51
----------------------------------------------------
-------------------------START-------------------------11-04-2017 16:16:17
Page :index.aspx
----------------------------------------------------
Event :
----------------------------------------------------
Stack Trace :   at Campco.Common.index.Page_Load(Object sender, EventArgs e) in D:\TFS_Projects\Campco\Campco\Common\index.aspx.cs:line 133
----------------------------------------------------
System.NullReferenceException: Object reference not set to an instance of an object.
   at Campco.Common.index.Page_Load(Object sender, EventArgs e) in D:\TFS_Projects\Campco\Campco\Common\index.aspx.cs:line 133
-------------------------END-------------------------11-04-2017 16:16:17
----------------------------------------------------
-------------------------START-------------------------11-04-2017 16:28:11
Page :index.aspx
----------------------------------------------------
Event :
----------------------------------------------------
Stack Trace :   at Campco.Common.index.Page_Load(Object sender, EventArgs e) in D:\TFS_Projects\Campco\Campco\Common\index.aspx.cs:line 133
----------------------------------------------------
System.NullReferenceException: Object reference not set to an instance of an object.
   at Campco.Common.index.Page_Load(Object sender, EventArgs e) in D:\TFS_Projects\Campco\Campco\Common\index.aspx.cs:line 133
-------------------------END-------------------------11-04-2017 16:28:11
----------------------------------------------------
-------------------------START-------------------------11-04-2017 16:28:24
Page :index.aspx
----------------------------------------------------
Event :
----------------------------------------------------
Stack Trace :   at Campco.Common.index.Page_Load(Object sender, EventArgs e) in D:\TFS_Projects\Campco\Campco\Common\index.aspx.cs:line 133
----------------------------------------------------
System.NullReferenceException: Object reference not set to an instance of an object.
   at Campco.Common.index.Page_Load(Object sender, EventArgs e) in D:\TFS_Projects\Campco\Campco\Common\index.aspx.cs:line 133
-------------------------END-------------------------11-04-2017 16:28:24
----------------------------------------------------
-------------------------START-------------------------11-04-2017 16:28:25
Page :index.aspx
----------------------------------------------------
Event :
----------------------------------------------------
Stack Trace :   at System.Threading.Thread.AbortInternal()
   at System.Threading.Thread.Abort(Object stateInfo)
   at System.Web.HttpResponse.AbortCurrentThread()
   at System.Web.HttpResponse.End()
   at System.Web.HttpResponse.Redirect(String url, Boolean endResponse, Boolean permanent)
   at System.Web.HttpResponse.Redirect(String url)
   at Campco.Common.CampcoCommon.lnkSinIn_Click(Object sender, EventArgs e) in D:\TFS_Projects\Campco\Campco\Common\CampcoCommon.Master.cs:line 281
----------------------------------------------------
System.Threading.ThreadAbortException: Thread was being aborted.
   at System.Threading.Thread.AbortInternal()
   at System.Threading.Thread.Abort(Object stateInfo)
   at System.Web.HttpResponse.AbortCurrentThread()
   at System.Web.HttpResponse.End()
   at System.Web.HttpResponse.Redirect(String url, Boolean endResponse, Boolean permanent)
   at System.Web.HttpResponse.Redirect(String url)
   at Campco.Common.CampcoCommon.lnkSinIn_Click(Object sender, EventArgs e) in D:\TFS_Projects\Campco\Campco\Common\CampcoCommon.Master.cs:line 281
-------------------------END-------------------------11-04-2017 16:28:25
----------------------------------------------------
-------------------------START-------------------------11-04-2017 16:28:49
Page :index.aspx
----------------------------------------------------
Event :
----------------------------------------------------
Stack Trace :   at Campco.Common.index.Page_Load(Object sender, EventArgs e) in D:\TFS_Projects\Campco\Campco\Common\index.aspx.cs:line 133
----------------------------------------------------
System.NullReferenceException: Object reference not set to an instance of an object.
   at Campco.Common.index.Page_Load(Object sender, EventArgs e) in D:\TFS_Projects\Campco\Campco\Common\index.aspx.cs:line 133
-------------------------END-------------------------11-04-2017 16:28:49
----------------------------------------------------
-------------------------START-------------------------11-04-2017 16:29:07
Page :MyCard.aspx
----------------------------------------------------
Event :Get Customer Profile sample
-------------------------END-------------------------11-04-2017 16:29:07
----------------------------------------------------
-------------------------START-------------------------11-04-2017 16:29:10
Page :MyCard.aspx
----------------------------------------------------
Event :Successful.
-------------------------END-------------------------11-04-2017 16:29:10
----------------------------------------------------
-------------------------START-------------------------11-04-2017 16:29:10
Page :MyCard.aspx
----------------------------------------------------
Event :Customer Profile Id: 1218499991
-------------------------END-------------------------11-04-2017 16:29:10
----------------------------------------------------
-------------------------START-------------------------11-04-2017 16:29:18
Page :MyShippingAddress.aspx
----------------------------------------------------
Event :Get Customer Profile sample
-------------------------END-------------------------11-04-2017 16:29:18
----------------------------------------------------
-------------------------START-------------------------11-04-2017 16:29:20
Page :MyShippingAddress.aspx
----------------------------------------------------
Event :Successful.
-------------------------END-------------------------11-04-2017 16:29:20
----------------------------------------------------
-------------------------START-------------------------11-04-2017 16:29:20
Page :MyShippingAddress.aspx
----------------------------------------------------
Event :Customer Profile Id: 1218499991
-------------------------END-------------------------11-04-2017 16:29:20
----------------------------------------------------
-------------------------START-------------------------11-04-2017 16:29:39
Page :MyCard.aspx
----------------------------------------------------
Event :Get Customer Profile sample
-------------------------END-------------------------11-04-2017 16:29:39
----------------------------------------------------
-------------------------START-------------------------11-04-2017 16:29:41
Page :MyCard.aspx
----------------------------------------------------
Event :Successful.
-------------------------END-------------------------11-04-2017 16:29:41
----------------------------------------------------
-------------------------START-------------------------11-04-2017 16:29:41
Page :MyCard.aspx
----------------------------------------------------
Event :Customer Profile Id: 1218499991
-------------------------END-------------------------11-04-2017 16:29:41
----------------------------------------------------
-------------------------START-------------------------11-04-2017 16:32:15
Page :index.aspx
----------------------------------------------------
Event :
----------------------------------------------------
Stack Trace :   at Campco.Common.index.Page_Load(Object sender, EventArgs e) in D:\TFS_Projects\Campco\Campco\Common\index.aspx.cs:line 133
----------------------------------------------------
System.NullReferenceException: Object reference not set to an instance of an object.
   at Campco.Common.index.Page_Load(Object sender, EventArgs e) in D:\TFS_Projects\Campco\Campco\Common\index.aspx.cs:line 133
-------------------------END-------------------------11-04-2017 16:32:15
----------------------------------------------------
-------------------------START-------------------------11-04-2017 16:32:32
Page :MyCard.aspx
----------------------------------------------------
Event :Get Customer Profile sample
-------------------------END-------------------------11-04-2017 16:32:32
----------------------------------------------------
-------------------------START-------------------------11-04-2017 16:32:35
Page :MyCard.aspx
----------------------------------------------------
Event :Successful.
-------------------------END-------------------------11-04-2017 16:32:35
----------------------------------------------------
-------------------------START-------------------------11-04-2017 16:32:35
Page :MyCard.aspx
----------------------------------------------------
Event :Customer Profile Id: 1218499991
-------------------------END-------------------------11-04-2017 16:32:35
----------------------------------------------------
-------------------------START-------------------------11-04-2017 16:32:38
Page :MyShippingAddress.aspx
----------------------------------------------------
Event :Get Customer Profile sample
-------------------------END-------------------------11-04-2017 16:32:38
----------------------------------------------------
-------------------------START-------------------------11-04-2017 16:32:40
Page :MyShippingAddress.aspx
----------------------------------------------------
Event :Successful.
-------------------------END-------------------------11-04-2017 16:32:40
----------------------------------------------------
-------------------------START-------------------------11-04-2017 16:32:40
Page :MyShippingAddress.aspx
----------------------------------------------------
Event :Customer Profile Id: 1218499991
-------------------------END-------------------------11-04-2017 16:32:40
----------------------------------------------------
-------------------------START-------------------------11-04-2017 16:33:47
Page :index.aspx
----------------------------------------------------
Event :
----------------------------------------------------
Stack Trace :   at Campco.Common.index.Page_Load(Object sender, EventArgs e) in D:\TFS_Projects\Campco\Campco\Common\index.aspx.cs:line 133
----------------------------------------------------
System.NullReferenceException: Object reference not set to an instance of an object.
   at Campco.Common.index.Page_Load(Object sender, EventArgs e) in D:\TFS_Projects\Campco\Campco\Common\index.aspx.cs:line 133
-------------------------END-------------------------11-04-2017 16:33:47
----------------------------------------------------
-------------------------START-------------------------11-04-2017 16:33:57
Page :MyCard.aspx
----------------------------------------------------
Event :Get Customer Profile sample
-------------------------END-------------------------11-04-2017 16:33:57
----------------------------------------------------
-------------------------START-------------------------11-04-2017 16:33:59
Page :MyCard.aspx
----------------------------------------------------
Event :Successful.
-------------------------END-------------------------11-04-2017 16:33:59
----------------------------------------------------
-------------------------START-------------------------11-04-2017 16:33:59
Page :MyCard.aspx
----------------------------------------------------
Event :Customer Profile Id: 1218499991
-------------------------END-------------------------11-04-2017 16:33:59
----------------------------------------------------
-------------------------START-------------------------11-04-2017 16:34:05
Page :MyShippingAddress.aspx
----------------------------------------------------
Event :Get Customer Profile sample
-------------------------END-------------------------11-04-2017 16:34:05
----------------------------------------------------
-------------------------START-------------------------11-04-2017 16:34:06
Page :MyShippingAddress.aspx
----------------------------------------------------
Event :Successful.
-------------------------END-------------------------11-04-2017 16:34:06
----------------------------------------------------
-------------------------START-------------------------11-04-2017 16:34:06
Page :MyShippingAddress.aspx
----------------------------------------------------
Event :Customer Profile Id: 1218499991
-------------------------END-------------------------11-04-2017 16:34:06
----------------------------------------------------
-------------------------START-------------------------11-04-2017 16:35:30
Page :index.aspx
----------------------------------------------------
Event :
----------------------------------------------------
Stack Trace :   at Campco.Common.index.Page_Load(Object sender, EventArgs e) in D:\TFS_Projects\Campco\Campco\Common\index.aspx.cs:line 133
----------------------------------------------------
System.NullReferenceException: Object reference not set to an instance of an object.
   at Campco.Common.index.Page_Load(Object sender, EventArgs e) in D:\TFS_Projects\Campco\Campco\Common\index.aspx.cs:line 133
-------------------------END-------------------------11-04-2017 16:35:31
----------------------------------------------------
-------------------------START-------------------------11-04-2017 16:35:36
Page :index.aspx
----------------------------------------------------
Event :
----------------------------------------------------
Stack Trace :   at Campco.Common.index.Page_Load(Object sender, EventArgs e) in D:\TFS_Projects\Campco\Campco\Common\index.aspx.cs:line 133
----------------------------------------------------
System.NullReferenceException: Object reference not set to an instance of an object.
   at Campco.Common.index.Page_Load(Object sender, EventArgs e) in D:\TFS_Projects\Campco\Campco\Common\index.aspx.cs:line 133
-------------------------END-------------------------11-04-2017 16:35:36
----------------------------------------------------
-------------------------START-------------------------11-04-2017 16:35:37
Page :index.aspx
----------------------------------------------------
Event :
----------------------------------------------------
Stack Trace :   at System.Threading.Thread.AbortInternal()
   at System.Threading.Thread.Abort(Object stateInfo)
   at System.Web.HttpResponse.AbortCurrentThread()
   at System.Web.HttpResponse.End()
   at System.Web.HttpResponse.Redirect(String url, Boolean endResponse, Boolean permanent)
   at System.Web.HttpResponse.Redirect(String url)
   at Campco.Common.CampcoCommon.lnkSinIn_Click(Object sender, EventArgs e) in D:\TFS_Projects\Campco\Campco\Common\CampcoCommon.Master.cs:line 281
----------------------------------------------------
System.Threading.ThreadAbortException: Thread was being aborted.
   at System.Threading.Thread.AbortInternal()
   at System.Threading.Thread.Abort(Object stateInfo)
   at System.Web.HttpResponse.AbortCurrentThread()
   at System.Web.HttpResponse.End()
   at System.Web.HttpResponse.Redirect(String url, Boolean endResponse, Boolean permanent)
   at System.Web.HttpResponse.Redirect(String url)
   at Campco.Common.CampcoCommon.lnkSinIn_Click(Object sender, EventArgs e) in D:\TFS_Projects\Campco\Campco\Common\CampcoCommon.Master.cs:line 281
-------------------------END-------------------------11-04-2017 16:35:37
----------------------------------------------------
-------------------------START-------------------------11-04-2017 16:36:03
Page :index.aspx
----------------------------------------------------
Event :
----------------------------------------------------
Stack Trace :   at Campco.Common.index.Page_Load(Object sender, EventArgs e) in D:\TFS_Projects\Campco\Campco\Common\index.aspx.cs:line 133
----------------------------------------------------
System.NullReferenceException: Object reference not set to an instance of an object.
   at Campco.Common.index.Page_Load(Object sender, EventArgs e) in D:\TFS_Projects\Campco\Campco\Common\index.aspx.cs:line 133
-------------------------END-------------------------11-04-2017 16:36:03
----------------------------------------------------
-------------------------START-------------------------11-04-2017 16:36:32
Page :MyCard.aspx
----------------------------------------------------
Event :Get Customer Profile sample
-------------------------END-------------------------11-04-2017 16:36:32
----------------------------------------------------
-------------------------START-------------------------11-04-2017 16:36:35
Page :MyCard.aspx
----------------------------------------------------
Event :Successful.
-------------------------END-------------------------11-04-2017 16:36:35
----------------------------------------------------
-------------------------START-------------------------11-04-2017 16:36:35
Page :MyCard.aspx
----------------------------------------------------
Event :Customer Profile Id: 1218499991
-------------------------END-------------------------11-04-2017 16:36:35
----------------------------------------------------
-------------------------START-------------------------11-04-2017 16:36:38
Page :MyShippingAddress.aspx
----------------------------------------------------
Event :Get Customer Profile sample
-------------------------END-------------------------11-04-2017 16:36:38
----------------------------------------------------
-------------------------START-------------------------11-04-2017 16:36:40
Page :MyShippingAddress.aspx
----------------------------------------------------
Event :Successful.
-------------------------END-------------------------11-04-2017 16:36:40
----------------------------------------------------
-------------------------START-------------------------11-04-2017 16:36:40
Page :MyShippingAddress.aspx
----------------------------------------------------
Event :Customer Profile Id: 1218499991
-------------------------END-------------------------11-04-2017 16:36:40
----------------------------------------------------
-------------------------START-------------------------11-04-2017 16:51:58
Page :index.aspx
----------------------------------------------------
Event :
----------------------------------------------------
Stack Trace :   at Campco.Common.index.Page_Load(Object sender, EventArgs e) in D:\TFS_Projects\Campco\Campco\Common\index.aspx.cs:line 133
----------------------------------------------------
System.NullReferenceException: Object reference not set to an instance of an object.
   at Campco.Common.index.Page_Load(Object sender, EventArgs e) in D:\TFS_Projects\Campco\Campco\Common\index.aspx.cs:line 133
-------------------------END-------------------------11-04-2017 16:51:58
----------------------------------------------------
-------------------------START-------------------------11-04-2017 16:53:39
Page :index.aspx
----------------------------------------------------
Event :
----------------------------------------------------
Stack Trace :   at Campco.Common.index.Page_Load(Object sender, EventArgs e) in D:\TFS_Projects\Campco\Campco\Common\index.aspx.cs:line 133
----------------------------------------------------
System.NullReferenceException: Object reference not set to an instance of an object.
   at Campco.Common.index.Page_Load(Object sender, EventArgs e) in D:\TFS_Projects\Campco\Campco\Common\index.aspx.cs:line 133
-------------------------END-------------------------11-04-2017 16:53:39
----------------------------------------------------
