-------------------------START-------------------------13-04-2017 10:14:48
Page :index.aspx
----------------------------------------------------
Stack Trace :   at Campco.Common.index.Page_Load(Object sender, EventArgs e) in D:\TFS_Projects\Campco\Campco\Common\index.aspx.cs:line 133
----------------------------------------------------
System.NullReferenceException: Object reference not set to an instance of an object.
   at Campco.Common.index.Page_Load(Object sender, EventArgs e) in D:\TFS_Projects\Campco\Campco\Common\index.aspx.cs:line 133
-------------------------END-------------------------13-04-2017 10:14:49
----------------------------------------------------
-------------------------START-------------------------13-04-2017 10:15:19
Page :index.aspx
----------------------------------------------------
Event :
----------------------------------------------------
Stack Trace :   at Campco.Common.index.Page_Load(Object sender, EventArgs e) in D:\TFS_Projects\Campco\Campco\Common\index.aspx.cs:line 133
----------------------------------------------------
System.NullReferenceException: Object reference not set to an instance of an object.
   at Campco.Common.index.Page_Load(Object sender, EventArgs e) in D:\TFS_Projects\Campco\Campco\Common\index.aspx.cs:line 133
-------------------------END-------------------------13-04-2017 10:15:19
----------------------------------------------------
-------------------------START-------------------------13-04-2017 10:46:38
Page :index.aspx
----------------------------------------------------
Event :
----------------------------------------------------
Stack Trace :   at Campco.Common.index.Page_Load(Object sender, EventArgs e) in D:\TFS_Projects\Campco\Campco\Common\index.aspx.cs:line 133
----------------------------------------------------
System.NullReferenceException: Object reference not set to an instance of an object.
   at Campco.Common.index.Page_Load(Object sender, EventArgs e) in D:\TFS_Projects\Campco\Campco\Common\index.aspx.cs:line 133
-------------------------END-------------------------13-04-2017 10:46:38
----------------------------------------------------
-------------------------START-------------------------13-04-2017 11:05:36
Page :index.aspx
----------------------------------------------------
Event :
----------------------------------------------------
Stack Trace :   at Campco.Common.index.Page_Load(Object sender, EventArgs e) in D:\TFS_Projects\Campco\Campco\Common\index.aspx.cs:line 133
----------------------------------------------------
System.NullReferenceException: Object reference not set to an instance of an object.
   at Campco.Common.index.Page_Load(Object sender, EventArgs e) in D:\TFS_Projects\Campco\Campco\Common\index.aspx.cs:line 133
-------------------------END-------------------------13-04-2017 11:05:36
----------------------------------------------------
-------------------------START-------------------------13-04-2017 11:09:25
Page :index.aspx
----------------------------------------------------
Event :
----------------------------------------------------
Stack Trace :   at Campco.Common.index.Page_Load(Object sender, EventArgs e) in D:\TFS_Projects\Campco\Campco\Common\index.aspx.cs:line 133
----------------------------------------------------
System.NullReferenceException: Object reference not set to an instance of an object.
   at Campco.Common.index.Page_Load(Object sender, EventArgs e) in D:\TFS_Projects\Campco\Campco\Common\index.aspx.cs:line 133
-------------------------END-------------------------13-04-2017 11:09:25
----------------------------------------------------
-------------------------START-------------------------13-04-2017 11:10:29
Page :cart.aspx
----------------------------------------------------
Event :
----------------------------------------------------
Stack Trace :   at System.Threading.Thread.AbortInternal()
   at System.Threading.Thread.Abort(Object stateInfo)
   at System.Web.HttpResponse.AbortCurrentThread()
   at System.Web.HttpResponse.End()
   at System.Web.HttpResponse.Redirect(String url, Boolean endResponse, Boolean permanent)
   at System.Web.HttpResponse.Redirect(String url)
   at Campco.Common.CampcoCommon.txtSearch_TextChanged(Object sender, EventArgs e) in D:\TFS_Projects\Campco\Campco\Common\CampcoCommon.Master.cs:line 322
----------------------------------------------------
System.Threading.ThreadAbortException: Thread was being aborted.
   at System.Threading.Thread.AbortInternal()
   at System.Threading.Thread.Abort(Object stateInfo)
   at System.Web.HttpResponse.AbortCurrentThread()
   at System.Web.HttpResponse.End()
   at System.Web.HttpResponse.Redirect(String url, Boolean endResponse, Boolean permanent)
   at System.Web.HttpResponse.Redirect(String url)
   at Campco.Common.CampcoCommon.txtSearch_TextChanged(Object sender, EventArgs e) in D:\TFS_Projects\Campco\Campco\Common\CampcoCommon.Master.cs:line 322
-------------------------END-------------------------13-04-2017 11:10:29
----------------------------------------------------
-------------------------START-------------------------13-04-2017 11:10:40
Page :cart.aspx
----------------------------------------------------
Event :
----------------------------------------------------
Stack Trace :   at System.Threading.Thread.AbortInternal()
   at System.Threading.Thread.Abort(Object stateInfo)
   at System.Web.HttpResponse.AbortCurrentThread()
   at System.Web.HttpResponse.End()
   at System.Web.HttpResponse.Redirect(String url, Boolean endResponse, Boolean permanent)
   at System.Web.HttpResponse.Redirect(String url)
   at Campco.Common.CampcoCommon.txtSearch_TextChanged(Object sender, EventArgs e) in D:\TFS_Projects\Campco\Campco\Common\CampcoCommon.Master.cs:line 322
----------------------------------------------------
System.Threading.ThreadAbortException: Thread was being aborted.
   at System.Threading.Thread.AbortInternal()
   at System.Threading.Thread.Abort(Object stateInfo)
   at System.Web.HttpResponse.AbortCurrentThread()
   at System.Web.HttpResponse.End()
   at System.Web.HttpResponse.Redirect(String url, Boolean endResponse, Boolean permanent)
   at System.Web.HttpResponse.Redirect(String url)
   at Campco.Common.CampcoCommon.txtSearch_TextChanged(Object sender, EventArgs e) in D:\TFS_Projects\Campco\Campco\Common\CampcoCommon.Master.cs:line 322
-------------------------END-------------------------13-04-2017 11:10:40
----------------------------------------------------
-------------------------START-------------------------13-04-2017 11:33:15
Page :index.aspx
----------------------------------------------------
Event :
----------------------------------------------------
Stack Trace :   at Campco.Common.index.Page_Load(Object sender, EventArgs e) in D:\TFS_Projects\Campco\Campco\Common\index.aspx.cs:line 133
----------------------------------------------------
System.NullReferenceException: Object reference not set to an instance of an object.
   at Campco.Common.index.Page_Load(Object sender, EventArgs e) in D:\TFS_Projects\Campco\Campco\Common\index.aspx.cs:line 133
-------------------------END-------------------------13-04-2017 11:33:15
----------------------------------------------------
-------------------------START-------------------------13-04-2017 11:33:42
Page :Remove
----------------------------------------------------
Event :
----------------------------------------------------
Stack Trace :   at System.Data.DataTableExtensions.LoadTableFromEnumerable[T](IEnumerable`1 source, DataTable table, Nullable`1 options, FillErrorEventHandler errorHandler)
   at System.Data.DataTableExtensions.CopyToDataTable[T](IEnumerable`1 source)
   at Campco.Common.index.Remove(String value) in D:\TFS_Projects\Campco\Campco\Common\index.aspx.cs:line 205
----------------------------------------------------
System.InvalidOperationException: The source contains no DataRows.
   at System.Data.DataTableExtensions.LoadTableFromEnumerable[T](IEnumerable`1 source, DataTable table, Nullable`1 options, FillErrorEventHandler errorHandler)
   at System.Data.DataTableExtensions.CopyToDataTable[T](IEnumerable`1 source)
   at Campco.Common.index.Remove(String value) in D:\TFS_Projects\Campco\Campco\Common\index.aspx.cs:line 205
-------------------------END-------------------------13-04-2017 11:33:42
----------------------------------------------------
-------------------------START-------------------------13-04-2017 12:15:40
Page :index.aspx
----------------------------------------------------
Event :
----------------------------------------------------
Stack Trace :   at Campco.Common.index.Page_Load(Object sender, EventArgs e) in D:\TFS_Projects\Campco\Campco\Common\index.aspx.cs:line 133
----------------------------------------------------
System.NullReferenceException: Object reference not set to an instance of an object.
   at Campco.Common.index.Page_Load(Object sender, EventArgs e) in D:\TFS_Projects\Campco\Campco\Common\index.aspx.cs:line 133
-------------------------END-------------------------13-04-2017 12:15:40
----------------------------------------------------
-------------------------START-------------------------13-04-2017 12:37:52
Page :index.aspx
----------------------------------------------------
Event :
----------------------------------------------------
Stack Trace :   at Campco.Common.index.Page_Load(Object sender, EventArgs e) in D:\TFS_Projects\Campco\Campco\Common\index.aspx.cs:line 133
----------------------------------------------------
System.NullReferenceException: Object reference not set to an instance of an object.
   at Campco.Common.index.Page_Load(Object sender, EventArgs e) in D:\TFS_Projects\Campco\Campco\Common\index.aspx.cs:line 133
-------------------------END-------------------------13-04-2017 12:37:52
----------------------------------------------------
-------------------------START-------------------------13-04-2017 12:37:58
Page :index.aspx
----------------------------------------------------
Event :
----------------------------------------------------
Stack Trace :   at Campco.Common.index.Page_Load(Object sender, EventArgs e) in D:\TFS_Projects\Campco\Campco\Common\index.aspx.cs:line 133
----------------------------------------------------
System.NullReferenceException: Object reference not set to an instance of an object.
   at Campco.Common.index.Page_Load(Object sender, EventArgs e) in D:\TFS_Projects\Campco\Campco\Common\index.aspx.cs:line 133
-------------------------END-------------------------13-04-2017 12:37:58
----------------------------------------------------
-------------------------START-------------------------13-04-2017 12:38:21
Page :index.aspx
----------------------------------------------------
Event :
----------------------------------------------------
Stack Trace :   at Campco.Common.index.Page_Load(Object sender, EventArgs e) in D:\TFS_Projects\Campco\Campco\Common\index.aspx.cs:line 133
----------------------------------------------------
System.NullReferenceException: Object reference not set to an instance of an object.
   at Campco.Common.index.Page_Load(Object sender, EventArgs e) in D:\TFS_Projects\Campco\Campco\Common\index.aspx.cs:line 133
-------------------------END-------------------------13-04-2017 12:38:21
----------------------------------------------------
