-------------------------START-------------------------30-03-2017 11:00:03
Page :index.aspx
----------------------------------------------------
Stack Trace :   at System.Threading.Thread.AbortInternal()
   at System.Threading.Thread.Abort(Object stateInfo)
   at System.Web.HttpResponse.AbortCurrentThread()
   at System.Web.HttpResponse.End()
   at System.Web.HttpResponse.Redirect(String url, Boolean endResponse, Boolean permanent)
   at System.Web.HttpResponse.Redirect(String url)
   at Campco.Common.CampcoCommon.lnkSinIn_Click(Object sender, EventArgs e) in D:\TFS_Projects\Campco\Campco\Common\CampcoCommon.Master.cs:line 261
----------------------------------------------------
System.Threading.ThreadAbortException: Thread was being aborted.
   at System.Threading.Thread.AbortInternal()
   at System.Threading.Thread.Abort(Object stateInfo)
   at System.Web.HttpResponse.AbortCurrentThread()
   at System.Web.HttpResponse.End()
   at System.Web.HttpResponse.Redirect(String url, Boolean endResponse, Boolean permanent)
   at System.Web.HttpResponse.Redirect(String url)
   at Campco.Common.CampcoCommon.lnkSinIn_Click(Object sender, EventArgs e) in D:\TFS_Projects\Campco\Campco\Common\CampcoCommon.Master.cs:line 261
-------------------------END-------------------------30-03-2017 11:00:03
----------------------------------------------------
-------------------------START-------------------------30-03-2017 11:00:16
Page :Login.aspx
----------------------------------------------------
Event :
----------------------------------------------------
Stack Trace :   at System.Threading.Thread.AbortInternal()
   at System.Threading.Thread.Abort(Object stateInfo)
   at System.Web.HttpResponse.AbortCurrentThread()
   at System.Web.HttpResponse.End()
   at System.Web.HttpResponse.Redirect(String url, Boolean endResponse, Boolean permanent)
   at System.Web.HttpResponse.Redirect(String url)
   at Campco.Common.CampcoCommon.lnkSinIn_Click(Object sender, EventArgs e) in D:\TFS_Projects\Campco\Campco\Common\CampcoCommon.Master.cs:line 261
----------------------------------------------------
System.Threading.ThreadAbortException: Thread was being aborted.
   at System.Threading.Thread.AbortInternal()
   at System.Threading.Thread.Abort(Object stateInfo)
   at System.Web.HttpResponse.AbortCurrentThread()
   at System.Web.HttpResponse.End()
   at System.Web.HttpResponse.Redirect(String url, Boolean endResponse, Boolean permanent)
   at System.Web.HttpResponse.Redirect(String url)
   at Campco.Common.CampcoCommon.lnkSinIn_Click(Object sender, EventArgs e) in D:\TFS_Projects\Campco\Campco\Common\CampcoCommon.Master.cs:line 261
-------------------------END-------------------------30-03-2017 11:00:16
----------------------------------------------------
-------------------------START-------------------------30-03-2017 11:00:51
Page :MyShippingAddress.aspx
----------------------------------------------------
Event :Get Customer Profile sample
-------------------------END-------------------------30-03-2017 11:00:51
----------------------------------------------------
-------------------------START-------------------------30-03-2017 11:00:54
Page :MyShippingAddress.aspx
----------------------------------------------------
Event :Successful.
-------------------------END-------------------------30-03-2017 11:00:54
----------------------------------------------------
-------------------------START-------------------------30-03-2017 11:00:54
Page :MyShippingAddress.aspx
----------------------------------------------------
Event :Customer Profile Id: 1218499991
-------------------------END-------------------------30-03-2017 11:00:54
----------------------------------------------------
-------------------------START-------------------------30-03-2017 11:07:24
Page :MyShippingAddress.aspx
----------------------------------------------------
Event :
----------------------------------------------------
Stack Trace :   at System.Threading.Thread.AbortInternal()
   at System.Threading.Thread.Abort(Object stateInfo)
   at System.Web.HttpResponse.AbortCurrentThread()
   at System.Web.HttpResponse.End()
   at System.Web.HttpResponse.Redirect(String url, Boolean endResponse, Boolean permanent)
   at System.Web.HttpResponse.Redirect(String url)
   at Campco.Common.CampcoCommon.txtSearch_TextChanged(Object sender, EventArgs e) in D:\TFS_Projects\Campco\Campco\Common\CampcoCommon.Master.cs:line 302
----------------------------------------------------
System.Threading.ThreadAbortException: Thread was being aborted.
   at System.Threading.Thread.AbortInternal()
   at System.Threading.Thread.Abort(Object stateInfo)
   at System.Web.HttpResponse.AbortCurrentThread()
   at System.Web.HttpResponse.End()
   at System.Web.HttpResponse.Redirect(String url, Boolean endResponse, Boolean permanent)
   at System.Web.HttpResponse.Redirect(String url)
   at Campco.Common.CampcoCommon.txtSearch_TextChanged(Object sender, EventArgs e) in D:\TFS_Projects\Campco\Campco\Common\CampcoCommon.Master.cs:line 302
-------------------------END-------------------------30-03-2017 11:07:24
----------------------------------------------------
-------------------------START-------------------------30-03-2017 11:20:58
Page :CheckOut.aspx
----------------------------------------------------
Event :Get Customer Profile sample
-------------------------END-------------------------30-03-2017 11:20:58
----------------------------------------------------
-------------------------START-------------------------30-03-2017 11:21:00
Page :CheckOut.aspx
----------------------------------------------------
Event :Successful.
-------------------------END-------------------------30-03-2017 11:21:00
----------------------------------------------------
-------------------------START-------------------------30-03-2017 11:21:00
Page :CheckOut.aspx
----------------------------------------------------
Event :Customer Profile Id: 1218499991
-------------------------END-------------------------30-03-2017 11:21:00
----------------------------------------------------
-------------------------START-------------------------30-03-2017 11:26:04
Page :CheckOut.aspx
----------------------------------------------------
Event :Get Customer Profile sample
-------------------------END-------------------------30-03-2017 11:26:04
----------------------------------------------------
-------------------------START-------------------------30-03-2017 11:26:07
Page :CheckOut.aspx
----------------------------------------------------
Event :Successful.
-------------------------END-------------------------30-03-2017 11:26:07
----------------------------------------------------
-------------------------START-------------------------30-03-2017 11:26:07
Page :CheckOut.aspx
----------------------------------------------------
Event :Customer Profile Id: 1218499991
-------------------------END-------------------------30-03-2017 11:26:07
----------------------------------------------------
-------------------------START-------------------------30-03-2017 11:26:09
Page :CheckOut.aspx
----------------------------------------------------
Event :
----------------------------------------------------
Stack Trace :   at System.Threading.Thread.AbortInternal()
   at System.Threading.Thread.Abort(Object stateInfo)
   at System.Web.HttpResponse.AbortCurrentThread()
   at System.Web.HttpResponse.End()
   at System.Web.HttpResponse.Redirect(String url, Boolean endResponse, Boolean permanent)
   at System.Web.HttpResponse.Redirect(String url)
   at Campco.Common.CampcoCommon.lnkSignout_Click(Object sender, EventArgs e) in D:\TFS_Projects\Campco\Campco\Common\CampcoCommon.Master.cs:line 282
----------------------------------------------------
System.Threading.ThreadAbortException: Thread was being aborted.
   at System.Threading.Thread.AbortInternal()
   at System.Threading.Thread.Abort(Object stateInfo)
   at System.Web.HttpResponse.AbortCurrentThread()
   at System.Web.HttpResponse.End()
   at System.Web.HttpResponse.Redirect(String url, Boolean endResponse, Boolean permanent)
   at System.Web.HttpResponse.Redirect(String url)
   at Campco.Common.CampcoCommon.lnkSignout_Click(Object sender, EventArgs e) in D:\TFS_Projects\Campco\Campco\Common\CampcoCommon.Master.cs:line 282
-------------------------END-------------------------30-03-2017 11:26:09
----------------------------------------------------
-------------------------START-------------------------30-03-2017 12:21:51
Page :Paging
----------------------------------------------------
Event :
----------------------------------------------------
Stack Trace :   at Campco.Common.ProductList.Paging(String value) in D:\TFS_Projects\Campco\Campco\Common\ProductList.aspx.cs:line 294
----------------------------------------------------
System.NullReferenceException: Object reference not set to an instance of an object.
   at Campco.Common.ProductList.Paging(String value) in D:\TFS_Projects\Campco\Campco\Common\ProductList.aspx.cs:line 294
-------------------------END-------------------------30-03-2017 12:21:51
----------------------------------------------------
-------------------------START-------------------------30-03-2017 12:22:14
Page :Paging
----------------------------------------------------
Event :
----------------------------------------------------
Stack Trace :   at Campco.Common.ProductList.Paging(String value) in D:\TFS_Projects\Campco\Campco\Common\ProductList.aspx.cs:line 294
----------------------------------------------------
System.NullReferenceException: Object reference not set to an instance of an object.
   at Campco.Common.ProductList.Paging(String value) in D:\TFS_Projects\Campco\Campco\Common\ProductList.aspx.cs:line 294
-------------------------END-------------------------30-03-2017 12:22:14
----------------------------------------------------
-------------------------START-------------------------30-03-2017 13:32:17
Page :Paging
----------------------------------------------------
Event :
----------------------------------------------------
Stack Trace :   at Campco.Common.ProductList.Paging(String value) in D:\TFS_Projects\Campco\Campco\Common\ProductList.aspx.cs:line 294
----------------------------------------------------
System.NullReferenceException: Object reference not set to an instance of an object.
   at Campco.Common.ProductList.Paging(String value) in D:\TFS_Projects\Campco\Campco\Common\ProductList.aspx.cs:line 294
-------------------------END-------------------------30-03-2017 13:32:17
----------------------------------------------------
-------------------------START-------------------------30-03-2017 13:33:02
Page :Paging
----------------------------------------------------
Event :
----------------------------------------------------
Stack Trace :   at Campco.Common.ProductList.Paging(String value) in D:\TFS_Projects\Campco\Campco\Common\ProductList.aspx.cs:line 298
----------------------------------------------------
System.NullReferenceException: Object reference not set to an instance of an object.
   at Campco.Common.ProductList.Paging(String value) in D:\TFS_Projects\Campco\Campco\Common\ProductList.aspx.cs:line 298
-------------------------END-------------------------30-03-2017 13:33:02
----------------------------------------------------
-------------------------START-------------------------30-03-2017 13:35:05
Page :Paging
----------------------------------------------------
Event :
----------------------------------------------------
Stack Trace :   at Campco.Common.ProductList.Paging(String value) in D:\TFS_Projects\Campco\Campco\Common\ProductList.aspx.cs:line 307
----------------------------------------------------
System.NullReferenceException: Object reference not set to an instance of an object.
   at Campco.Common.ProductList.Paging(String value) in D:\TFS_Projects\Campco\Campco\Common\ProductList.aspx.cs:line 307
-------------------------END-------------------------30-03-2017 13:35:05
----------------------------------------------------
-------------------------START-------------------------30-03-2017 13:35:11
Page :Paging
----------------------------------------------------
Event :
----------------------------------------------------
Stack Trace :   at Campco.Common.ProductList.Paging(String value) in D:\TFS_Projects\Campco\Campco\Common\ProductList.aspx.cs:line 307
----------------------------------------------------
System.NullReferenceException: Object reference not set to an instance of an object.
   at Campco.Common.ProductList.Paging(String value) in D:\TFS_Projects\Campco\Campco\Common\ProductList.aspx.cs:line 307
-------------------------END-------------------------30-03-2017 13:35:11
----------------------------------------------------
-------------------------START-------------------------30-03-2017 13:44:31
Page :Paging
----------------------------------------------------
Event :
----------------------------------------------------
Stack Trace :   at Campco.Common.ProductList.Paging(String value) in D:\TFS_Projects\Campco\Campco\Common\ProductList.aspx.cs:line 299
----------------------------------------------------
System.NullReferenceException: Object reference not set to an instance of an object.
   at Campco.Common.ProductList.Paging(String value) in D:\TFS_Projects\Campco\Campco\Common\ProductList.aspx.cs:line 299
-------------------------END-------------------------30-03-2017 13:44:31
----------------------------------------------------
-------------------------START-------------------------30-03-2017 13:44:34
Page :Paging
----------------------------------------------------
Event :
----------------------------------------------------
Stack Trace :   at Campco.Common.ProductList.Paging(String value) in D:\TFS_Projects\Campco\Campco\Common\ProductList.aspx.cs:line 299
----------------------------------------------------
System.NullReferenceException: Object reference not set to an instance of an object.
   at Campco.Common.ProductList.Paging(String value) in D:\TFS_Projects\Campco\Campco\Common\ProductList.aspx.cs:line 299
-------------------------END-------------------------30-03-2017 13:44:34
----------------------------------------------------
-------------------------START-------------------------30-03-2017 13:45:16
Page :Paging
----------------------------------------------------
Event :
----------------------------------------------------
Stack Trace :   at Campco.Common.ProductList.Paging(String value) in D:\TFS_Projects\Campco\Campco\Common\ProductList.aspx.cs:line 299
----------------------------------------------------
System.NullReferenceException: Object reference not set to an instance of an object.
   at Campco.Common.ProductList.Paging(String value) in D:\TFS_Projects\Campco\Campco\Common\ProductList.aspx.cs:line 299
-------------------------END-------------------------30-03-2017 13:45:16
----------------------------------------------------
-------------------------START-------------------------30-03-2017 13:45:31
Page :Paging
----------------------------------------------------
Event :
----------------------------------------------------
Stack Trace :   at Campco.Common.ProductList.Paging(String value) in D:\TFS_Projects\Campco\Campco\Common\ProductList.aspx.cs:line 299
----------------------------------------------------
System.NullReferenceException: Object reference not set to an instance of an object.
   at Campco.Common.ProductList.Paging(String value) in D:\TFS_Projects\Campco\Campco\Common\ProductList.aspx.cs:line 299
-------------------------END-------------------------30-03-2017 13:45:31
----------------------------------------------------
-------------------------START-------------------------30-03-2017 13:45:44
Page :Paging
----------------------------------------------------
Event :
----------------------------------------------------
Stack Trace :   at Campco.Common.ProductList.Paging(String value) in D:\TFS_Projects\Campco\Campco\Common\ProductList.aspx.cs:line 299
----------------------------------------------------
System.NullReferenceException: Object reference not set to an instance of an object.
   at Campco.Common.ProductList.Paging(String value) in D:\TFS_Projects\Campco\Campco\Common\ProductList.aspx.cs:line 299
-------------------------END-------------------------30-03-2017 13:45:44
----------------------------------------------------
-------------------------START-------------------------30-03-2017 13:45:51
Page :Paging
----------------------------------------------------
Event :
----------------------------------------------------
Stack Trace :   at Campco.Common.ProductList.Paging(String value) in D:\TFS_Projects\Campco\Campco\Common\ProductList.aspx.cs:line 299
----------------------------------------------------
System.NullReferenceException: Object reference not set to an instance of an object.
   at Campco.Common.ProductList.Paging(String value) in D:\TFS_Projects\Campco\Campco\Common\ProductList.aspx.cs:line 299
-------------------------END-------------------------30-03-2017 13:45:51
----------------------------------------------------
-------------------------START-------------------------30-03-2017 13:48:49
Page :Paging
----------------------------------------------------
Event :
----------------------------------------------------
Stack Trace :   at Campco.Common.ProductList.Paging(String value) in D:\TFS_Projects\Campco\Campco\Common\ProductList.aspx.cs:line 299
----------------------------------------------------
System.NullReferenceException: Object reference not set to an instance of an object.
   at Campco.Common.ProductList.Paging(String value) in D:\TFS_Projects\Campco\Campco\Common\ProductList.aspx.cs:line 299
-------------------------END-------------------------30-03-2017 13:48:49
----------------------------------------------------
-------------------------START-------------------------30-03-2017 13:48:53
Page :Paging
----------------------------------------------------
Event :
----------------------------------------------------
Stack Trace :   at Campco.Common.ProductList.Paging(String value) in D:\TFS_Projects\Campco\Campco\Common\ProductList.aspx.cs:line 299
----------------------------------------------------
System.NullReferenceException: Object reference not set to an instance of an object.
   at Campco.Common.ProductList.Paging(String value) in D:\TFS_Projects\Campco\Campco\Common\ProductList.aspx.cs:line 299
-------------------------END-------------------------30-03-2017 13:48:53
----------------------------------------------------
-------------------------START-------------------------30-03-2017 13:52:04
Page :Paging
----------------------------------------------------
Event :
----------------------------------------------------
Stack Trace :   at Campco.Common.ProductList.Paging(String value) in D:\TFS_Projects\Campco\Campco\Common\ProductList.aspx.cs:line 299
----------------------------------------------------
System.NullReferenceException: Object reference not set to an instance of an object.
   at Campco.Common.ProductList.Paging(String value) in D:\TFS_Projects\Campco\Campco\Common\ProductList.aspx.cs:line 299
-------------------------END-------------------------30-03-2017 13:52:04
----------------------------------------------------
-------------------------START-------------------------30-03-2017 13:52:10
Page :Paging
----------------------------------------------------
Event :
----------------------------------------------------
Stack Trace :   at Campco.Common.ProductList.Paging(String value) in D:\TFS_Projects\Campco\Campco\Common\ProductList.aspx.cs:line 299
----------------------------------------------------
System.NullReferenceException: Object reference not set to an instance of an object.
   at Campco.Common.ProductList.Paging(String value) in D:\TFS_Projects\Campco\Campco\Common\ProductList.aspx.cs:line 299
-------------------------END-------------------------30-03-2017 13:52:10
----------------------------------------------------
-------------------------START-------------------------30-03-2017 14:36:20
Page :Paging
----------------------------------------------------
Event :
----------------------------------------------------
Stack Trace :   at Campco.Common.ProductList.Paging(String value) in D:\TFS_Projects\Campco\Campco\Common\ProductList.aspx.cs:line 299
----------------------------------------------------
System.NullReferenceException: Object reference not set to an instance of an object.
   at Campco.Common.ProductList.Paging(String value) in D:\TFS_Projects\Campco\Campco\Common\ProductList.aspx.cs:line 299
-------------------------END-------------------------30-03-2017 14:36:20
----------------------------------------------------
-------------------------START-------------------------30-03-2017 14:36:26
Page :Paging
----------------------------------------------------
Event :
----------------------------------------------------
Stack Trace :   at Campco.Common.ProductList.Paging(String value) in D:\TFS_Projects\Campco\Campco\Common\ProductList.aspx.cs:line 299
----------------------------------------------------
System.NullReferenceException: Object reference not set to an instance of an object.
   at Campco.Common.ProductList.Paging(String value) in D:\TFS_Projects\Campco\Campco\Common\ProductList.aspx.cs:line 299
-------------------------END-------------------------30-03-2017 14:36:26
----------------------------------------------------
-------------------------START-------------------------30-03-2017 14:36:37
Page :Paging
----------------------------------------------------
Event :
----------------------------------------------------
Stack Trace :   at Campco.Common.ProductList.Paging(String value) in D:\TFS_Projects\Campco\Campco\Common\ProductList.aspx.cs:line 299
----------------------------------------------------
System.NullReferenceException: Object reference not set to an instance of an object.
   at Campco.Common.ProductList.Paging(String value) in D:\TFS_Projects\Campco\Campco\Common\ProductList.aspx.cs:line 299
-------------------------END-------------------------30-03-2017 14:36:37
----------------------------------------------------
-------------------------START-------------------------30-03-2017 14:36:40
Page :Paging
----------------------------------------------------
Event :
----------------------------------------------------
Stack Trace :   at Campco.Common.ProductList.Paging(String value) in D:\TFS_Projects\Campco\Campco\Common\ProductList.aspx.cs:line 299
----------------------------------------------------
System.NullReferenceException: Object reference not set to an instance of an object.
   at Campco.Common.ProductList.Paging(String value) in D:\TFS_Projects\Campco\Campco\Common\ProductList.aspx.cs:line 299
-------------------------END-------------------------30-03-2017 14:36:40
----------------------------------------------------
-------------------------START-------------------------30-03-2017 15:37:46
Page :Paging
----------------------------------------------------
Event :
----------------------------------------------------
Stack Trace :   at Campco.Common.ProductList.Paging(String value) in D:\TFS_Projects\Campco\Campco\Common\ProductList.aspx.cs:line 299
----------------------------------------------------
System.NullReferenceException: Object reference not set to an instance of an object.
   at Campco.Common.ProductList.Paging(String value) in D:\TFS_Projects\Campco\Campco\Common\ProductList.aspx.cs:line 299
-------------------------END-------------------------30-03-2017 15:37:46
----------------------------------------------------
-------------------------START-------------------------30-03-2017 15:37:50
Page :Paging
----------------------------------------------------
Event :
----------------------------------------------------
Stack Trace :   at Campco.Common.ProductList.Paging(String value) in D:\TFS_Projects\Campco\Campco\Common\ProductList.aspx.cs:line 299
----------------------------------------------------
System.NullReferenceException: Object reference not set to an instance of an object.
   at Campco.Common.ProductList.Paging(String value) in D:\TFS_Projects\Campco\Campco\Common\ProductList.aspx.cs:line 299
-------------------------END-------------------------30-03-2017 15:37:50
----------------------------------------------------
-------------------------START-------------------------30-03-2017 15:40:50
Page :Paging
----------------------------------------------------
Event :
----------------------------------------------------
Stack Trace :   at Campco.Common.ProductList.Paging(String value) in D:\TFS_Projects\Campco\Campco\Common\ProductList.aspx.cs:line 317
----------------------------------------------------
System.NullReferenceException: Object reference not set to an instance of an object.
   at Campco.Common.ProductList.Paging(String value) in D:\TFS_Projects\Campco\Campco\Common\ProductList.aspx.cs:line 317
-------------------------END-------------------------30-03-2017 15:40:50
----------------------------------------------------
-------------------------START-------------------------30-03-2017 15:41:37
Page :Paging
----------------------------------------------------
Event :
----------------------------------------------------
Stack Trace :   at Campco.Common.ProductList.Paging(String value) in D:\TFS_Projects\Campco\Campco\Common\ProductList.aspx.cs:line 317
----------------------------------------------------
System.NullReferenceException: Object reference not set to an instance of an object.
   at Campco.Common.ProductList.Paging(String value) in D:\TFS_Projects\Campco\Campco\Common\ProductList.aspx.cs:line 317
-------------------------END-------------------------30-03-2017 15:41:37
----------------------------------------------------
-------------------------START-------------------------30-03-2017 15:43:55
Page :Paging
----------------------------------------------------
Event :
----------------------------------------------------
Stack Trace :   at Campco.Common.ProductList.Paging(String value) in D:\TFS_Projects\Campco\Campco\Common\ProductList.aspx.cs:line 317
----------------------------------------------------
System.NullReferenceException: Object reference not set to an instance of an object.
   at Campco.Common.ProductList.Paging(String value) in D:\TFS_Projects\Campco\Campco\Common\ProductList.aspx.cs:line 317
-------------------------END-------------------------30-03-2017 15:43:55
----------------------------------------------------
-------------------------START-------------------------30-03-2017 15:44:09
Page :Paging
----------------------------------------------------
Event :
----------------------------------------------------
Stack Trace :   at Campco.Common.ProductList.Paging(String value) in D:\TFS_Projects\Campco\Campco\Common\ProductList.aspx.cs:line 317
----------------------------------------------------
System.NullReferenceException: Object reference not set to an instance of an object.
   at Campco.Common.ProductList.Paging(String value) in D:\TFS_Projects\Campco\Campco\Common\ProductList.aspx.cs:line 317
-------------------------END-------------------------30-03-2017 15:44:09
----------------------------------------------------
-------------------------START-------------------------30-03-2017 15:44:22
Page :Paging
----------------------------------------------------
Event :
----------------------------------------------------
Stack Trace :   at Campco.Common.ProductList.Paging(String value) in D:\TFS_Projects\Campco\Campco\Common\ProductList.aspx.cs:line 317
----------------------------------------------------
System.NullReferenceException: Object reference not set to an instance of an object.
   at Campco.Common.ProductList.Paging(String value) in D:\TFS_Projects\Campco\Campco\Common\ProductList.aspx.cs:line 317
-------------------------END-------------------------30-03-2017 15:44:22
----------------------------------------------------
-------------------------START-------------------------30-03-2017 15:49:41
Page :Paging
----------------------------------------------------
Event :
----------------------------------------------------
Stack Trace :   at Campco.Common.ProductList.Paging(String value) in D:\TFS_Projects\Campco\Campco\Common\ProductList.aspx.cs:line 317
----------------------------------------------------
System.NullReferenceException: Object reference not set to an instance of an object.
   at Campco.Common.ProductList.Paging(String value) in D:\TFS_Projects\Campco\Campco\Common\ProductList.aspx.cs:line 317
-------------------------END-------------------------30-03-2017 15:49:41
----------------------------------------------------
-------------------------START-------------------------30-03-2017 15:50:56
Page :Paging
----------------------------------------------------
Event :
----------------------------------------------------
Stack Trace :   at Campco.Common.ProductList.Paging(String value) in D:\TFS_Projects\Campco\Campco\Common\ProductList.aspx.cs:line 317
----------------------------------------------------
System.NullReferenceException: Object reference not set to an instance of an object.
   at Campco.Common.ProductList.Paging(String value) in D:\TFS_Projects\Campco\Campco\Common\ProductList.aspx.cs:line 317
-------------------------END-------------------------30-03-2017 15:50:56
----------------------------------------------------
-------------------------START-------------------------30-03-2017 15:51:10
Page :Paging
----------------------------------------------------
Event :
----------------------------------------------------
Stack Trace :   at Campco.Common.ProductList.Paging(String value) in D:\TFS_Projects\Campco\Campco\Common\ProductList.aspx.cs:line 317
----------------------------------------------------
System.NullReferenceException: Object reference not set to an instance of an object.
   at Campco.Common.ProductList.Paging(String value) in D:\TFS_Projects\Campco\Campco\Common\ProductList.aspx.cs:line 317
-------------------------END-------------------------30-03-2017 15:51:10
----------------------------------------------------
-------------------------START-------------------------30-03-2017 15:51:26
Page :Paging
----------------------------------------------------
Event :
----------------------------------------------------
Stack Trace :   at Campco.Common.ProductList.Paging(String value) in D:\TFS_Projects\Campco\Campco\Common\ProductList.aspx.cs:line 317
----------------------------------------------------
System.NullReferenceException: Object reference not set to an instance of an object.
   at Campco.Common.ProductList.Paging(String value) in D:\TFS_Projects\Campco\Campco\Common\ProductList.aspx.cs:line 317
-------------------------END-------------------------30-03-2017 15:51:26
----------------------------------------------------
-------------------------START-------------------------30-03-2017 15:54:01
Page :Paging
----------------------------------------------------
Event :
----------------------------------------------------
Stack Trace :   at Campco.Common.ProductList.Paging(String value) in D:\TFS_Projects\Campco\Campco\Common\ProductList.aspx.cs:line 317
----------------------------------------------------
System.NullReferenceException: Object reference not set to an instance of an object.
   at Campco.Common.ProductList.Paging(String value) in D:\TFS_Projects\Campco\Campco\Common\ProductList.aspx.cs:line 317
-------------------------END-------------------------30-03-2017 15:54:01
----------------------------------------------------
-------------------------START-------------------------30-03-2017 15:54:15
Page :Paging
----------------------------------------------------
Event :
----------------------------------------------------
Stack Trace :   at Campco.Common.ProductList.Paging(String value) in D:\TFS_Projects\Campco\Campco\Common\ProductList.aspx.cs:line 317
----------------------------------------------------
System.NullReferenceException: Object reference not set to an instance of an object.
   at Campco.Common.ProductList.Paging(String value) in D:\TFS_Projects\Campco\Campco\Common\ProductList.aspx.cs:line 317
-------------------------END-------------------------30-03-2017 15:54:15
----------------------------------------------------
-------------------------START-------------------------30-03-2017 15:54:29
Page :Paging
----------------------------------------------------
Event :
----------------------------------------------------
Stack Trace :   at Campco.Common.ProductList.Paging(String value) in D:\TFS_Projects\Campco\Campco\Common\ProductList.aspx.cs:line 317
----------------------------------------------------
System.NullReferenceException: Object reference not set to an instance of an object.
   at Campco.Common.ProductList.Paging(String value) in D:\TFS_Projects\Campco\Campco\Common\ProductList.aspx.cs:line 317
-------------------------END-------------------------30-03-2017 15:54:29
----------------------------------------------------
-------------------------START-------------------------30-03-2017 15:54:42
Page :Paging
----------------------------------------------------
Event :
----------------------------------------------------
Stack Trace :   at Campco.Common.ProductList.Paging(String value) in D:\TFS_Projects\Campco\Campco\Common\ProductList.aspx.cs:line 317
----------------------------------------------------
System.NullReferenceException: Object reference not set to an instance of an object.
   at Campco.Common.ProductList.Paging(String value) in D:\TFS_Projects\Campco\Campco\Common\ProductList.aspx.cs:line 317
-------------------------END-------------------------30-03-2017 15:54:42
----------------------------------------------------
-------------------------START-------------------------30-03-2017 16:12:14
Page :Paging
----------------------------------------------------
Event :
----------------------------------------------------
Stack Trace :   at Campco.Common.ProductList.Paging(String value) in D:\TFS_Projects\Campco\Campco\Common\ProductList.aspx.cs:line 317
----------------------------------------------------
System.NullReferenceException: Object reference not set to an instance of an object.
   at Campco.Common.ProductList.Paging(String value) in D:\TFS_Projects\Campco\Campco\Common\ProductList.aspx.cs:line 317
-------------------------END-------------------------30-03-2017 16:12:14
----------------------------------------------------
-------------------------START-------------------------30-03-2017 16:25:30
Page :index.aspx
----------------------------------------------------
Event :
----------------------------------------------------
Stack Trace :   at System.Threading.Thread.AbortInternal()
   at System.Threading.Thread.Abort(Object stateInfo)
   at System.Web.HttpResponse.AbortCurrentThread()
   at System.Web.HttpResponse.End()
   at System.Web.HttpResponse.Redirect(String url, Boolean endResponse, Boolean permanent)
   at System.Web.HttpResponse.Redirect(String url)
   at Campco.Common.CampcoCommon.lnkSinIn_Click(Object sender, EventArgs e) in D:\TFS_Projects\Campco\Campco\Common\CampcoCommon.Master.cs:line 261
----------------------------------------------------
System.Threading.ThreadAbortException: Thread was being aborted.
   at System.Threading.Thread.AbortInternal()
   at System.Threading.Thread.Abort(Object stateInfo)
   at System.Web.HttpResponse.AbortCurrentThread()
   at System.Web.HttpResponse.End()
   at System.Web.HttpResponse.Redirect(String url, Boolean endResponse, Boolean permanent)
   at System.Web.HttpResponse.Redirect(String url)
   at Campco.Common.CampcoCommon.lnkSinIn_Click(Object sender, EventArgs e) in D:\TFS_Projects\Campco\Campco\Common\CampcoCommon.Master.cs:line 261
-------------------------END-------------------------30-03-2017 16:25:30
----------------------------------------------------
-------------------------START-------------------------30-03-2017 16:25:59
Page :MyCard.aspx
----------------------------------------------------
Event :Get Customer Profile sample
-------------------------END-------------------------30-03-2017 16:25:59
----------------------------------------------------
-------------------------START-------------------------30-03-2017 16:26:02
Page :MyCard.aspx
----------------------------------------------------
Event :Successful.
-------------------------END-------------------------30-03-2017 16:26:02
----------------------------------------------------
-------------------------START-------------------------30-03-2017 16:26:02
Page :MyCard.aspx
----------------------------------------------------
Event :Customer Profile Id: 1218499991
-------------------------END-------------------------30-03-2017 16:26:02
----------------------------------------------------
-------------------------START-------------------------30-03-2017 16:26:14
Page :MyCard.aspx
----------------------------------------------------
Event :Get Customer Profile sample
-------------------------END-------------------------30-03-2017 16:26:14
----------------------------------------------------
-------------------------START-------------------------30-03-2017 16:26:17
Page :MyCard.aspx
----------------------------------------------------
Event :Successful.
-------------------------END-------------------------30-03-2017 16:26:17
----------------------------------------------------
-------------------------START-------------------------30-03-2017 16:26:17
Page :MyCard.aspx
----------------------------------------------------
Event :Customer Profile Id: 1218499991
-------------------------END-------------------------30-03-2017 16:26:17
----------------------------------------------------
-------------------------START-------------------------30-03-2017 16:28:03
Page :MyShippingAddress.aspx
----------------------------------------------------
Event :Get Customer Profile sample
-------------------------END-------------------------30-03-2017 16:28:03
----------------------------------------------------
-------------------------START-------------------------30-03-2017 16:28:06
Page :MyShippingAddress.aspx
----------------------------------------------------
Event :Successful.
-------------------------END-------------------------30-03-2017 16:28:06
----------------------------------------------------
-------------------------START-------------------------30-03-2017 16:28:06
Page :MyShippingAddress.aspx
----------------------------------------------------
Event :Customer Profile Id: 1218499991
-------------------------END-------------------------30-03-2017 16:28:06
----------------------------------------------------
-------------------------START-------------------------30-03-2017 16:28:54
Page :MyShippingAddress.aspx
----------------------------------------------------
Event :Get Customer Profile sample
-------------------------END-------------------------30-03-2017 16:28:54
----------------------------------------------------
-------------------------START-------------------------30-03-2017 16:28:56
Page :MyShippingAddress.aspx
----------------------------------------------------
Event :Successful.
-------------------------END-------------------------30-03-2017 16:28:56
----------------------------------------------------
-------------------------START-------------------------30-03-2017 16:28:56
Page :MyShippingAddress.aspx
----------------------------------------------------
Event :Customer Profile Id: 1218499991
-------------------------END-------------------------30-03-2017 16:28:56
----------------------------------------------------
-------------------------START-------------------------30-03-2017 16:29:03
Page :MyShippingAddress.aspx
----------------------------------------------------
Event :Get Customer Profile sample
-------------------------END-------------------------30-03-2017 16:29:03
----------------------------------------------------
-------------------------START-------------------------30-03-2017 16:29:04
Page :MyShippingAddress.aspx
----------------------------------------------------
Event :Successful.
-------------------------END-------------------------30-03-2017 16:29:04
----------------------------------------------------
-------------------------START-------------------------30-03-2017 16:29:04
Page :MyShippingAddress.aspx
----------------------------------------------------
Event :Customer Profile Id: 1218499991
-------------------------END-------------------------30-03-2017 16:29:04
----------------------------------------------------
-------------------------START-------------------------30-03-2017 16:29:22
Page :deleteAddress
----------------------------------------------------
Event :DeleteCustomerShippingAddress Sample
-------------------------END-------------------------30-03-2017 16:29:22
----------------------------------------------------
-------------------------START-------------------------30-03-2017 16:29:24
Page :deleteAddress
----------------------------------------------------
Event :Success, ResultCode : Ok
-------------------------END-------------------------30-03-2017 16:29:24
----------------------------------------------------
-------------------------START-------------------------30-03-2017 16:29:26
Page :MyShippingAddress.aspx
----------------------------------------------------
Event :Get Customer Profile sample
-------------------------END-------------------------30-03-2017 16:29:26
----------------------------------------------------
-------------------------START-------------------------30-03-2017 16:29:27
Page :MyShippingAddress.aspx
----------------------------------------------------
Event :Successful.
-------------------------END-------------------------30-03-2017 16:29:27
----------------------------------------------------
-------------------------START-------------------------30-03-2017 16:29:27
Page :MyShippingAddress.aspx
----------------------------------------------------
Event :Customer Profile Id: 1218499991
-------------------------END-------------------------30-03-2017 16:29:27
----------------------------------------------------
-------------------------START-------------------------30-03-2017 16:29:31
Page :deleteAddress
----------------------------------------------------
Event :DeleteCustomerShippingAddress Sample
-------------------------END-------------------------30-03-2017 16:29:31
----------------------------------------------------
-------------------------START-------------------------30-03-2017 16:29:32
Page :deleteAddress
----------------------------------------------------
Event :Success, ResultCode : Ok
-------------------------END-------------------------30-03-2017 16:29:32
----------------------------------------------------
-------------------------START-------------------------30-03-2017 16:29:33
Page :MyShippingAddress.aspx
----------------------------------------------------
Event :Get Customer Profile sample
-------------------------END-------------------------30-03-2017 16:29:33
----------------------------------------------------
-------------------------START-------------------------30-03-2017 16:29:34
Page :MyShippingAddress.aspx
----------------------------------------------------
Event :Successful.
-------------------------END-------------------------30-03-2017 16:29:34
----------------------------------------------------
-------------------------START-------------------------30-03-2017 16:29:34
Page :MyShippingAddress.aspx
----------------------------------------------------
Event :Customer Profile Id: 1218499991
-------------------------END-------------------------30-03-2017 16:29:34
----------------------------------------------------
-------------------------START-------------------------30-03-2017 16:32:38
Page :Paging
----------------------------------------------------
Event :
----------------------------------------------------
Stack Trace :   at Campco.Common.ProductList.Paging(String value) in D:\TFS_Projects\Campco\Campco\Common\ProductList.aspx.cs:line 317
----------------------------------------------------
System.NullReferenceException: Object reference not set to an instance of an object.
   at Campco.Common.ProductList.Paging(String value) in D:\TFS_Projects\Campco\Campco\Common\ProductList.aspx.cs:line 317
-------------------------END-------------------------30-03-2017 16:32:38
----------------------------------------------------
-------------------------START-------------------------30-03-2017 16:40:01
Page :Paging
----------------------------------------------------
Event :
----------------------------------------------------
Stack Trace :   at Campco.Common.ProductList.Paging(String value) in D:\TFS_Projects\Campco\Campco\Common\ProductList.aspx.cs:line 317
----------------------------------------------------
System.NullReferenceException: Object reference not set to an instance of an object.
   at Campco.Common.ProductList.Paging(String value) in D:\TFS_Projects\Campco\Campco\Common\ProductList.aspx.cs:line 317
-------------------------END-------------------------30-03-2017 16:40:01
----------------------------------------------------
-------------------------START-------------------------30-03-2017 16:41:50
Page :Paging
----------------------------------------------------
Event :
----------------------------------------------------
Stack Trace :   at Campco.Common.ProductList.Paging(String value) in D:\TFS_Projects\Campco\Campco\Common\ProductList.aspx.cs:line 317
----------------------------------------------------
System.NullReferenceException: Object reference not set to an instance of an object.
   at Campco.Common.ProductList.Paging(String value) in D:\TFS_Projects\Campco\Campco\Common\ProductList.aspx.cs:line 317
-------------------------END-------------------------30-03-2017 16:41:50
----------------------------------------------------
-------------------------START-------------------------30-03-2017 16:44:39
Page :Paging
----------------------------------------------------
Event :
----------------------------------------------------
Stack Trace :   at Campco.Common.ProductList.Paging(String value) in D:\TFS_Projects\Campco\Campco\Common\ProductList.aspx.cs:line 317
----------------------------------------------------
System.NullReferenceException: Object reference not set to an instance of an object.
   at Campco.Common.ProductList.Paging(String value) in D:\TFS_Projects\Campco\Campco\Common\ProductList.aspx.cs:line 317
-------------------------END-------------------------30-03-2017 16:44:39
----------------------------------------------------
-------------------------START-------------------------30-03-2017 16:46:49
Page :Paging
----------------------------------------------------
Event :
----------------------------------------------------
Stack Trace :   at Campco.Common.ProductList.Paging(String value) in D:\TFS_Projects\Campco\Campco\Common\ProductList.aspx.cs:line 317
----------------------------------------------------
System.NullReferenceException: Object reference not set to an instance of an object.
   at Campco.Common.ProductList.Paging(String value) in D:\TFS_Projects\Campco\Campco\Common\ProductList.aspx.cs:line 317
-------------------------END-------------------------30-03-2017 16:46:49
----------------------------------------------------
-------------------------START-------------------------30-03-2017 16:53:07
Page :productList.aspx
----------------------------------------------------
Event :
----------------------------------------------------
Stack Trace :   at System.Web.UI.UpdatePanel.Update()
   at Campco.Common.ProductList.ddlSearchcriteria_SelectedIndexChanged(Object sender, EventArgs e) in D:\TFS_Projects\Campco\Campco\Common\ProductList.aspx.cs:line 202
----------------------------------------------------
System.InvalidOperationException: The Update method can only be called on UpdatePanel with ID 'UpdatePanel1' when UpdateMode is set to Conditional.
   at System.Web.UI.UpdatePanel.Update()
   at Campco.Common.ProductList.ddlSearchcriteria_SelectedIndexChanged(Object sender, EventArgs e) in D:\TFS_Projects\Campco\Campco\Common\ProductList.aspx.cs:line 202
-------------------------END-------------------------30-03-2017 16:53:07
----------------------------------------------------
-------------------------START-------------------------30-03-2017 16:53:14
Page :productList.aspx
----------------------------------------------------
Event :
----------------------------------------------------
Stack Trace :   at System.Web.UI.UpdatePanel.Update()
   at Campco.Common.ProductList.btnfilter_click(Object sender, EventArgs e) in D:\TFS_Projects\Campco\Campco\Common\ProductList.aspx.cs:line 163
----------------------------------------------------
System.InvalidOperationException: The Update method can only be called on UpdatePanel with ID 'UpdatePanel1' when UpdateMode is set to Conditional.
   at System.Web.UI.UpdatePanel.Update()
   at Campco.Common.ProductList.btnfilter_click(Object sender, EventArgs e) in D:\TFS_Projects\Campco\Campco\Common\ProductList.aspx.cs:line 163
-------------------------END-------------------------30-03-2017 16:53:14
----------------------------------------------------
-------------------------START-------------------------30-03-2017 16:59:49
Page :productList.aspx
----------------------------------------------------
Event :
----------------------------------------------------
Stack Trace :   at Campco.Common.ProductList.btnfilter_click(Object sender, EventArgs e) in D:\TFS_Projects\Campco\Campco\Common\ProductList.aspx.cs:line 154
----------------------------------------------------
System.NullReferenceException: Object reference not set to an instance of an object.
   at Campco.Common.ProductList.btnfilter_click(Object sender, EventArgs e) in D:\TFS_Projects\Campco\Campco\Common\ProductList.aspx.cs:line 154
-------------------------END-------------------------30-03-2017 16:59:49
----------------------------------------------------
-------------------------START-------------------------30-03-2017 17:00:08
Page :productList.aspx
----------------------------------------------------
Event :
----------------------------------------------------
Stack Trace :   at Campco.Common.ProductList.ddlSearchcriteria_SelectedIndexChanged(Object sender, EventArgs e) in D:\TFS_Projects\Campco\Campco\Common\ProductList.aspx.cs:line 194
----------------------------------------------------
System.NullReferenceException: Object reference not set to an instance of an object.
   at Campco.Common.ProductList.ddlSearchcriteria_SelectedIndexChanged(Object sender, EventArgs e) in D:\TFS_Projects\Campco\Campco\Common\ProductList.aspx.cs:line 194
-------------------------END-------------------------30-03-2017 17:00:08
----------------------------------------------------
